vocabulary size: 137
n tunes: 23636
n train tunes: 22452.0
n validation tunes: 1184.0
min, max length 48 1954
Building the model
  number of parameters: 5621722
  layer output shapes:               #params:   output shape:
    InputLayer                       0          (32, None)
    EmbeddingLayer                   18769      (32, None, 137)
    InputLayer                       0          (32, None)
    LSTMLayer                        1332224    (32, None, 512)
    DropoutLayer                     0          (32, None, 512)
    LSTMLayer                        2100224    (32, None, 512)
    DropoutLayer                     0          (32, None, 512)
    LSTMLayer                        2100224    (32, None, 512)
    DropoutLayer                     0          (32, None, 512)
    ReshapeLayer                     0          (None, 512)
    DenseLayer                       70281      (None, 137)
Train model
1/3508 (epoch 0.001) train_loss=3433.21009954 time/batch=19.23s
2/3508 (epoch 0.003) train_loss=2831.05730119 time/batch=16.39s
3/3508 (epoch 0.004) train_loss=2288.89012350 time/batch=11.26s
4/3508 (epoch 0.006) train_loss=462.86281013 time/batch=3.30s
5/3508 (epoch 0.007) train_loss=361.26549257 time/batch=2.87s
6/3508 (epoch 0.009) train_loss=1338.39092185 time/batch=10.48s
7/3508 (epoch 0.010) train_loss=1111.06538751 time/batch=8.12s
8/3508 (epoch 0.011) train_loss=2074.58093157 time/batch=14.86s
9/3508 (epoch 0.013) train_loss=639.66551465 time/batch=4.45s
10/3508 (epoch 0.014) train_loss=895.28591695 time/batch=6.77s
11/3508 (epoch 0.016) train_loss=2478.44478146 time/batch=21.06s
12/3508 (epoch 0.017) train_loss=2499.79603567 time/batch=23.57s
13/3508 (epoch 0.019) train_loss=729.74373934 time/batch=5.78s
14/3508 (epoch 0.020) train_loss=798.21900880 time/batch=6.44s
15/3508 (epoch 0.021) train_loss=1555.92824020 time/batch=12.61s
16/3508 (epoch 0.023) train_loss=624.05367879 time/batch=5.08s
17/3508 (epoch 0.024) train_loss=1473.43853662 time/batch=12.81s
18/3508 (epoch 0.026) train_loss=1643.79314968 time/batch=13.60s
19/3508 (epoch 0.027) train_loss=1724.25774997 time/batch=13.90s
20/3508 (epoch 0.029) train_loss=1939.54737333 time/batch=24.37s
21/3508 (epoch 0.030) train_loss=326.86021378 time/batch=2.62s
22/3508 (epoch 0.031) train_loss=583.87140286 time/batch=4.67s
23/3508 (epoch 0.033) train_loss=712.05706232 time/batch=5.81s
24/3508 (epoch 0.034) train_loss=1385.44359975 time/batch=11.20s
25/3508 (epoch 0.036) train_loss=748.91661792 time/batch=6.24s
26/3508 (epoch 0.037) train_loss=1387.64854386 time/batch=11.48s
27/3508 (epoch 0.038) train_loss=1082.04157041 time/batch=8.87s
28/3508 (epoch 0.040) train_loss=487.94202309 time/batch=4.13s
29/3508 (epoch 0.041) train_loss=937.99882177 time/batch=8.03s
30/3508 (epoch 0.043) train_loss=232.72063665 time/batch=1.99s
31/3508 (epoch 0.044) train_loss=203.99584109 time/batch=1.74s
32/3508 (epoch 0.046) train_loss=769.83329303 time/batch=6.26s
33/3508 (epoch 0.047) train_loss=2009.42749904 time/batch=25.38s
34/3508 (epoch 0.048) train_loss=1249.89209324 time/batch=9.77s
35/3508 (epoch 0.050) train_loss=204.94888598 time/batch=1.80s
36/3508 (epoch 0.051) train_loss=1293.58876391 time/batch=10.09s
37/3508 (epoch 0.053) train_loss=1063.65780954 time/batch=8.81s
38/3508 (epoch 0.054) train_loss=798.06627866 time/batch=6.60s
39/3508 (epoch 0.056) train_loss=571.00644922 time/batch=4.73s
40/3508 (epoch 0.057) train_loss=943.95339929 time/batch=12.06s
41/3508 (epoch 0.058) train_loss=413.63731454 time/batch=7.67s
42/3508 (epoch 0.060) train_loss=955.93720863 time/batch=17.95s
43/3508 (epoch 0.061) train_loss=1081.83483084 time/batch=20.06s
44/3508 (epoch 0.063) train_loss=337.33869993 time/batch=6.50s
45/3508 (epoch 0.064) train_loss=376.29345391 time/batch=7.10s
46/3508 (epoch 0.066) train_loss=551.95799456 time/batch=10.50s
47/3508 (epoch 0.067) train_loss=1099.79890118 time/batch=19.78s
48/3508 (epoch 0.068) train_loss=1023.04807351 time/batch=18.87s
49/3508 (epoch 0.070) train_loss=1284.47103482 time/batch=24.30s
50/3508 (epoch 0.071) train_loss=327.60043439 time/batch=6.15s
51/3508 (epoch 0.073) train_loss=461.86465872 time/batch=9.01s
52/3508 (epoch 0.074) train_loss=632.45770643 time/batch=11.55s
53/3508 (epoch 0.076) train_loss=465.77527928 time/batch=8.88s
54/3508 (epoch 0.077) train_loss=906.00171816 time/batch=17.16s
55/3508 (epoch 0.078) train_loss=331.24080714 time/batch=6.34s
56/3508 (epoch 0.080) train_loss=248.33990323 time/batch=4.86s
57/3508 (epoch 0.081) train_loss=1124.74361819 time/batch=20.62s
58/3508 (epoch 0.083) train_loss=340.24132398 time/batch=6.74s
59/3508 (epoch 0.084) train_loss=700.93432509 time/batch=12.53s
60/3508 (epoch 0.086) train_loss=994.54419991 time/batch=18.01s
61/3508 (epoch 0.087) train_loss=536.65559511 time/batch=10.12s
62/3508 (epoch 0.088) train_loss=698.24126943 time/batch=13.29s
63/3508 (epoch 0.090) train_loss=697.16310246 time/batch=12.72s
64/3508 (epoch 0.091) train_loss=179.33635628 time/batch=3.54s
65/3508 (epoch 0.093) train_loss=1283.81158487 time/batch=26.09s
66/3508 (epoch 0.094) train_loss=549.82542052 time/batch=10.08s
67/3508 (epoch 0.095) train_loss=671.87598103 time/batch=12.14s
68/3508 (epoch 0.097) train_loss=896.42053668 time/batch=17.10s
69/3508 (epoch 0.098) train_loss=540.26023022 time/batch=10.30s
70/3508 (epoch 0.100) train_loss=375.04318786 time/batch=7.29s
71/3508 (epoch 0.101) train_loss=1188.53186912 time/batch=21.75s
72/3508 (epoch 0.103) train_loss=835.02680489 time/batch=15.63s
73/3508 (epoch 0.104) train_loss=303.86556025 time/batch=5.79s
74/3508 (epoch 0.105) train_loss=852.63134210 time/batch=15.80s
75/3508 (epoch 0.107) train_loss=3402.50572245 time/batch=116.03s
76/3508 (epoch 0.108) train_loss=341.44950785 time/batch=6.36s
77/3508 (epoch 0.110) train_loss=729.96546315 time/batch=13.53s
78/3508 (epoch 0.111) train_loss=530.95401224 time/batch=10.07s
79/3508 (epoch 0.113) train_loss=326.32577495 time/batch=6.39s
80/3508 (epoch 0.114) train_loss=262.74397504 time/batch=5.27s
81/3508 (epoch 0.115) train_loss=458.89505630 time/batch=8.81s
82/3508 (epoch 0.117) train_loss=698.10188377 time/batch=12.94s
83/3508 (epoch 0.118) train_loss=1171.72304539 time/batch=21.29s
84/3508 (epoch 0.120) train_loss=991.34284906 time/batch=18.27s
85/3508 (epoch 0.121) train_loss=803.40585425 time/batch=14.50s
86/3508 (epoch 0.123) train_loss=845.01636555 time/batch=16.06s
87/3508 (epoch 0.124) train_loss=317.44173370 time/batch=6.14s
88/3508 (epoch 0.125) train_loss=903.22286727 time/batch=17.06s
89/3508 (epoch 0.127) train_loss=785.91106943 time/batch=14.64s
90/3508 (epoch 0.128) train_loss=811.82954618 time/batch=15.03s
91/3508 (epoch 0.130) train_loss=1180.28306244 time/batch=22.23s
92/3508 (epoch 0.131) train_loss=730.87883644 time/batch=13.90s
93/3508 (epoch 0.133) train_loss=783.85185575 time/batch=14.83s
94/3508 (epoch 0.134) train_loss=350.59062019 time/batch=6.89s
95/3508 (epoch 0.135) train_loss=948.12241321 time/batch=17.38s
96/3508 (epoch 0.137) train_loss=621.42954044 time/batch=11.76s
97/3508 (epoch 0.138) train_loss=167.92304857 time/batch=3.61s
98/3508 (epoch 0.140) train_loss=494.24417796 time/batch=9.43s
99/3508 (epoch 0.141) train_loss=893.57005101 time/batch=16.77s
100/3508 (epoch 0.143) train_loss=744.34067882 time/batch=13.53s
101/3508 (epoch 0.144) train_loss=559.43316834 time/batch=10.60s
102/3508 (epoch 0.145) train_loss=1077.82436765 time/batch=20.08s
103/3508 (epoch 0.147) train_loss=719.63478941 time/batch=13.68s
104/3508 (epoch 0.148) train_loss=486.89866322 time/batch=9.23s
105/3508 (epoch 0.150) train_loss=851.90855065 time/batch=16.07s
106/3508 (epoch 0.151) train_loss=222.29938419 time/batch=4.41s
107/3508 (epoch 0.153) train_loss=234.38323981 time/batch=4.57s
108/3508 (epoch 0.154) train_loss=721.50905083 time/batch=8.53s
109/3508 (epoch 0.155) train_loss=445.21191753 time/batch=3.90s
110/3508 (epoch 0.157) train_loss=609.47230437 time/batch=5.19s
111/3508 (epoch 0.158) train_loss=997.35981581 time/batch=8.64s
112/3508 (epoch 0.160) train_loss=875.71830488 time/batch=7.41s
113/3508 (epoch 0.161) train_loss=1099.23127603 time/batch=9.34s
114/3508 (epoch 0.162) train_loss=372.08109607 time/batch=3.29s
115/3508 (epoch 0.164) train_loss=983.10200553 time/batch=8.27s
116/3508 (epoch 0.165) train_loss=1032.08365020 time/batch=8.48s
117/3508 (epoch 0.167) train_loss=665.33376880 time/batch=5.77s
118/3508 (epoch 0.168) train_loss=1067.41256403 time/batch=8.93s
119/3508 (epoch 0.170) train_loss=674.71931277 time/batch=5.63s
120/3508 (epoch 0.171) train_loss=771.98274710 time/batch=6.37s
121/3508 (epoch 0.172) train_loss=614.72538716 time/batch=5.26s
122/3508 (epoch 0.174) train_loss=454.28646869 time/batch=3.95s
123/3508 (epoch 0.175) train_loss=483.82842487 time/batch=4.17s
124/3508 (epoch 0.177) train_loss=191.35356789 time/batch=1.84s
125/3508 (epoch 0.178) train_loss=654.59503933 time/batch=5.36s
126/3508 (epoch 0.180) train_loss=301.61066529 time/batch=2.63s
127/3508 (epoch 0.181) train_loss=217.76582301 time/batch=2.01s
128/3508 (epoch 0.182) train_loss=840.77235882 time/batch=7.06s
129/3508 (epoch 0.184) train_loss=1145.08965435 time/batch=9.46s
130/3508 (epoch 0.185) train_loss=579.93401717 time/batch=4.97s
131/3508 (epoch 0.187) train_loss=406.53794776 time/batch=3.48s
132/3508 (epoch 0.188) train_loss=982.88175407 time/batch=8.38s
133/3508 (epoch 0.190) train_loss=529.17620394 time/batch=4.48s
134/3508 (epoch 0.191) train_loss=816.41052945 time/batch=6.69s
135/3508 (epoch 0.192) train_loss=784.12520928 time/batch=6.55s
136/3508 (epoch 0.194) train_loss=877.83071838 time/batch=7.37s
137/3508 (epoch 0.195) train_loss=544.91472604 time/batch=4.73s
138/3508 (epoch 0.197) train_loss=817.33298963 time/batch=6.67s
139/3508 (epoch 0.198) train_loss=443.32832306 time/batch=3.99s
140/3508 (epoch 0.200) train_loss=480.33129965 time/batch=4.13s
141/3508 (epoch 0.201) train_loss=375.99073582 time/batch=3.27s
142/3508 (epoch 0.202) train_loss=828.85438104 time/batch=6.87s
143/3508 (epoch 0.204) train_loss=509.67992121 time/batch=4.40s
144/3508 (epoch 0.205) train_loss=229.06421818 time/batch=2.10s
145/3508 (epoch 0.207) train_loss=878.83905770 time/batch=7.22s
146/3508 (epoch 0.208) train_loss=918.78997895 time/batch=7.73s
147/3508 (epoch 0.210) train_loss=341.81194536 time/batch=2.93s
148/3508 (epoch 0.211) train_loss=681.31853078 time/batch=5.66s
149/3508 (epoch 0.212) train_loss=840.92544937 time/batch=7.19s
150/3508 (epoch 0.214) train_loss=779.27077145 time/batch=6.54s
151/3508 (epoch 0.215) train_loss=710.72323216 time/batch=5.96s
152/3508 (epoch 0.217) train_loss=262.11859251 time/batch=2.33s
153/3508 (epoch 0.218) train_loss=619.07184975 time/batch=5.20s
154/3508 (epoch 0.219) train_loss=567.12033946 time/batch=4.86s
155/3508 (epoch 0.221) train_loss=713.19410420 time/batch=5.90s
156/3508 (epoch 0.222) train_loss=513.25349736 time/batch=4.41s
157/3508 (epoch 0.224) train_loss=534.68296168 time/batch=4.67s
158/3508 (epoch 0.225) train_loss=405.91373626 time/batch=3.46s
159/3508 (epoch 0.227) train_loss=356.99738584 time/batch=3.17s
160/3508 (epoch 0.228) train_loss=421.10366812 time/batch=3.59s
161/3508 (epoch 0.229) train_loss=1004.60699211 time/batch=8.02s
162/3508 (epoch 0.231) train_loss=338.82275484 time/batch=3.03s
163/3508 (epoch 0.232) train_loss=337.96778730 time/batch=2.94s
164/3508 (epoch 0.234) train_loss=260.05198359 time/batch=2.32s
165/3508 (epoch 0.235) train_loss=873.27250510 time/batch=7.11s
166/3508 (epoch 0.237) train_loss=386.51219569 time/batch=3.12s
167/3508 (epoch 0.238) train_loss=220.34335142 time/batch=2.00s
168/3508 (epoch 0.239) train_loss=309.53730119 time/batch=2.66s
169/3508 (epoch 0.241) train_loss=327.17039525 time/batch=2.76s
170/3508 (epoch 0.242) train_loss=695.90314143 time/batch=5.53s
171/3508 (epoch 0.244) train_loss=852.27717177 time/batch=7.19s
172/3508 (epoch 0.245) train_loss=388.07828423 time/batch=3.30s
173/3508 (epoch 0.247) train_loss=387.08122023 time/batch=3.25s
174/3508 (epoch 0.248) train_loss=607.05954901 time/batch=5.00s
175/3508 (epoch 0.249) train_loss=345.83636040 time/batch=3.05s
176/3508 (epoch 0.251) train_loss=243.28283772 time/batch=2.17s
177/3508 (epoch 0.252) train_loss=405.64687266 time/batch=3.45s
178/3508 (epoch 0.254) train_loss=311.50993970 time/batch=2.69s
179/3508 (epoch 0.255) train_loss=428.78390635 time/batch=3.78s
180/3508 (epoch 0.257) train_loss=687.87376612 time/batch=5.58s
181/3508 (epoch 0.258) train_loss=259.25541702 time/batch=2.23s
182/3508 (epoch 0.259) train_loss=351.99302499 time/batch=3.12s
183/3508 (epoch 0.261) train_loss=612.56747327 time/batch=4.97s
184/3508 (epoch 0.262) train_loss=377.07384110 time/batch=3.23s
185/3508 (epoch 0.264) train_loss=494.03038630 time/batch=4.23s
186/3508 (epoch 0.265) train_loss=661.12493731 time/batch=5.30s
187/3508 (epoch 0.267) train_loss=673.91830405 time/batch=5.66s
188/3508 (epoch 0.268) train_loss=236.38468944 time/batch=2.08s
189/3508 (epoch 0.269) train_loss=605.43637914 time/batch=4.91s
190/3508 (epoch 0.271) train_loss=529.66472419 time/batch=4.52s
191/3508 (epoch 0.272) train_loss=680.93698949 time/batch=5.57s
192/3508 (epoch 0.274) train_loss=412.04715073 time/batch=3.55s
193/3508 (epoch 0.275) train_loss=1067.12049471 time/batch=8.91s
194/3508 (epoch 0.277) train_loss=429.04264526 time/batch=3.62s
195/3508 (epoch 0.278) train_loss=295.41579848 time/batch=2.65s
196/3508 (epoch 0.279) train_loss=775.44832143 time/batch=6.52s
197/3508 (epoch 0.281) train_loss=601.69943031 time/batch=5.22s
198/3508 (epoch 0.282) train_loss=1453.63815086 time/batch=4.46s
199/3508 (epoch 0.284) train_loss=842.36709362 time/batch=6.85s
200/3508 (epoch 0.285) train_loss=513.35316883 time/batch=4.29s
201/3508 (epoch 0.286) train_loss=455.24197246 time/batch=3.97s
202/3508 (epoch 0.288) train_loss=260.87994792 time/batch=2.42s
203/3508 (epoch 0.289) train_loss=428.97924273 time/batch=3.83s
204/3508 (epoch 0.291) train_loss=397.36243649 time/batch=3.46s
205/3508 (epoch 0.292) train_loss=639.04926774 time/batch=5.37s
206/3508 (epoch 0.294) train_loss=409.60894382 time/batch=3.62s
207/3508 (epoch 0.295) train_loss=505.70067205 time/batch=4.23s
208/3508 (epoch 0.296) train_loss=695.28969939 time/batch=5.94s
209/3508 (epoch 0.298) train_loss=558.27084595 time/batch=4.87s
210/3508 (epoch 0.299) train_loss=793.05166486 time/batch=6.60s
211/3508 (epoch 0.301) train_loss=700.08641577 time/batch=5.87s
212/3508 (epoch 0.302) train_loss=817.20012468 time/batch=6.73s
213/3508 (epoch 0.304) train_loss=436.82333894 time/batch=3.93s
214/3508 (epoch 0.305) train_loss=257.19405558 time/batch=2.31s
215/3508 (epoch 0.306) train_loss=858.81071412 time/batch=7.31s
216/3508 (epoch 0.308) train_loss=946.77833618 time/batch=7.80s
217/3508 (epoch 0.309) train_loss=694.97753674 time/batch=5.86s
218/3508 (epoch 0.311) train_loss=454.08913600 time/batch=3.96s
219/3508 (epoch 0.312) train_loss=982.36301501 time/batch=8.93s
220/3508 (epoch 0.314) train_loss=363.23032084 time/batch=3.13s
221/3508 (epoch 0.315) train_loss=274.36481847 time/batch=2.52s
222/3508 (epoch 0.316) train_loss=433.05008234 time/batch=3.89s
223/3508 (epoch 0.318) train_loss=439.79504666 time/batch=4.13s
224/3508 (epoch 0.319) train_loss=374.00631369 time/batch=3.33s
225/3508 (epoch 0.321) train_loss=343.04761418 time/batch=3.18s
226/3508 (epoch 0.322) train_loss=509.31408638 time/batch=4.31s
227/3508 (epoch 0.324) train_loss=340.78228544 time/batch=3.04s
228/3508 (epoch 0.325) train_loss=475.97947462 time/batch=4.23s
229/3508 (epoch 0.326) train_loss=450.93008479 time/batch=3.93s
230/3508 (epoch 0.328) train_loss=276.71967217 time/batch=2.39s
231/3508 (epoch 0.329) train_loss=326.62361431 time/batch=2.86s
232/3508 (epoch 0.331) train_loss=395.27262793 time/batch=3.40s
233/3508 (epoch 0.332) train_loss=322.21746244 time/batch=2.75s
234/3508 (epoch 0.334) train_loss=294.73939158 time/batch=2.58s
235/3508 (epoch 0.335) train_loss=323.63923421 time/batch=2.87s
236/3508 (epoch 0.336) train_loss=413.18453754 time/batch=3.60s
237/3508 (epoch 0.338) train_loss=420.05495239 time/batch=3.66s
238/3508 (epoch 0.339) train_loss=641.39027943 time/batch=5.36s
239/3508 (epoch 0.341) train_loss=305.20328352 time/batch=2.67s
240/3508 (epoch 0.342) train_loss=618.39854176 time/batch=5.15s
241/3508 (epoch 0.343) train_loss=684.02335643 time/batch=5.50s
242/3508 (epoch 0.345) train_loss=430.33071043 time/batch=3.65s
243/3508 (epoch 0.346) train_loss=428.18251567 time/batch=3.57s
244/3508 (epoch 0.348) train_loss=237.92652692 time/batch=2.09s
245/3508 (epoch 0.349) train_loss=687.60435039 time/batch=5.92s
246/3508 (epoch 0.351) train_loss=252.88985886 time/batch=2.24s
247/3508 (epoch 0.352) train_loss=307.64948148 time/batch=2.65s
248/3508 (epoch 0.353) train_loss=522.64629282 time/batch=4.47s
249/3508 (epoch 0.355) train_loss=630.59633650 time/batch=5.27s
250/3508 (epoch 0.356) train_loss=674.69096130 time/batch=5.54s
251/3508 (epoch 0.358) train_loss=734.92984415 time/batch=5.98s
252/3508 (epoch 0.359) train_loss=490.31542816 time/batch=4.07s
253/3508 (epoch 0.361) train_loss=402.43764184 time/batch=3.45s
254/3508 (epoch 0.362) train_loss=518.30205012 time/batch=4.41s
255/3508 (epoch 0.363) train_loss=328.54603972 time/batch=2.90s
256/3508 (epoch 0.365) train_loss=399.84398858 time/batch=3.36s
257/3508 (epoch 0.366) train_loss=711.93006417 time/batch=5.88s
258/3508 (epoch 0.368) train_loss=664.88531386 time/batch=5.39s
259/3508 (epoch 0.369) train_loss=735.35445223 time/batch=6.09s
260/3508 (epoch 0.371) train_loss=636.22154924 time/batch=5.23s
261/3508 (epoch 0.372) train_loss=451.61685563 time/batch=3.85s
262/3508 (epoch 0.373) train_loss=297.30368224 time/batch=2.64s
263/3508 (epoch 0.375) train_loss=311.09855229 time/batch=2.69s
264/3508 (epoch 0.376) train_loss=379.82601686 time/batch=3.32s
265/3508 (epoch 0.378) train_loss=274.40783041 time/batch=2.41s
266/3508 (epoch 0.379) train_loss=556.51550030 time/batch=4.65s
267/3508 (epoch 0.381) train_loss=643.31862564 time/batch=5.29s
268/3508 (epoch 0.382) train_loss=687.71588288 time/batch=5.90s
269/3508 (epoch 0.383) train_loss=613.69235145 time/batch=5.12s
270/3508 (epoch 0.385) train_loss=598.56062510 time/batch=5.07s
271/3508 (epoch 0.386) train_loss=600.88584576 time/batch=4.97s
272/3508 (epoch 0.388) train_loss=480.54732709 time/batch=4.17s
273/3508 (epoch 0.389) train_loss=513.25854718 time/batch=4.50s
274/3508 (epoch 0.391) train_loss=232.37978605 time/batch=2.10s
275/3508 (epoch 0.392) train_loss=400.25166890 time/batch=3.44s
276/3508 (epoch 0.393) train_loss=334.34929054 time/batch=2.92s
277/3508 (epoch 0.395) train_loss=743.13424637 time/batch=6.18s
278/3508 (epoch 0.396) train_loss=272.57756932 time/batch=2.34s
279/3508 (epoch 0.398) train_loss=428.08923895 time/batch=3.73s
280/3508 (epoch 0.399) train_loss=547.98317133 time/batch=4.69s
281/3508 (epoch 0.400) train_loss=632.27726441 time/batch=5.40s
282/3508 (epoch 0.402) train_loss=579.48716674 time/batch=4.90s
283/3508 (epoch 0.403) train_loss=519.45060769 time/batch=4.48s
284/3508 (epoch 0.405) train_loss=403.92583131 time/batch=3.44s
285/3508 (epoch 0.406) train_loss=404.45410530 time/batch=3.54s
286/3508 (epoch 0.408) train_loss=443.51552300 time/batch=3.93s
287/3508 (epoch 0.409) train_loss=552.01979102 time/batch=4.73s
288/3508 (epoch 0.410) train_loss=225.55903336 time/batch=2.05s
289/3508 (epoch 0.412) train_loss=570.86888594 time/batch=4.79s
290/3508 (epoch 0.413) train_loss=439.22148858 time/batch=3.91s
291/3508 (epoch 0.415) train_loss=912.73700817 time/batch=7.45s
292/3508 (epoch 0.416) train_loss=586.43762377 time/batch=4.94s
293/3508 (epoch 0.418) train_loss=616.43284768 time/batch=5.15s
294/3508 (epoch 0.419) train_loss=604.13381046 time/batch=5.02s
295/3508 (epoch 0.420) train_loss=293.50179805 time/batch=2.58s
296/3508 (epoch 0.422) train_loss=287.13326292 time/batch=2.58s
297/3508 (epoch 0.423) train_loss=335.84419351 time/batch=2.95s
298/3508 (epoch 0.425) train_loss=535.58664748 time/batch=4.45s
299/3508 (epoch 0.426) train_loss=272.17551130 time/batch=2.41s
300/3508 (epoch 0.428) train_loss=517.16639131 time/batch=4.37s
301/3508 (epoch 0.429) train_loss=438.09867876 time/batch=3.78s
302/3508 (epoch 0.430) train_loss=584.54005468 time/batch=4.92s
303/3508 (epoch 0.432) train_loss=786.80564431 time/batch=6.49s
304/3508 (epoch 0.433) train_loss=326.35593233 time/batch=2.81s
305/3508 (epoch 0.435) train_loss=628.03368800 time/batch=5.09s
306/3508 (epoch 0.436) train_loss=298.24037762 time/batch=2.48s
307/3508 (epoch 0.438) train_loss=423.15057791 time/batch=3.64s
308/3508 (epoch 0.439) train_loss=719.46720612 time/batch=5.90s
309/3508 (epoch 0.440) train_loss=522.45336722 time/batch=4.37s
310/3508 (epoch 0.442) train_loss=445.18986858 time/batch=3.72s
311/3508 (epoch 0.443) train_loss=308.71839739 time/batch=2.69s
312/3508 (epoch 0.445) train_loss=328.36841803 time/batch=2.93s
313/3508 (epoch 0.446) train_loss=426.76764161 time/batch=3.56s
314/3508 (epoch 0.448) train_loss=527.06996690 time/batch=4.50s
315/3508 (epoch 0.449) train_loss=261.08731892 time/batch=2.35s
316/3508 (epoch 0.450) train_loss=293.98231717 time/batch=2.62s
317/3508 (epoch 0.452) train_loss=913.49400349 time/batch=7.51s
318/3508 (epoch 0.453) train_loss=437.44402727 time/batch=3.80s
319/3508 (epoch 0.455) train_loss=446.25334971 time/batch=3.86s
320/3508 (epoch 0.456) train_loss=536.91736216 time/batch=4.47s
321/3508 (epoch 0.458) train_loss=570.15084977 time/batch=4.78s
322/3508 (epoch 0.459) train_loss=590.88638409 time/batch=4.97s
323/3508 (epoch 0.460) train_loss=364.81485591 time/batch=3.17s
324/3508 (epoch 0.462) train_loss=342.39250268 time/batch=3.03s
325/3508 (epoch 0.463) train_loss=863.76638401 time/batch=7.49s
326/3508 (epoch 0.465) train_loss=713.44500216 time/batch=6.02s
327/3508 (epoch 0.466) train_loss=626.16886120 time/batch=5.12s
328/3508 (epoch 0.467) train_loss=349.11815952 time/batch=2.98s
329/3508 (epoch 0.469) train_loss=316.84345615 time/batch=2.81s
330/3508 (epoch 0.470) train_loss=365.61625399 time/batch=3.19s
331/3508 (epoch 0.472) train_loss=435.30793124 time/batch=3.85s
332/3508 (epoch 0.473) train_loss=527.71946475 time/batch=4.52s
333/3508 (epoch 0.475) train_loss=697.63220451 time/batch=5.80s
334/3508 (epoch 0.476) train_loss=621.34900563 time/batch=5.20s
335/3508 (epoch 0.477) train_loss=575.75823762 time/batch=4.76s
336/3508 (epoch 0.479) train_loss=546.32148224 time/batch=4.48s
337/3508 (epoch 0.480) train_loss=616.34146071 time/batch=5.21s
338/3508 (epoch 0.482) train_loss=523.20389240 time/batch=4.31s
339/3508 (epoch 0.483) train_loss=753.21331244 time/batch=6.25s
340/3508 (epoch 0.485) train_loss=540.72763153 time/batch=4.52s
341/3508 (epoch 0.486) train_loss=360.34824623 time/batch=3.13s
342/3508 (epoch 0.487) train_loss=662.06251315 time/batch=5.42s
343/3508 (epoch 0.489) train_loss=570.28182730 time/batch=4.74s
344/3508 (epoch 0.490) train_loss=289.05028912 time/batch=2.48s
345/3508 (epoch 0.492) train_loss=233.67284252 time/batch=2.13s
346/3508 (epoch 0.493) train_loss=457.62960806 time/batch=4.05s
347/3508 (epoch 0.495) train_loss=435.55918871 time/batch=3.91s
348/3508 (epoch 0.496) train_loss=479.59313419 time/batch=4.03s
349/3508 (epoch 0.497) train_loss=655.21981978 time/batch=5.42s
350/3508 (epoch 0.499) train_loss=618.15206404 time/batch=5.06s
351/3508 (epoch 0.500) train_loss=257.12869583 time/batch=2.22s
352/3508 (epoch 0.502) train_loss=486.48275185 time/batch=4.04s
353/3508 (epoch 0.503) train_loss=250.35036613 time/batch=2.18s
354/3508 (epoch 0.505) train_loss=665.18618868 time/batch=5.50s
355/3508 (epoch 0.506) train_loss=739.46374395 time/batch=6.19s
356/3508 (epoch 0.507) train_loss=439.33966646 time/batch=3.79s
357/3508 (epoch 0.509) train_loss=677.71921474 time/batch=5.73s
358/3508 (epoch 0.510) train_loss=341.68844247 time/batch=2.93s
359/3508 (epoch 0.512) train_loss=517.44693199 time/batch=4.51s
360/3508 (epoch 0.513) train_loss=720.77024111 time/batch=9.23s
361/3508 (epoch 0.515) train_loss=285.05615725 time/batch=5.57s
362/3508 (epoch 0.516) train_loss=489.06279886 time/batch=9.31s
363/3508 (epoch 0.517) train_loss=731.91318770 time/batch=13.75s
364/3508 (epoch 0.519) train_loss=688.46407897 time/batch=12.80s
365/3508 (epoch 0.520) train_loss=478.15014800 time/batch=9.39s
366/3508 (epoch 0.522) train_loss=325.53683897 time/batch=6.40s
367/3508 (epoch 0.523) train_loss=326.54731053 time/batch=6.36s
368/3508 (epoch 0.524) train_loss=482.80033556 time/batch=9.40s
369/3508 (epoch 0.526) train_loss=327.08896717 time/batch=6.60s
370/3508 (epoch 0.527) train_loss=357.11909544 time/batch=7.13s
371/3508 (epoch 0.529) train_loss=344.47855808 time/batch=7.01s
372/3508 (epoch 0.530) train_loss=622.87730697 time/batch=11.37s
373/3508 (epoch 0.532) train_loss=532.67055033 time/batch=10.12s
374/3508 (epoch 0.533) train_loss=348.15305298 time/batch=6.72s
375/3508 (epoch 0.534) train_loss=431.36403835 time/batch=8.38s
376/3508 (epoch 0.536) train_loss=543.44895528 time/batch=10.41s
377/3508 (epoch 0.537) train_loss=505.82944380 time/batch=9.65s
378/3508 (epoch 0.539) train_loss=324.93489346 time/batch=6.35s
379/3508 (epoch 0.540) train_loss=387.06453193 time/batch=7.62s
380/3508 (epoch 0.542) train_loss=578.78088799 time/batch=10.92s
381/3508 (epoch 0.543) train_loss=486.30798563 time/batch=9.45s
382/3508 (epoch 0.544) train_loss=332.52700807 time/batch=6.79s
383/3508 (epoch 0.546) train_loss=459.97120580 time/batch=8.92s
384/3508 (epoch 0.547) train_loss=683.93123896 time/batch=12.91s
385/3508 (epoch 0.549) train_loss=372.94470429 time/batch=7.29s
386/3508 (epoch 0.550) train_loss=749.42042892 time/batch=13.83s
387/3508 (epoch 0.552) train_loss=543.92862111 time/batch=10.28s
388/3508 (epoch 0.553) train_loss=353.67132368 time/batch=7.18s
389/3508 (epoch 0.554) train_loss=398.64032519 time/batch=7.75s
390/3508 (epoch 0.556) train_loss=708.10567432 time/batch=13.56s
391/3508 (epoch 0.557) train_loss=486.00607083 time/batch=9.31s
392/3508 (epoch 0.559) train_loss=445.57985979 time/batch=8.98s
393/3508 (epoch 0.560) train_loss=597.59288745 time/batch=11.08s
394/3508 (epoch 0.562) train_loss=412.66582554 time/batch=7.97s
395/3508 (epoch 0.563) train_loss=458.97902342 time/batch=8.96s
396/3508 (epoch 0.564) train_loss=648.74852734 time/batch=12.12s
397/3508 (epoch 0.566) train_loss=508.58967166 time/batch=9.83s
398/3508 (epoch 0.567) train_loss=435.25743779 time/batch=8.08s
399/3508 (epoch 0.569) train_loss=525.32319580 time/batch=9.89s
400/3508 (epoch 0.570) train_loss=732.64254327 time/batch=13.70s
401/3508 (epoch 0.572) train_loss=517.76353261 time/batch=10.18s
402/3508 (epoch 0.573) train_loss=495.20650460 time/batch=9.61s
403/3508 (epoch 0.574) train_loss=595.83328140 time/batch=11.10s
404/3508 (epoch 0.576) train_loss=424.76524021 time/batch=7.91s
405/3508 (epoch 0.577) train_loss=512.62944351 time/batch=9.75s
406/3508 (epoch 0.579) train_loss=385.39019239 time/batch=7.67s
407/3508 (epoch 0.580) train_loss=685.82093651 time/batch=12.88s
408/3508 (epoch 0.582) train_loss=564.24495028 time/batch=10.71s
409/3508 (epoch 0.583) train_loss=654.16039787 time/batch=12.46s
410/3508 (epoch 0.584) train_loss=380.20744997 time/batch=7.28s
411/3508 (epoch 0.586) train_loss=451.90657760 time/batch=8.81s
412/3508 (epoch 0.587) train_loss=340.67972837 time/batch=6.90s
413/3508 (epoch 0.589) train_loss=331.84834213 time/batch=6.47s
414/3508 (epoch 0.590) train_loss=504.42426834 time/batch=9.51s
415/3508 (epoch 0.591) train_loss=440.83009279 time/batch=8.38s
416/3508 (epoch 0.593) train_loss=356.65771401 time/batch=7.11s
417/3508 (epoch 0.594) train_loss=254.02790428 time/batch=5.25s
418/3508 (epoch 0.596) train_loss=331.75583104 time/batch=6.42s
419/3508 (epoch 0.597) train_loss=509.97461947 time/batch=9.74s
420/3508 (epoch 0.599) train_loss=442.79207402 time/batch=8.90s
421/3508 (epoch 0.600) train_loss=474.29045727 time/batch=9.33s
422/3508 (epoch 0.601) train_loss=571.88503674 time/batch=10.57s
423/3508 (epoch 0.603) train_loss=569.20319374 time/batch=10.64s
424/3508 (epoch 0.604) train_loss=269.95670150 time/batch=5.48s
425/3508 (epoch 0.606) train_loss=401.95524717 time/batch=7.85s
426/3508 (epoch 0.607) train_loss=522.29103475 time/batch=10.06s
427/3508 (epoch 0.609) train_loss=684.43816709 time/batch=12.80s
428/3508 (epoch 0.610) train_loss=430.56146735 time/batch=8.24s
429/3508 (epoch 0.611) train_loss=365.59105288 time/batch=7.38s
430/3508 (epoch 0.613) train_loss=578.70315161 time/batch=10.92s
431/3508 (epoch 0.614) train_loss=451.13119558 time/batch=8.70s
432/3508 (epoch 0.616) train_loss=692.72771823 time/batch=12.88s
433/3508 (epoch 0.617) train_loss=445.15666339 time/batch=8.51s
434/3508 (epoch 0.619) train_loss=553.74881738 time/batch=10.55s
435/3508 (epoch 0.620) train_loss=473.21945403 time/batch=9.09s
436/3508 (epoch 0.621) train_loss=440.24596349 time/batch=8.60s
437/3508 (epoch 0.623) train_loss=588.49702830 time/batch=10.94s
438/3508 (epoch 0.624) train_loss=445.32308094 time/batch=8.49s
439/3508 (epoch 0.626) train_loss=456.27392105 time/batch=9.01s
440/3508 (epoch 0.627) train_loss=717.69985656 time/batch=13.32s
441/3508 (epoch 0.629) train_loss=518.05844028 time/batch=9.61s
442/3508 (epoch 0.630) train_loss=434.57694560 time/batch=8.41s
443/3508 (epoch 0.631) train_loss=322.38859962 time/batch=6.14s
444/3508 (epoch 0.633) train_loss=311.42486509 time/batch=6.29s
445/3508 (epoch 0.634) train_loss=337.75055980 time/batch=6.91s
446/3508 (epoch 0.636) train_loss=568.08050959 time/batch=10.54s
447/3508 (epoch 0.637) train_loss=659.35411845 time/batch=12.62s
448/3508 (epoch 0.639) train_loss=519.66086236 time/batch=9.83s
449/3508 (epoch 0.640) train_loss=388.86799400 time/batch=7.63s
450/3508 (epoch 0.641) train_loss=489.24011736 time/batch=9.37s
451/3508 (epoch 0.643) train_loss=338.66880220 time/batch=6.76s
452/3508 (epoch 0.644) train_loss=328.97135793 time/batch=6.61s
453/3508 (epoch 0.646) train_loss=569.29073277 time/batch=10.74s
454/3508 (epoch 0.647) train_loss=355.23491600 time/batch=7.00s
455/3508 (epoch 0.648) train_loss=476.91095503 time/batch=9.26s
456/3508 (epoch 0.650) train_loss=389.94783130 time/batch=7.61s
457/3508 (epoch 0.651) train_loss=343.14731056 time/batch=6.58s
458/3508 (epoch 0.653) train_loss=467.46151646 time/batch=9.05s
459/3508 (epoch 0.654) train_loss=771.66580512 time/batch=14.11s
460/3508 (epoch 0.656) train_loss=698.50372201 time/batch=13.47s
461/3508 (epoch 0.657) train_loss=375.94027937 time/batch=7.32s
462/3508 (epoch 0.658) train_loss=350.63514799 time/batch=7.20s
463/3508 (epoch 0.660) train_loss=526.80127656 time/batch=10.17s
464/3508 (epoch 0.661) train_loss=409.09026170 time/batch=7.90s
465/3508 (epoch 0.663) train_loss=351.72272249 time/batch=7.00s
466/3508 (epoch 0.664) train_loss=355.20263043 time/batch=7.21s
467/3508 (epoch 0.666) train_loss=349.53458485 time/batch=6.92s
468/3508 (epoch 0.667) train_loss=510.91909269 time/batch=10.14s
469/3508 (epoch 0.668) train_loss=437.47258908 time/batch=8.17s
470/3508 (epoch 0.670) train_loss=412.95157202 time/batch=7.93s
471/3508 (epoch 0.671) train_loss=438.28914671 time/batch=8.51s
472/3508 (epoch 0.673) train_loss=749.82955369 time/batch=14.27s
473/3508 (epoch 0.674) train_loss=456.56612750 time/batch=9.51s
474/3508 (epoch 0.676) train_loss=391.09968021 time/batch=3.90s
475/3508 (epoch 0.677) train_loss=344.57707237 time/batch=3.07s
476/3508 (epoch 0.678) train_loss=305.58295218 time/batch=2.75s
477/3508 (epoch 0.680) train_loss=478.68605688 time/batch=5.33s
478/3508 (epoch 0.681) train_loss=423.68615702 time/batch=8.09s
479/3508 (epoch 0.683) train_loss=497.14618071 time/batch=9.88s
480/3508 (epoch 0.684) train_loss=579.14123104 time/batch=10.92s
481/3508 (epoch 0.686) train_loss=422.76078413 time/batch=7.87s
482/3508 (epoch 0.687) train_loss=394.55057527 time/batch=7.74s
483/3508 (epoch 0.688) train_loss=366.88599956 time/batch=7.20s
484/3508 (epoch 0.690) train_loss=429.47182223 time/batch=8.45s
485/3508 (epoch 0.691) train_loss=334.04565660 time/batch=6.63s
486/3508 (epoch 0.693) train_loss=367.54180150 time/batch=7.20s
487/3508 (epoch 0.694) train_loss=506.26507457 time/batch=9.70s
488/3508 (epoch 0.696) train_loss=416.69594640 time/batch=8.17s
489/3508 (epoch 0.697) train_loss=489.95550231 time/batch=9.28s
490/3508 (epoch 0.698) train_loss=469.21761561 time/batch=9.24s
491/3508 (epoch 0.700) train_loss=588.45550043 time/batch=10.84s
492/3508 (epoch 0.701) train_loss=545.94236204 time/batch=10.32s
493/3508 (epoch 0.703) train_loss=448.91780915 time/batch=8.40s
494/3508 (epoch 0.704) train_loss=475.45765364 time/batch=9.39s
495/3508 (epoch 0.706) train_loss=439.70180770 time/batch=8.54s
496/3508 (epoch 0.707) train_loss=397.34043181 time/batch=7.88s
497/3508 (epoch 0.708) train_loss=325.03263258 time/batch=6.47s
498/3508 (epoch 0.710) train_loss=457.21521352 time/batch=9.17s
499/3508 (epoch 0.711) train_loss=389.96976936 time/batch=7.54s
500/3508 (epoch 0.713) train_loss=340.55123587 time/batch=6.71s
501/3508 (epoch 0.714) train_loss=538.78626748 time/batch=10.30s
502/3508 (epoch 0.715) train_loss=531.71836454 time/batch=10.66s
503/3508 (epoch 0.717) train_loss=324.95478960 time/batch=6.48s
504/3508 (epoch 0.718) train_loss=399.21930541 time/batch=7.64s
505/3508 (epoch 0.720) train_loss=420.94719648 time/batch=8.70s
506/3508 (epoch 0.721) train_loss=470.86585841 time/batch=9.17s
507/3508 (epoch 0.723) train_loss=485.89537292 time/batch=9.61s
508/3508 (epoch 0.724) train_loss=472.96014591 time/batch=9.21s
509/3508 (epoch 0.725) train_loss=557.23308571 time/batch=10.56s
510/3508 (epoch 0.727) train_loss=403.24824325 time/batch=7.81s
511/3508 (epoch 0.728) train_loss=332.93994404 time/batch=6.87s
512/3508 (epoch 0.730) train_loss=419.37806911 time/batch=8.65s
513/3508 (epoch 0.731) train_loss=408.85098888 time/batch=7.84s
514/3508 (epoch 0.733) train_loss=468.85495678 time/batch=9.30s
515/3508 (epoch 0.734) train_loss=337.47444487 time/batch=6.97s
516/3508 (epoch 0.735) train_loss=312.23489091 time/batch=6.52s
517/3508 (epoch 0.737) train_loss=644.97358312 time/batch=12.78s
518/3508 (epoch 0.738) train_loss=585.03352474 time/batch=11.13s
519/3508 (epoch 0.740) train_loss=503.27060262 time/batch=9.88s
520/3508 (epoch 0.741) train_loss=508.54423114 time/batch=10.13s
521/3508 (epoch 0.743) train_loss=417.95121983 time/batch=8.36s
522/3508 (epoch 0.744) train_loss=360.51926956 time/batch=7.35s
523/3508 (epoch 0.745) train_loss=378.97886530 time/batch=7.66s
524/3508 (epoch 0.747) train_loss=453.50468251 time/batch=9.32s
525/3508 (epoch 0.748) train_loss=417.25073902 time/batch=8.64s
526/3508 (epoch 0.750) train_loss=441.03680051 time/batch=9.04s
527/3508 (epoch 0.751) train_loss=742.88059832 time/batch=14.19s
528/3508 (epoch 0.753) train_loss=441.40504290 time/batch=9.02s
529/3508 (epoch 0.754) train_loss=523.68934059 time/batch=10.06s
530/3508 (epoch 0.755) train_loss=545.59630024 time/batch=10.67s
531/3508 (epoch 0.757) train_loss=491.11095330 time/batch=9.62s
532/3508 (epoch 0.758) train_loss=341.32893156 time/batch=7.10s
533/3508 (epoch 0.760) train_loss=491.91979696 time/batch=9.94s
534/3508 (epoch 0.761) train_loss=416.61383523 time/batch=8.67s
535/3508 (epoch 0.763) train_loss=416.70743229 time/batch=8.26s
536/3508 (epoch 0.764) train_loss=316.00203062 time/batch=6.70s
537/3508 (epoch 0.765) train_loss=537.32745837 time/batch=10.35s
538/3508 (epoch 0.767) train_loss=317.57636668 time/batch=6.73s
539/3508 (epoch 0.768) train_loss=512.85434465 time/batch=10.04s
540/3508 (epoch 0.770) train_loss=423.93081183 time/batch=8.55s
541/3508 (epoch 0.771) train_loss=420.82948219 time/batch=8.40s
542/3508 (epoch 0.772) train_loss=486.66845412 time/batch=9.81s
543/3508 (epoch 0.774) train_loss=499.52850958 time/batch=9.90s
544/3508 (epoch 0.775) train_loss=320.15575354 time/batch=6.73s
545/3508 (epoch 0.777) train_loss=484.56120236 time/batch=9.64s
546/3508 (epoch 0.778) train_loss=449.72200712 time/batch=8.97s
547/3508 (epoch 0.780) train_loss=441.54590402 time/batch=8.73s
548/3508 (epoch 0.781) train_loss=391.15175937 time/batch=7.89s
549/3508 (epoch 0.782) train_loss=496.16157981 time/batch=9.78s
550/3508 (epoch 0.784) train_loss=459.41621262 time/batch=9.37s
551/3508 (epoch 0.785) train_loss=438.65654881 time/batch=8.12s
552/3508 (epoch 0.787) train_loss=309.70074239 time/batch=6.76s
553/3508 (epoch 0.788) train_loss=534.71199114 time/batch=10.60s
554/3508 (epoch 0.790) train_loss=418.22828089 time/batch=8.44s
555/3508 (epoch 0.791) train_loss=376.87566056 time/batch=7.64s
556/3508 (epoch 0.792) train_loss=398.45758873 time/batch=8.20s
557/3508 (epoch 0.794) train_loss=382.93814733 time/batch=7.68s
558/3508 (epoch 0.795) train_loss=526.41744183 time/batch=10.54s
559/3508 (epoch 0.797) train_loss=538.21728761 time/batch=10.34s
560/3508 (epoch 0.798) train_loss=499.79830601 time/batch=9.82s
561/3508 (epoch 0.800) train_loss=336.81071368 time/batch=6.98s
562/3508 (epoch 0.801) train_loss=509.86134946 time/batch=9.88s
563/3508 (epoch 0.802) train_loss=425.89559049 time/batch=8.68s
564/3508 (epoch 0.804) train_loss=350.10691604 time/batch=7.01s
565/3508 (epoch 0.805) train_loss=523.20182363 time/batch=9.53s
566/3508 (epoch 0.807) train_loss=406.88124571 time/batch=7.85s
567/3508 (epoch 0.808) train_loss=511.44931543 time/batch=9.96s
568/3508 (epoch 0.810) train_loss=393.09629661 time/batch=7.91s
569/3508 (epoch 0.811) train_loss=492.48284172 time/batch=9.92s
570/3508 (epoch 0.812) train_loss=426.66560412 time/batch=8.83s
571/3508 (epoch 0.814) train_loss=703.66505729 time/batch=13.49s
572/3508 (epoch 0.815) train_loss=733.51262784 time/batch=13.53s
573/3508 (epoch 0.817) train_loss=368.53112180 time/batch=7.49s
574/3508 (epoch 0.818) train_loss=480.76200322 time/batch=9.52s
575/3508 (epoch 0.820) train_loss=415.49012507 time/batch=8.69s
576/3508 (epoch 0.821) train_loss=344.73739270 time/batch=7.16s
577/3508 (epoch 0.822) train_loss=415.84403033 time/batch=8.69s
578/3508 (epoch 0.824) train_loss=406.52345323 time/batch=8.76s
579/3508 (epoch 0.825) train_loss=380.43169566 time/batch=6.21s
580/3508 (epoch 0.827) train_loss=387.72778074 time/batch=3.52s
581/3508 (epoch 0.828) train_loss=348.31167205 time/batch=3.32s
582/3508 (epoch 0.830) train_loss=417.91532020 time/batch=4.05s
583/3508 (epoch 0.831) train_loss=483.34711024 time/batch=7.48s
584/3508 (epoch 0.832) train_loss=650.65222508 time/batch=6.29s
585/3508 (epoch 0.834) train_loss=433.33170124 time/batch=4.06s
586/3508 (epoch 0.835) train_loss=341.53725031 time/batch=3.16s
587/3508 (epoch 0.837) train_loss=333.00549169 time/batch=3.06s
588/3508 (epoch 0.838) train_loss=327.87477028 time/batch=3.13s
589/3508 (epoch 0.839) train_loss=539.22486836 time/batch=4.69s
590/3508 (epoch 0.841) train_loss=339.22878148 time/batch=3.25s
591/3508 (epoch 0.842) train_loss=325.75778647 time/batch=3.10s
592/3508 (epoch 0.844) train_loss=529.37576097 time/batch=4.56s
593/3508 (epoch 0.845) train_loss=332.80204190 time/batch=3.12s
594/3508 (epoch 0.847) train_loss=338.12435092 time/batch=3.12s
595/3508 (epoch 0.848) train_loss=483.33214480 time/batch=4.43s
596/3508 (epoch 0.849) train_loss=324.76220286 time/batch=3.13s
597/3508 (epoch 0.851) train_loss=376.58686489 time/batch=3.48s
598/3508 (epoch 0.852) train_loss=521.80165582 time/batch=4.68s
599/3508 (epoch 0.854) train_loss=483.29487518 time/batch=4.38s
600/3508 (epoch 0.855) train_loss=327.16078756 time/batch=3.08s
601/3508 (epoch 0.857) train_loss=481.99077142 time/batch=4.44s
602/3508 (epoch 0.858) train_loss=425.88353497 time/batch=4.05s
603/3508 (epoch 0.859) train_loss=358.75640661 time/batch=3.36s
604/3508 (epoch 0.861) train_loss=473.80186845 time/batch=4.42s
605/3508 (epoch 0.862) train_loss=499.27813245 time/batch=4.49s
606/3508 (epoch 0.864) train_loss=437.97943106 time/batch=4.06s
607/3508 (epoch 0.865) train_loss=323.01532690 time/batch=3.08s
608/3508 (epoch 0.867) train_loss=498.36564605 time/batch=4.47s
609/3508 (epoch 0.868) train_loss=465.12885072 time/batch=4.04s
610/3508 (epoch 0.869) train_loss=421.55670870 time/batch=3.80s
611/3508 (epoch 0.871) train_loss=368.50835480 time/batch=3.39s
612/3508 (epoch 0.872) train_loss=560.95447446 time/batch=6.13s
613/3508 (epoch 0.874) train_loss=333.48032569 time/batch=3.08s
614/3508 (epoch 0.875) train_loss=503.61157191 time/batch=4.58s
615/3508 (epoch 0.877) train_loss=332.44990065 time/batch=3.20s
616/3508 (epoch 0.878) train_loss=448.63188745 time/batch=4.17s
617/3508 (epoch 0.879) train_loss=322.00439053 time/batch=3.14s
618/3508 (epoch 0.881) train_loss=323.04401312 time/batch=3.13s
619/3508 (epoch 0.882) train_loss=329.49589514 time/batch=3.27s
620/3508 (epoch 0.884) train_loss=468.32307659 time/batch=4.16s
621/3508 (epoch 0.885) train_loss=533.28488643 time/batch=4.88s
622/3508 (epoch 0.887) train_loss=464.63208346 time/batch=4.31s
623/3508 (epoch 0.888) train_loss=480.19784258 time/batch=4.48s
624/3508 (epoch 0.889) train_loss=542.57888102 time/batch=6.22s
625/3508 (epoch 0.891) train_loss=407.89199670 time/batch=3.84s
626/3508 (epoch 0.892) train_loss=330.45218179 time/batch=3.29s
627/3508 (epoch 0.894) train_loss=355.02103690 time/batch=3.31s
628/3508 (epoch 0.895) train_loss=413.93056344 time/batch=4.74s
629/3508 (epoch 0.896) train_loss=341.57195171 time/batch=7.16s
630/3508 (epoch 0.898) train_loss=411.17897813 time/batch=8.91s
631/3508 (epoch 0.899) train_loss=484.33882090 time/batch=9.82s
632/3508 (epoch 0.901) train_loss=336.57077156 time/batch=6.82s
633/3508 (epoch 0.902) train_loss=425.04804370 time/batch=8.92s
634/3508 (epoch 0.904) train_loss=368.95100727 time/batch=7.41s
635/3508 (epoch 0.905) train_loss=344.46083490 time/batch=7.06s
636/3508 (epoch 0.906) train_loss=424.47196163 time/batch=4.04s
637/3508 (epoch 0.908) train_loss=338.47707854 time/batch=3.23s
638/3508 (epoch 0.909) train_loss=468.28352513 time/batch=4.31s
639/3508 (epoch 0.911) train_loss=375.06789755 time/batch=3.52s
640/3508 (epoch 0.912) train_loss=423.07392672 time/batch=7.90s
641/3508 (epoch 0.914) train_loss=518.15859046 time/batch=10.46s
642/3508 (epoch 0.915) train_loss=432.21739944 time/batch=8.95s
643/3508 (epoch 0.916) train_loss=388.25281684 time/batch=7.85s
644/3508 (epoch 0.918) train_loss=501.38071340 time/batch=10.08s
645/3508 (epoch 0.919) train_loss=333.20937882 time/batch=7.09s
646/3508 (epoch 0.921) train_loss=367.14948352 time/batch=7.37s
647/3508 (epoch 0.922) train_loss=431.39853926 time/batch=9.03s
648/3508 (epoch 0.924) train_loss=445.23048350 time/batch=9.13s
649/3508 (epoch 0.925) train_loss=320.25174996 time/batch=6.75s
650/3508 (epoch 0.926) train_loss=360.54172265 time/batch=7.52s
651/3508 (epoch 0.928) train_loss=313.80486624 time/batch=6.76s
652/3508 (epoch 0.929) train_loss=317.62927138 time/batch=6.79s
653/3508 (epoch 0.931) train_loss=489.68934478 time/batch=10.14s
654/3508 (epoch 0.932) train_loss=408.82133574 time/batch=8.84s
655/3508 (epoch 0.934) train_loss=456.64012703 time/batch=10.13s
656/3508 (epoch 0.935) train_loss=485.37969854 time/batch=9.32s
657/3508 (epoch 0.936) train_loss=324.57689553 time/batch=6.92s
658/3508 (epoch 0.938) train_loss=402.12608509 time/batch=8.14s
659/3508 (epoch 0.939) train_loss=423.65266960 time/batch=8.84s
660/3508 (epoch 0.941) train_loss=423.15745456 time/batch=8.83s
661/3508 (epoch 0.942) train_loss=444.84401662 time/batch=8.87s
662/3508 (epoch 0.944) train_loss=459.27222749 time/batch=9.16s
663/3508 (epoch 0.945) train_loss=413.85855061 time/batch=8.79s
664/3508 (epoch 0.946) train_loss=418.92760941 time/batch=8.79s
665/3508 (epoch 0.948) train_loss=332.22948762 time/batch=7.11s
666/3508 (epoch 0.949) train_loss=341.92809170 time/batch=7.15s
667/3508 (epoch 0.951) train_loss=378.71174534 time/batch=7.86s
668/3508 (epoch 0.952) train_loss=413.55348282 time/batch=8.78s
669/3508 (epoch 0.954) train_loss=460.13380128 time/batch=9.33s
670/3508 (epoch 0.955) train_loss=390.97026268 time/batch=8.12s
671/3508 (epoch 0.956) train_loss=373.11933271 time/batch=7.40s
672/3508 (epoch 0.958) train_loss=343.10377899 time/batch=7.16s
673/3508 (epoch 0.959) train_loss=336.07172289 time/batch=7.15s
674/3508 (epoch 0.961) train_loss=361.61258855 time/batch=7.47s
675/3508 (epoch 0.962) train_loss=444.37073258 time/batch=9.13s
676/3508 (epoch 0.963) train_loss=422.92976875 time/batch=8.93s
677/3508 (epoch 0.965) train_loss=445.06555949 time/batch=9.17s
678/3508 (epoch 0.966) train_loss=345.98893633 time/batch=7.49s
679/3508 (epoch 0.968) train_loss=429.69641573 time/batch=8.90s
680/3508 (epoch 0.969) train_loss=332.22042149 time/batch=6.94s
681/3508 (epoch 0.971) train_loss=423.55036227 time/batch=8.95s
682/3508 (epoch 0.972) train_loss=366.13280561 time/batch=7.47s
683/3508 (epoch 0.973) train_loss=414.86473767 time/batch=8.86s
684/3508 (epoch 0.975) train_loss=440.85949058 time/batch=9.15s
685/3508 (epoch 0.976) train_loss=415.80053248 time/batch=9.08s
686/3508 (epoch 0.978) train_loss=346.39698973 time/batch=6.90s
687/3508 (epoch 0.979) train_loss=430.42165895 time/batch=9.04s
688/3508 (epoch 0.981) train_loss=418.66630012 time/batch=9.03s
689/3508 (epoch 0.982) train_loss=445.86615730 time/batch=9.03s
690/3508 (epoch 0.983) train_loss=424.53642298 time/batch=9.05s
691/3508 (epoch 0.985) train_loss=360.47135624 time/batch=7.44s
692/3508 (epoch 0.986) train_loss=434.00687880 time/batch=9.05s
693/3508 (epoch 0.988) train_loss=425.13300459 time/batch=9.08s
694/3508 (epoch 0.989) train_loss=359.42192962 time/batch=7.45s
695/3508 (epoch 0.991) train_loss=426.15301146 time/batch=8.92s
696/3508 (epoch 0.992) train_loss=423.16244842 time/batch=8.93s
697/3508 (epoch 0.993) train_loss=325.63380646 time/batch=7.44s
698/3508 (epoch 0.995) train_loss=430.01554051 time/batch=8.90s
699/3508 (epoch 0.996) train_loss=403.80016348 time/batch=8.82s
700/3508 (epoch 0.998) train_loss=398.03848914 time/batch=8.79s
701/3508 (epoch 0.999) train_loss=423.03013463 time/batch=8.93s
702/3508 (epoch 1.001) train_loss=723.17182355 time/batch=13.93s
703/3508 (epoch 1.002) train_loss=1588.61733713 time/batch=30.02s
704/3508 (epoch 1.003) train_loss=309.81154376 time/batch=6.34s
705/3508 (epoch 1.005) train_loss=1042.37579295 time/batch=20.94s
706/3508 (epoch 1.006) train_loss=420.46888300 time/batch=8.54s
707/3508 (epoch 1.008) train_loss=965.61658163 time/batch=18.91s
708/3508 (epoch 1.009) train_loss=677.82292023 time/batch=12.51s
709/3508 (epoch 1.011) train_loss=2042.94152416 time/batch=39.78s
710/3508 (epoch 1.012) train_loss=1035.44370854 time/batch=19.83s
711/3508 (epoch 1.013) train_loss=226.37882595 time/batch=4.63s
712/3508 (epoch 1.015) train_loss=2671.31647055 time/batch=55.08s
713/3508 (epoch 1.016) train_loss=1639.21585924 time/batch=27.42s
714/3508 (epoch 1.018) train_loss=1996.54442130 time/batch=40.48s
715/3508 (epoch 1.019) train_loss=600.61234748 time/batch=11.31s
716/3508 (epoch 1.020) train_loss=1567.35659483 time/batch=30.50s
717/3508 (epoch 1.022) train_loss=743.90541099 time/batch=14.40s
718/3508 (epoch 1.023) train_loss=477.89057202 time/batch=9.78s
719/3508 (epoch 1.025) train_loss=341.36677093 time/batch=7.10s
720/3508 (epoch 1.026) train_loss=2702.62516727 time/batch=65.16s
721/3508 (epoch 1.028) train_loss=283.17230867 time/batch=5.58s
722/3508 (epoch 1.029) train_loss=745.36720900 time/batch=14.40s
723/3508 (epoch 1.030) train_loss=314.62997616 time/batch=5.85s
724/3508 (epoch 1.032) train_loss=895.24941371 time/batch=8.01s
725/3508 (epoch 1.033) train_loss=295.81640205 time/batch=2.56s
726/3508 (epoch 1.035) train_loss=326.28727173 time/batch=2.91s
727/3508 (epoch 1.036) train_loss=336.07575899 time/batch=3.11s
728/3508 (epoch 1.038) train_loss=818.48467939 time/batch=7.28s
729/3508 (epoch 1.039) train_loss=855.13240237 time/batch=7.73s
730/3508 (epoch 1.040) train_loss=225.15674991 time/batch=2.03s
731/3508 (epoch 1.042) train_loss=1529.96247104 time/batch=18.51s
732/3508 (epoch 1.043) train_loss=448.00116457 time/batch=8.72s
733/3508 (epoch 1.045) train_loss=215.57712420 time/batch=4.57s
734/3508 (epoch 1.046) train_loss=446.14387008 time/batch=9.11s
735/3508 (epoch 1.048) train_loss=360.65112174 time/batch=7.47s
736/3508 (epoch 1.049) train_loss=399.32327623 time/batch=8.04s
737/3508 (epoch 1.050) train_loss=808.18139407 time/batch=15.74s
738/3508 (epoch 1.052) train_loss=1154.75821938 time/batch=22.37s
739/3508 (epoch 1.053) train_loss=3174.52500680 time/batch=115.84s
740/3508 (epoch 1.055) train_loss=468.70656232 time/batch=9.00s
741/3508 (epoch 1.056) train_loss=357.27279300 time/batch=7.37s
742/3508 (epoch 1.058) train_loss=176.26909396 time/batch=3.77s
743/3508 (epoch 1.059) train_loss=636.79562655 time/batch=12.59s
744/3508 (epoch 1.060) train_loss=394.60475450 time/batch=8.01s
745/3508 (epoch 1.062) train_loss=435.77928610 time/batch=9.01s
746/3508 (epoch 1.063) train_loss=395.66724193 time/batch=8.01s
747/3508 (epoch 1.065) train_loss=813.56756627 time/batch=16.15s
748/3508 (epoch 1.066) train_loss=527.97136549 time/batch=10.44s
749/3508 (epoch 1.068) train_loss=793.18729219 time/batch=15.08s
750/3508 (epoch 1.069) train_loss=330.43443819 time/batch=6.75s
751/3508 (epoch 1.070) train_loss=204.00250774 time/batch=4.27s
752/3508 (epoch 1.072) train_loss=1283.76422285 time/batch=25.45s
753/3508 (epoch 1.073) train_loss=330.89586593 time/batch=6.80s
754/3508 (epoch 1.075) train_loss=321.71718312 time/batch=6.60s
755/3508 (epoch 1.076) train_loss=1119.55247848 time/batch=22.00s
756/3508 (epoch 1.077) train_loss=983.80151930 time/batch=18.93s
757/3508 (epoch 1.079) train_loss=391.00229494 time/batch=7.88s
758/3508 (epoch 1.080) train_loss=1279.52077766 time/batch=26.28s
759/3508 (epoch 1.082) train_loss=343.63990919 time/batch=7.01s
760/3508 (epoch 1.083) train_loss=265.10196426 time/batch=5.33s
761/3508 (epoch 1.085) train_loss=816.07226203 time/batch=15.94s
762/3508 (epoch 1.086) train_loss=223.63882539 time/batch=4.72s
763/3508 (epoch 1.087) train_loss=1125.65535453 time/batch=22.49s
764/3508 (epoch 1.089) train_loss=374.18894312 time/batch=7.67s
765/3508 (epoch 1.090) train_loss=322.13452500 time/batch=6.86s
766/3508 (epoch 1.092) train_loss=1255.15811774 time/batch=25.65s
767/3508 (epoch 1.093) train_loss=197.38661045 time/batch=4.30s
768/3508 (epoch 1.095) train_loss=890.23436240 time/batch=17.99s
769/3508 (epoch 1.096) train_loss=332.88657798 time/batch=6.94s
770/3508 (epoch 1.097) train_loss=970.65779055 time/batch=19.22s
771/3508 (epoch 1.099) train_loss=530.55211259 time/batch=10.40s
772/3508 (epoch 1.100) train_loss=416.82535219 time/batch=8.10s
773/3508 (epoch 1.102) train_loss=923.09922668 time/batch=18.01s
774/3508 (epoch 1.103) train_loss=641.53725974 time/batch=13.54s
775/3508 (epoch 1.105) train_loss=916.40188574 time/batch=18.66s
776/3508 (epoch 1.106) train_loss=404.39932284 time/batch=8.59s
777/3508 (epoch 1.107) train_loss=590.71814447 time/batch=11.59s
778/3508 (epoch 1.109) train_loss=427.36149532 time/batch=8.61s
779/3508 (epoch 1.110) train_loss=584.39756191 time/batch=11.20s
780/3508 (epoch 1.112) train_loss=278.01576696 time/batch=5.73s
781/3508 (epoch 1.113) train_loss=702.01690048 time/batch=13.79s
782/3508 (epoch 1.115) train_loss=393.53160917 time/batch=8.11s
783/3508 (epoch 1.116) train_loss=205.45063222 time/batch=4.47s
784/3508 (epoch 1.117) train_loss=1705.00662787 time/batch=33.23s
785/3508 (epoch 1.119) train_loss=1168.43266010 time/batch=23.83s
786/3508 (epoch 1.120) train_loss=704.48367680 time/batch=12.65s
787/3508 (epoch 1.122) train_loss=978.85034222 time/batch=19.13s
788/3508 (epoch 1.123) train_loss=1053.94179758 time/batch=20.28s
789/3508 (epoch 1.125) train_loss=703.48861918 time/batch=11.12s
790/3508 (epoch 1.126) train_loss=781.31034116 time/batch=14.68s
791/3508 (epoch 1.127) train_loss=486.34823811 time/batch=9.11s
792/3508 (epoch 1.129) train_loss=851.01706844 time/batch=17.00s
793/3508 (epoch 1.130) train_loss=561.17154095 time/batch=10.84s
794/3508 (epoch 1.132) train_loss=733.64785552 time/batch=14.49s
795/3508 (epoch 1.133) train_loss=1066.19219778 time/batch=21.40s
796/3508 (epoch 1.135) train_loss=569.93841306 time/batch=11.35s
797/3508 (epoch 1.136) train_loss=632.11253464 time/batch=12.28s
798/3508 (epoch 1.137) train_loss=1335.38087639 time/batch=26.57s
799/3508 (epoch 1.139) train_loss=1219.44373620 time/batch=26.62s
800/3508 (epoch 1.140) train_loss=167.62432508 time/batch=3.61s
801/3508 (epoch 1.142) train_loss=573.29077252 time/batch=11.08s
802/3508 (epoch 1.143) train_loss=396.90695634 time/batch=7.80s
803/3508 (epoch 1.144) train_loss=1500.75533371 time/batch=29.75s
804/3508 (epoch 1.146) train_loss=1130.44777025 time/batch=14.55s
805/3508 (epoch 1.147) train_loss=613.68692379 time/batch=12.02s
806/3508 (epoch 1.149) train_loss=624.16956103 time/batch=12.56s
807/3508 (epoch 1.150) train_loss=153.83600888 time/batch=3.48s
808/3508 (epoch 1.152) train_loss=187.98709073 time/batch=4.08s
809/3508 (epoch 1.153) train_loss=398.34391076 time/batch=8.30s
810/3508 (epoch 1.154) train_loss=175.84809367 time/batch=4.33s
811/3508 (epoch 1.156) train_loss=661.17455457 time/batch=13.71s
812/3508 (epoch 1.157) train_loss=521.61624340 time/batch=10.66s
813/3508 (epoch 1.159) train_loss=996.72755782 time/batch=20.21s
814/3508 (epoch 1.160) train_loss=414.38989185 time/batch=8.54s
815/3508 (epoch 1.162) train_loss=1128.02283467 time/batch=22.70s
816/3508 (epoch 1.163) train_loss=580.83056910 time/batch=10.77s
817/3508 (epoch 1.164) train_loss=419.73246484 time/batch=8.51s
818/3508 (epoch 1.166) train_loss=594.40841372 time/batch=11.72s
819/3508 (epoch 1.167) train_loss=548.58052019 time/batch=10.51s
820/3508 (epoch 1.169) train_loss=251.28440363 time/batch=5.21s
821/3508 (epoch 1.170) train_loss=809.93485780 time/batch=15.73s
822/3508 (epoch 1.172) train_loss=525.10490926 time/batch=10.42s
823/3508 (epoch 1.173) train_loss=217.89934802 time/batch=4.69s
824/3508 (epoch 1.174) train_loss=584.26245231 time/batch=11.81s
825/3508 (epoch 1.176) train_loss=1020.72930619 time/batch=17.22s
826/3508 (epoch 1.177) train_loss=346.22118279 time/batch=3.34s
827/3508 (epoch 1.179) train_loss=325.34854612 time/batch=3.26s
828/3508 (epoch 1.180) train_loss=511.96914062 time/batch=4.83s
829/3508 (epoch 1.182) train_loss=665.09224978 time/batch=6.01s
830/3508 (epoch 1.183) train_loss=293.15942832 time/batch=2.53s
831/3508 (epoch 1.184) train_loss=766.52632584 time/batch=6.93s
832/3508 (epoch 1.186) train_loss=636.10262576 time/batch=5.87s
833/3508 (epoch 1.187) train_loss=847.88915316 time/batch=7.10s
834/3508 (epoch 1.189) train_loss=256.26332502 time/batch=2.30s
835/3508 (epoch 1.190) train_loss=292.04355297 time/batch=2.73s
836/3508 (epoch 1.192) train_loss=940.29050639 time/batch=8.23s
837/3508 (epoch 1.193) train_loss=221.27533239 time/batch=2.13s
838/3508 (epoch 1.194) train_loss=730.79118011 time/batch=6.72s
839/3508 (epoch 1.196) train_loss=654.24592351 time/batch=5.65s
840/3508 (epoch 1.197) train_loss=675.90138229 time/batch=6.16s
841/3508 (epoch 1.199) train_loss=1093.06036493 time/batch=10.16s
842/3508 (epoch 1.200) train_loss=239.32266521 time/batch=2.19s
843/3508 (epoch 1.201) train_loss=1073.41540080 time/batch=9.25s
844/3508 (epoch 1.203) train_loss=806.21921746 time/batch=6.60s
845/3508 (epoch 1.204) train_loss=992.28472970 time/batch=8.73s
846/3508 (epoch 1.206) train_loss=400.78695249 time/batch=3.69s
847/3508 (epoch 1.207) train_loss=611.11357662 time/batch=5.45s
848/3508 (epoch 1.209) train_loss=801.38049730 time/batch=7.30s
849/3508 (epoch 1.210) train_loss=675.56086801 time/batch=5.81s
850/3508 (epoch 1.211) train_loss=632.29140178 time/batch=6.02s
851/3508 (epoch 1.213) train_loss=301.38037810 time/batch=3.70s
852/3508 (epoch 1.214) train_loss=204.43122668 time/batch=4.68s
853/3508 (epoch 1.216) train_loss=662.53517670 time/batch=13.76s
854/3508 (epoch 1.217) train_loss=483.10548468 time/batch=10.26s
855/3508 (epoch 1.219) train_loss=505.61745037 time/batch=10.62s
856/3508 (epoch 1.220) train_loss=873.13492453 time/batch=17.49s
857/3508 (epoch 1.221) train_loss=1100.89662520 time/batch=22.99s
858/3508 (epoch 1.223) train_loss=471.76714441 time/batch=9.66s
859/3508 (epoch 1.224) train_loss=906.02253690 time/batch=19.59s
860/3508 (epoch 1.226) train_loss=562.95717438 time/batch=11.52s
861/3508 (epoch 1.227) train_loss=399.27658103 time/batch=8.35s
862/3508 (epoch 1.229) train_loss=502.74110032 time/batch=10.66s
863/3508 (epoch 1.230) train_loss=605.92949085 time/batch=12.75s
864/3508 (epoch 1.231) train_loss=430.11004428 time/batch=9.39s
865/3508 (epoch 1.233) train_loss=843.68928057 time/batch=17.93s
866/3508 (epoch 1.234) train_loss=396.40119704 time/batch=8.64s
867/3508 (epoch 1.236) train_loss=733.37047870 time/batch=14.81s
868/3508 (epoch 1.237) train_loss=485.07533787 time/batch=9.18s
869/3508 (epoch 1.239) train_loss=323.69598295 time/batch=7.08s
870/3508 (epoch 1.240) train_loss=745.40953600 time/batch=15.24s
871/3508 (epoch 1.241) train_loss=284.20909342 time/batch=6.16s
872/3508 (epoch 1.243) train_loss=527.94912542 time/batch=11.15s
873/3508 (epoch 1.244) train_loss=622.19626591 time/batch=13.10s
874/3508 (epoch 1.246) train_loss=631.46919342 time/batch=12.59s
875/3508 (epoch 1.247) train_loss=399.44337353 time/batch=8.85s
876/3508 (epoch 1.249) train_loss=858.46775247 time/batch=16.92s
877/3508 (epoch 1.250) train_loss=654.12496349 time/batch=13.85s
878/3508 (epoch 1.251) train_loss=663.41662449 time/batch=11.71s
879/3508 (epoch 1.253) train_loss=420.65616887 time/batch=4.11s
880/3508 (epoch 1.254) train_loss=402.99685869 time/batch=7.54s
881/3508 (epoch 1.256) train_loss=620.44907752 time/batch=12.81s
882/3508 (epoch 1.257) train_loss=398.96138644 time/batch=8.70s
883/3508 (epoch 1.259) train_loss=457.46387088 time/batch=9.83s
884/3508 (epoch 1.260) train_loss=351.37035017 time/batch=7.71s
885/3508 (epoch 1.261) train_loss=223.03234993 time/batch=5.16s
886/3508 (epoch 1.263) train_loss=672.55082238 time/batch=14.19s
887/3508 (epoch 1.264) train_loss=193.75966501 time/batch=4.56s
888/3508 (epoch 1.266) train_loss=606.13840172 time/batch=13.24s
889/3508 (epoch 1.267) train_loss=346.28255912 time/batch=7.66s
890/3508 (epoch 1.268) train_loss=605.78099496 time/batch=12.45s
891/3508 (epoch 1.270) train_loss=297.54280713 time/batch=6.13s
892/3508 (epoch 1.271) train_loss=812.60563736 time/batch=16.51s
893/3508 (epoch 1.273) train_loss=788.95324192 time/batch=14.87s
894/3508 (epoch 1.274) train_loss=742.35773599 time/batch=13.99s
895/3508 (epoch 1.276) train_loss=450.58725990 time/batch=9.44s
896/3508 (epoch 1.277) train_loss=285.02673780 time/batch=6.14s
897/3508 (epoch 1.278) train_loss=672.10696545 time/batch=14.01s
898/3508 (epoch 1.280) train_loss=400.65393788 time/batch=8.69s
899/3508 (epoch 1.281) train_loss=398.74537062 time/batch=8.78s
900/3508 (epoch 1.283) train_loss=467.08251573 time/batch=10.09s
901/3508 (epoch 1.284) train_loss=394.71815312 time/batch=8.87s
902/3508 (epoch 1.286) train_loss=337.34629069 time/batch=7.45s
903/3508 (epoch 1.287) train_loss=554.27222459 time/batch=11.81s
904/3508 (epoch 1.288) train_loss=630.09510948 time/batch=13.60s
905/3508 (epoch 1.290) train_loss=599.88891574 time/batch=12.02s
906/3508 (epoch 1.291) train_loss=227.31656803 time/batch=4.93s
907/3508 (epoch 1.293) train_loss=285.59892382 time/batch=6.29s
908/3508 (epoch 1.294) train_loss=399.63318802 time/batch=9.12s
909/3508 (epoch 1.296) train_loss=736.96228500 time/batch=15.57s
910/3508 (epoch 1.297) train_loss=636.84093542 time/batch=14.00s
911/3508 (epoch 1.298) train_loss=487.96929579 time/batch=10.33s
912/3508 (epoch 1.300) train_loss=746.80333287 time/batch=15.67s
913/3508 (epoch 1.301) train_loss=386.19568128 time/batch=8.03s
914/3508 (epoch 1.303) train_loss=661.00559953 time/batch=13.74s
915/3508 (epoch 1.304) train_loss=360.70261377 time/batch=7.97s
916/3508 (epoch 1.306) train_loss=605.37501466 time/batch=12.85s
917/3508 (epoch 1.307) train_loss=393.58683802 time/batch=8.23s
918/3508 (epoch 1.308) train_loss=874.37050324 time/batch=18.59s
919/3508 (epoch 1.310) train_loss=574.30587840 time/batch=12.10s
920/3508 (epoch 1.311) train_loss=536.34090100 time/batch=11.56s
921/3508 (epoch 1.313) train_loss=315.10678418 time/batch=7.02s
922/3508 (epoch 1.314) train_loss=394.76332882 time/batch=8.98s
923/3508 (epoch 1.316) train_loss=482.83246164 time/batch=10.39s
924/3508 (epoch 1.317) train_loss=397.52492999 time/batch=8.46s
925/3508 (epoch 1.318) train_loss=261.84242313 time/batch=5.71s
926/3508 (epoch 1.320) train_loss=487.45824541 time/batch=10.58s
927/3508 (epoch 1.321) train_loss=889.43106492 time/batch=17.74s
928/3508 (epoch 1.323) train_loss=223.87274887 time/batch=4.84s
929/3508 (epoch 1.324) train_loss=286.87841360 time/batch=6.26s
930/3508 (epoch 1.325) train_loss=534.14491493 time/batch=11.19s
931/3508 (epoch 1.327) train_loss=397.20525074 time/batch=8.84s
932/3508 (epoch 1.328) train_loss=699.19007589 time/batch=14.10s
933/3508 (epoch 1.330) train_loss=476.90489136 time/batch=9.58s
934/3508 (epoch 1.331) train_loss=545.25231315 time/batch=11.50s
935/3508 (epoch 1.333) train_loss=494.23779864 time/batch=10.70s
936/3508 (epoch 1.334) train_loss=480.11814017 time/batch=10.58s
937/3508 (epoch 1.335) train_loss=348.40808865 time/batch=7.67s
938/3508 (epoch 1.337) train_loss=379.68688563 time/batch=6.83s
939/3508 (epoch 1.338) train_loss=299.40902709 time/batch=3.05s
940/3508 (epoch 1.340) train_loss=253.38139940 time/batch=5.36s
941/3508 (epoch 1.341) train_loss=239.26041321 time/batch=5.43s
942/3508 (epoch 1.343) train_loss=744.36899513 time/batch=16.48s
943/3508 (epoch 1.344) train_loss=244.54000174 time/batch=5.53s
944/3508 (epoch 1.345) train_loss=579.07459783 time/batch=12.10s
945/3508 (epoch 1.347) train_loss=517.94707468 time/batch=11.05s
946/3508 (epoch 1.348) train_loss=550.51510406 time/batch=11.85s
947/3508 (epoch 1.350) train_loss=461.80345601 time/batch=9.87s
948/3508 (epoch 1.351) train_loss=237.54250992 time/batch=5.31s
949/3508 (epoch 1.353) train_loss=607.43561347 time/batch=13.23s
950/3508 (epoch 1.354) train_loss=608.42847749 time/batch=12.90s
951/3508 (epoch 1.355) train_loss=476.35140583 time/batch=10.45s
952/3508 (epoch 1.357) train_loss=519.32973992 time/batch=10.89s
953/3508 (epoch 1.358) train_loss=503.82902778 time/batch=10.92s
954/3508 (epoch 1.360) train_loss=311.10589827 time/batch=7.08s
955/3508 (epoch 1.361) train_loss=375.75207583 time/batch=8.75s
956/3508 (epoch 1.363) train_loss=686.26523861 time/batch=15.15s
957/3508 (epoch 1.364) train_loss=293.98694389 time/batch=6.64s
958/3508 (epoch 1.365) train_loss=661.11493455 time/batch=6.62s
959/3508 (epoch 1.367) train_loss=391.91573546 time/batch=4.36s
960/3508 (epoch 1.368) train_loss=783.09613372 time/batch=8.13s
961/3508 (epoch 1.370) train_loss=550.16362720 time/batch=5.27s
962/3508 (epoch 1.371) train_loss=502.48052465 time/batch=4.80s
963/3508 (epoch 1.373) train_loss=639.99344138 time/batch=5.88s
964/3508 (epoch 1.374) train_loss=704.34511899 time/batch=6.33s
965/3508 (epoch 1.375) train_loss=270.60498287 time/batch=2.62s
966/3508 (epoch 1.377) train_loss=286.53621880 time/batch=2.79s
967/3508 (epoch 1.378) train_loss=523.08382725 time/batch=4.97s
968/3508 (epoch 1.380) train_loss=392.05860813 time/batch=4.09s
969/3508 (epoch 1.381) train_loss=268.32731582 time/batch=2.69s
970/3508 (epoch 1.383) train_loss=789.48134919 time/batch=7.31s
971/3508 (epoch 1.384) train_loss=597.78456598 time/batch=5.77s
972/3508 (epoch 1.385) train_loss=790.61210537 time/batch=7.49s
973/3508 (epoch 1.387) train_loss=546.25325690 time/batch=5.30s
974/3508 (epoch 1.388) train_loss=318.31355868 time/batch=3.23s
975/3508 (epoch 1.390) train_loss=637.94893378 time/batch=6.06s
976/3508 (epoch 1.391) train_loss=480.33325219 time/batch=4.65s
977/3508 (epoch 1.392) train_loss=233.38734410 time/batch=2.47s
978/3508 (epoch 1.394) train_loss=277.82415494 time/batch=2.85s
979/3508 (epoch 1.395) train_loss=511.28514855 time/batch=5.09s
980/3508 (epoch 1.397) train_loss=459.82303925 time/batch=4.63s
981/3508 (epoch 1.398) train_loss=383.77550191 time/batch=3.98s
982/3508 (epoch 1.400) train_loss=502.23586819 time/batch=4.87s
983/3508 (epoch 1.401) train_loss=659.62564311 time/batch=6.20s
984/3508 (epoch 1.402) train_loss=501.32995977 time/batch=4.74s
985/3508 (epoch 1.404) train_loss=493.55611889 time/batch=4.77s
986/3508 (epoch 1.405) train_loss=273.64286720 time/batch=2.76s
987/3508 (epoch 1.407) train_loss=478.06537032 time/batch=4.72s
988/3508 (epoch 1.408) train_loss=493.77245896 time/batch=5.03s
989/3508 (epoch 1.410) train_loss=360.15441204 time/batch=3.85s
990/3508 (epoch 1.411) train_loss=431.03915064 time/batch=4.55s
991/3508 (epoch 1.412) train_loss=298.16834785 time/batch=3.38s
992/3508 (epoch 1.414) train_loss=824.78624253 time/batch=8.19s
993/3508 (epoch 1.415) train_loss=785.05841099 time/batch=7.65s
994/3508 (epoch 1.417) train_loss=421.81354959 time/batch=4.40s
995/3508 (epoch 1.418) train_loss=436.67372581 time/batch=4.53s
996/3508 (epoch 1.420) train_loss=522.85072544 time/batch=5.43s
997/3508 (epoch 1.421) train_loss=442.96606568 time/batch=4.59s
998/3508 (epoch 1.422) train_loss=603.02598761 time/batch=5.83s
999/3508 (epoch 1.424) train_loss=677.54228346 time/batch=6.71s
Validating
    loss:	465.916485

1000/3508 (epoch 1.425) train_loss=291.27761568 time/batch=98.23s
1001/3508 (epoch 1.427) train_loss=542.14860568 time/batch=5.51s
1002/3508 (epoch 1.428) train_loss=310.52141546 time/batch=3.22s
1003/3508 (epoch 1.430) train_loss=313.10583204 time/batch=3.42s
1004/3508 (epoch 1.431) train_loss=395.81994130 time/batch=4.28s
1005/3508 (epoch 1.432) train_loss=597.40986644 time/batch=6.21s
1006/3508 (epoch 1.434) train_loss=343.23651413 time/batch=3.71s
1007/3508 (epoch 1.435) train_loss=416.28307168 time/batch=4.42s
1008/3508 (epoch 1.437) train_loss=285.84321220 time/batch=3.14s
1009/3508 (epoch 1.438) train_loss=341.11372711 time/batch=3.63s
1010/3508 (epoch 1.440) train_loss=277.45154067 time/batch=2.94s
1011/3508 (epoch 1.441) train_loss=291.11730470 time/batch=3.40s
1012/3508 (epoch 1.442) train_loss=203.52113237 time/batch=2.29s
1013/3508 (epoch 1.444) train_loss=281.51989984 time/batch=3.15s
1014/3508 (epoch 1.445) train_loss=336.24567576 time/batch=3.65s
1015/3508 (epoch 1.447) train_loss=212.95769553 time/batch=2.35s
1016/3508 (epoch 1.448) train_loss=791.26054015 time/batch=8.25s
1017/3508 (epoch 1.449) train_loss=782.76294350 time/batch=7.44s
1018/3508 (epoch 1.451) train_loss=838.63178623 time/batch=8.09s
1019/3508 (epoch 1.452) train_loss=298.34767473 time/batch=3.03s
1020/3508 (epoch 1.454) train_loss=441.06370720 time/batch=4.34s
1021/3508 (epoch 1.455) train_loss=320.96581546 time/batch=3.33s
1022/3508 (epoch 1.457) train_loss=276.51746808 time/batch=2.88s
1023/3508 (epoch 1.458) train_loss=591.59219373 time/batch=5.65s
1024/3508 (epoch 1.459) train_loss=352.59257119 time/batch=3.59s
1025/3508 (epoch 1.461) train_loss=268.25970053 time/batch=2.81s
1026/3508 (epoch 1.462) train_loss=616.29124464 time/batch=5.96s
1027/3508 (epoch 1.464) train_loss=429.15464659 time/batch=4.32s
1028/3508 (epoch 1.465) train_loss=582.88881017 time/batch=5.63s
1029/3508 (epoch 1.467) train_loss=336.69776892 time/batch=3.30s
1030/3508 (epoch 1.468) train_loss=580.30666965 time/batch=5.92s
1031/3508 (epoch 1.469) train_loss=326.43796520 time/batch=3.42s
1032/3508 (epoch 1.471) train_loss=263.63130371 time/batch=2.91s
1033/3508 (epoch 1.472) train_loss=420.92644728 time/batch=4.30s
1034/3508 (epoch 1.474) train_loss=321.79797245 time/batch=3.31s
1035/3508 (epoch 1.475) train_loss=449.78905156 time/batch=4.42s
1036/3508 (epoch 1.477) train_loss=570.22626559 time/batch=5.63s
1037/3508 (epoch 1.478) train_loss=694.37361024 time/batch=6.72s
1038/3508 (epoch 1.479) train_loss=605.91818457 time/batch=5.96s
1039/3508 (epoch 1.481) train_loss=455.32464151 time/batch=4.29s
1040/3508 (epoch 1.482) train_loss=436.16490799 time/batch=4.23s
1041/3508 (epoch 1.484) train_loss=394.25846352 time/batch=4.02s
1042/3508 (epoch 1.485) train_loss=245.29562991 time/batch=2.53s
1043/3508 (epoch 1.487) train_loss=248.46452599 time/batch=2.59s
1044/3508 (epoch 1.488) train_loss=337.63484140 time/batch=3.49s
1045/3508 (epoch 1.489) train_loss=356.50387410 time/batch=3.61s
1046/3508 (epoch 1.491) train_loss=327.80185945 time/batch=3.41s
1047/3508 (epoch 1.492) train_loss=290.39820517 time/batch=3.00s
1048/3508 (epoch 1.494) train_loss=305.14178498 time/batch=3.31s
1049/3508 (epoch 1.495) train_loss=419.65507662 time/batch=4.41s
1050/3508 (epoch 1.497) train_loss=580.53136805 time/batch=5.66s
1051/3508 (epoch 1.498) train_loss=369.87395692 time/batch=3.85s
1052/3508 (epoch 1.499) train_loss=382.80867835 time/batch=4.03s
1053/3508 (epoch 1.501) train_loss=364.99393856 time/batch=3.68s
1054/3508 (epoch 1.502) train_loss=427.93794959 time/batch=4.33s
1055/3508 (epoch 1.504) train_loss=326.12117811 time/batch=3.30s
1056/3508 (epoch 1.505) train_loss=419.38970164 time/batch=4.21s
1057/3508 (epoch 1.507) train_loss=216.80989436 time/batch=2.29s
1058/3508 (epoch 1.508) train_loss=671.49378082 time/batch=6.54s
1059/3508 (epoch 1.509) train_loss=316.20937153 time/batch=3.24s
1060/3508 (epoch 1.511) train_loss=385.47066005 time/batch=3.99s
1061/3508 (epoch 1.512) train_loss=593.20517658 time/batch=5.71s
1062/3508 (epoch 1.514) train_loss=384.57629369 time/batch=3.96s
1063/3508 (epoch 1.515) train_loss=274.88512606 time/batch=2.80s
1064/3508 (epoch 1.516) train_loss=414.30987680 time/batch=4.28s
1065/3508 (epoch 1.518) train_loss=443.21746818 time/batch=4.50s
1066/3508 (epoch 1.519) train_loss=417.39692081 time/batch=4.36s
1067/3508 (epoch 1.521) train_loss=600.92182119 time/batch=5.66s
1068/3508 (epoch 1.522) train_loss=224.69630792 time/batch=2.26s
1069/3508 (epoch 1.524) train_loss=626.51874755 time/batch=6.02s
1070/3508 (epoch 1.525) train_loss=215.62456282 time/batch=2.30s
1071/3508 (epoch 1.526) train_loss=433.62547852 time/batch=4.40s
1072/3508 (epoch 1.528) train_loss=444.80671910 time/batch=4.60s
1073/3508 (epoch 1.529) train_loss=672.46873248 time/batch=6.79s
1074/3508 (epoch 1.531) train_loss=217.08197348 time/batch=2.34s
1075/3508 (epoch 1.532) train_loss=411.40826373 time/batch=4.34s
1076/3508 (epoch 1.534) train_loss=603.57202962 time/batch=5.98s
1077/3508 (epoch 1.535) train_loss=370.28021203 time/batch=3.73s
1078/3508 (epoch 1.536) train_loss=433.06892652 time/batch=4.38s
1079/3508 (epoch 1.538) train_loss=321.59938205 time/batch=3.32s
1080/3508 (epoch 1.539) train_loss=369.43110488 time/batch=3.69s
1081/3508 (epoch 1.541) train_loss=356.78925084 time/batch=3.69s
1082/3508 (epoch 1.542) train_loss=502.79788912 time/batch=5.03s
1083/3508 (epoch 1.544) train_loss=520.21096989 time/batch=5.12s
1084/3508 (epoch 1.545) train_loss=384.78666826 time/batch=4.01s
1085/3508 (epoch 1.546) train_loss=345.11126220 time/batch=3.57s
1086/3508 (epoch 1.548) train_loss=361.16359051 time/batch=3.87s
1087/3508 (epoch 1.549) train_loss=450.39740330 time/batch=4.68s
1088/3508 (epoch 1.551) train_loss=253.26539866 time/batch=2.61s
1089/3508 (epoch 1.552) train_loss=568.56371215 time/batch=5.70s
1090/3508 (epoch 1.554) train_loss=398.54220949 time/batch=4.31s
1091/3508 (epoch 1.555) train_loss=607.65560514 time/batch=6.05s
1092/3508 (epoch 1.556) train_loss=462.27304686 time/batch=4.74s
1093/3508 (epoch 1.558) train_loss=644.65721945 time/batch=6.38s
1094/3508 (epoch 1.559) train_loss=289.12733080 time/batch=3.05s
1095/3508 (epoch 1.561) train_loss=351.27515307 time/batch=3.55s
1096/3508 (epoch 1.562) train_loss=271.30919526 time/batch=2.88s
1097/3508 (epoch 1.564) train_loss=357.69667725 time/batch=3.96s
1098/3508 (epoch 1.565) train_loss=301.62211593 time/batch=3.30s
1099/3508 (epoch 1.566) train_loss=432.76256219 time/batch=4.54s
1100/3508 (epoch 1.568) train_loss=433.93877213 time/batch=4.45s
1101/3508 (epoch 1.569) train_loss=412.18361521 time/batch=4.26s
1102/3508 (epoch 1.571) train_loss=277.05081522 time/batch=2.91s
1103/3508 (epoch 1.572) train_loss=405.90044989 time/batch=4.28s
1104/3508 (epoch 1.573) train_loss=372.36722990 time/batch=4.05s
1105/3508 (epoch 1.575) train_loss=414.77592128 time/batch=4.43s
1106/3508 (epoch 1.576) train_loss=279.67196561 time/batch=2.98s
1107/3508 (epoch 1.578) train_loss=360.15134445 time/batch=3.90s
1108/3508 (epoch 1.579) train_loss=353.56235203 time/batch=3.92s
1109/3508 (epoch 1.581) train_loss=279.20115246 time/batch=3.12s
1110/3508 (epoch 1.582) train_loss=538.39035648 time/batch=5.33s
1111/3508 (epoch 1.583) train_loss=408.95564278 time/batch=4.17s
1112/3508 (epoch 1.585) train_loss=377.17917053 time/batch=4.00s
1113/3508 (epoch 1.586) train_loss=462.50738856 time/batch=4.67s
1114/3508 (epoch 1.588) train_loss=357.83015479 time/batch=3.82s
1115/3508 (epoch 1.589) train_loss=278.03264726 time/batch=3.14s
1116/3508 (epoch 1.591) train_loss=350.67799540 time/batch=3.65s
1117/3508 (epoch 1.592) train_loss=329.77547880 time/batch=3.51s
1118/3508 (epoch 1.593) train_loss=248.98634034 time/batch=2.66s
1119/3508 (epoch 1.595) train_loss=375.92924912 time/batch=4.03s
1120/3508 (epoch 1.596) train_loss=284.60669675 time/batch=3.11s
1121/3508 (epoch 1.598) train_loss=326.36173040 time/batch=3.35s
1122/3508 (epoch 1.599) train_loss=367.48036187 time/batch=3.97s
1123/3508 (epoch 1.601) train_loss=360.23011213 time/batch=3.95s
1124/3508 (epoch 1.602) train_loss=356.44130855 time/batch=3.78s
1125/3508 (epoch 1.603) train_loss=384.54478181 time/batch=4.11s
1126/3508 (epoch 1.605) train_loss=265.50598409 time/batch=2.90s
1127/3508 (epoch 1.606) train_loss=565.99345410 time/batch=5.83s
1128/3508 (epoch 1.608) train_loss=414.48031394 time/batch=4.30s
1129/3508 (epoch 1.609) train_loss=614.09058906 time/batch=6.32s
1130/3508 (epoch 1.611) train_loss=315.68997847 time/batch=3.09s
1131/3508 (epoch 1.612) train_loss=306.00287401 time/batch=3.29s
1132/3508 (epoch 1.613) train_loss=347.30817979 time/batch=3.73s
1133/3508 (epoch 1.615) train_loss=284.23406668 time/batch=3.19s
1134/3508 (epoch 1.616) train_loss=225.55092358 time/batch=2.42s
1135/3508 (epoch 1.618) train_loss=429.76939820 time/batch=4.61s
1136/3508 (epoch 1.619) train_loss=574.76102561 time/batch=5.99s
1137/3508 (epoch 1.621) train_loss=271.33923865 time/batch=2.90s
1138/3508 (epoch 1.622) train_loss=368.48258484 time/batch=3.98s
1139/3508 (epoch 1.623) train_loss=360.87979692 time/batch=4.05s
1140/3508 (epoch 1.625) train_loss=482.50977439 time/batch=4.94s
1141/3508 (epoch 1.626) train_loss=340.20073576 time/batch=3.60s
1142/3508 (epoch 1.628) train_loss=284.22610536 time/batch=3.20s
1143/3508 (epoch 1.629) train_loss=643.15159621 time/batch=7.78s
1144/3508 (epoch 1.631) train_loss=526.49662302 time/batch=5.14s
1145/3508 (epoch 1.632) train_loss=345.92351067 time/batch=3.51s
1146/3508 (epoch 1.633) train_loss=405.09643141 time/batch=4.35s
1147/3508 (epoch 1.635) train_loss=409.99061380 time/batch=4.37s
1148/3508 (epoch 1.636) train_loss=381.20416442 time/batch=4.08s
1149/3508 (epoch 1.638) train_loss=426.44166695 time/batch=4.49s
1150/3508 (epoch 1.639) train_loss=254.85920833 time/batch=2.64s
1151/3508 (epoch 1.640) train_loss=592.36956010 time/batch=5.87s
1152/3508 (epoch 1.642) train_loss=415.13004743 time/batch=4.45s
1153/3508 (epoch 1.643) train_loss=338.80704971 time/batch=3.60s
1154/3508 (epoch 1.645) train_loss=674.57037191 time/batch=7.81s
1155/3508 (epoch 1.646) train_loss=456.70821287 time/batch=4.56s
1156/3508 (epoch 1.648) train_loss=617.30259282 time/batch=5.95s
1157/3508 (epoch 1.649) train_loss=359.53641016 time/batch=3.83s
1158/3508 (epoch 1.650) train_loss=514.69628623 time/batch=5.30s
1159/3508 (epoch 1.652) train_loss=265.70627198 time/batch=2.94s
1160/3508 (epoch 1.653) train_loss=309.79472849 time/batch=3.37s
1161/3508 (epoch 1.655) train_loss=448.10968907 time/batch=4.67s
1162/3508 (epoch 1.656) train_loss=587.49596834 time/batch=5.96s
1163/3508 (epoch 1.658) train_loss=246.46005416 time/batch=2.70s
1164/3508 (epoch 1.659) train_loss=310.93917770 time/batch=3.45s
1165/3508 (epoch 1.660) train_loss=332.26439002 time/batch=3.80s
1166/3508 (epoch 1.662) train_loss=406.53861893 time/batch=4.35s
1167/3508 (epoch 1.663) train_loss=374.78235909 time/batch=4.13s
1168/3508 (epoch 1.665) train_loss=276.64085071 time/batch=3.11s
1169/3508 (epoch 1.666) train_loss=425.80271964 time/batch=4.48s
1170/3508 (epoch 1.668) train_loss=310.30691670 time/batch=3.42s
1171/3508 (epoch 1.669) train_loss=348.23820789 time/batch=4.01s
1172/3508 (epoch 1.670) train_loss=347.02389358 time/batch=3.77s
1173/3508 (epoch 1.672) train_loss=543.28864516 time/batch=5.45s
1174/3508 (epoch 1.673) train_loss=396.12697794 time/batch=4.22s
1175/3508 (epoch 1.675) train_loss=261.75605447 time/batch=2.92s
1176/3508 (epoch 1.676) train_loss=296.05160779 time/batch=3.31s
1177/3508 (epoch 1.678) train_loss=506.69417399 time/batch=5.36s
1178/3508 (epoch 1.679) train_loss=329.92749329 time/batch=3.57s
1179/3508 (epoch 1.680) train_loss=424.99809885 time/batch=4.56s
1180/3508 (epoch 1.682) train_loss=269.60564090 time/batch=3.13s
1181/3508 (epoch 1.683) train_loss=551.86524443 time/batch=5.75s
1182/3508 (epoch 1.685) train_loss=347.35243303 time/batch=3.48s
1183/3508 (epoch 1.686) train_loss=474.77867866 time/batch=4.92s
1184/3508 (epoch 1.688) train_loss=437.78537156 time/batch=4.63s
1185/3508 (epoch 1.689) train_loss=266.45149671 time/batch=2.84s
1186/3508 (epoch 1.690) train_loss=259.24235219 time/batch=2.99s
1187/3508 (epoch 1.692) train_loss=288.01264078 time/batch=3.28s
1188/3508 (epoch 1.693) train_loss=427.36957020 time/batch=4.53s
1189/3508 (epoch 1.695) train_loss=494.29587165 time/batch=5.26s
1190/3508 (epoch 1.696) train_loss=338.26674710 time/batch=3.69s
1191/3508 (epoch 1.697) train_loss=434.92855628 time/batch=4.80s
1192/3508 (epoch 1.699) train_loss=352.79018485 time/batch=3.88s
1193/3508 (epoch 1.700) train_loss=476.03602616 time/batch=4.96s
1194/3508 (epoch 1.702) train_loss=476.27086272 time/batch=4.98s
1195/3508 (epoch 1.703) train_loss=363.61101630 time/batch=3.80s
1196/3508 (epoch 1.705) train_loss=346.54420189 time/batch=3.87s
1197/3508 (epoch 1.706) train_loss=403.32351793 time/batch=4.50s
1198/3508 (epoch 1.707) train_loss=508.07695974 time/batch=5.43s
1199/3508 (epoch 1.709) train_loss=386.62096149 time/batch=4.19s
1200/3508 (epoch 1.710) train_loss=358.88251603 time/batch=3.95s
1201/3508 (epoch 1.712) train_loss=287.89718617 time/batch=3.24s
1202/3508 (epoch 1.713) train_loss=421.96287556 time/batch=4.56s
1203/3508 (epoch 1.715) train_loss=259.52329314 time/batch=3.07s
1204/3508 (epoch 1.716) train_loss=305.93347177 time/batch=3.39s
1205/3508 (epoch 1.717) train_loss=471.75316625 time/batch=5.03s
1206/3508 (epoch 1.719) train_loss=266.22078086 time/batch=3.00s
1207/3508 (epoch 1.720) train_loss=269.99410755 time/batch=3.15s
1208/3508 (epoch 1.722) train_loss=237.53067566 time/batch=2.90s
1209/3508 (epoch 1.723) train_loss=406.57904860 time/batch=4.25s
1210/3508 (epoch 1.725) train_loss=318.67480353 time/batch=3.44s
1211/3508 (epoch 1.726) train_loss=363.61557998 time/batch=3.81s
1212/3508 (epoch 1.727) train_loss=359.93169276 time/batch=3.99s
1213/3508 (epoch 1.729) train_loss=349.66889400 time/batch=4.09s
1214/3508 (epoch 1.730) train_loss=367.49062232 time/batch=4.05s
1215/3508 (epoch 1.732) train_loss=528.99672672 time/batch=5.40s
1216/3508 (epoch 1.733) train_loss=359.58867977 time/batch=4.05s
1217/3508 (epoch 1.735) train_loss=369.70235081 time/batch=4.09s
1218/3508 (epoch 1.736) train_loss=347.29424439 time/batch=3.81s
1219/3508 (epoch 1.737) train_loss=339.64183001 time/batch=3.96s
1220/3508 (epoch 1.739) train_loss=418.82335767 time/batch=4.67s
1221/3508 (epoch 1.740) train_loss=512.71185503 time/batch=5.42s
1222/3508 (epoch 1.742) train_loss=414.82626248 time/batch=4.45s
1223/3508 (epoch 1.743) train_loss=313.75316252 time/batch=3.57s
1224/3508 (epoch 1.745) train_loss=255.87270696 time/batch=2.95s
1225/3508 (epoch 1.746) train_loss=268.30812848 time/batch=3.06s
1226/3508 (epoch 1.747) train_loss=359.14388236 time/batch=4.09s
1227/3508 (epoch 1.749) train_loss=210.21138197 time/batch=2.44s
1228/3508 (epoch 1.750) train_loss=437.22427416 time/batch=4.78s
1229/3508 (epoch 1.752) train_loss=260.68326844 time/batch=3.05s
1230/3508 (epoch 1.753) train_loss=343.66528555 time/batch=4.10s
1231/3508 (epoch 1.754) train_loss=345.09900338 time/batch=3.71s
1232/3508 (epoch 1.756) train_loss=429.88658434 time/batch=4.32s
1233/3508 (epoch 1.757) train_loss=350.75737386 time/batch=3.93s
1234/3508 (epoch 1.759) train_loss=364.18199219 time/batch=3.76s
1235/3508 (epoch 1.760) train_loss=398.04930311 time/batch=4.32s
1236/3508 (epoch 1.762) train_loss=257.55240922 time/batch=2.94s
1237/3508 (epoch 1.763) train_loss=414.12299291 time/batch=4.70s
1238/3508 (epoch 1.764) train_loss=286.14383310 time/batch=3.31s
1239/3508 (epoch 1.766) train_loss=369.14311119 time/batch=4.22s
1240/3508 (epoch 1.767) train_loss=336.51688887 time/batch=4.01s
1241/3508 (epoch 1.769) train_loss=264.20443674 time/batch=3.19s
1242/3508 (epoch 1.770) train_loss=368.65262010 time/batch=4.20s
1243/3508 (epoch 1.772) train_loss=311.57393430 time/batch=3.48s
1244/3508 (epoch 1.773) train_loss=340.66838178 time/batch=3.83s
1245/3508 (epoch 1.774) train_loss=408.14023771 time/batch=4.37s
1246/3508 (epoch 1.776) train_loss=425.95282434 time/batch=4.54s
1247/3508 (epoch 1.777) train_loss=266.64664711 time/batch=3.10s
1248/3508 (epoch 1.779) train_loss=372.09156910 time/batch=4.19s
1249/3508 (epoch 1.780) train_loss=375.18169813 time/batch=4.19s
1250/3508 (epoch 1.782) train_loss=398.01744610 time/batch=4.46s
1251/3508 (epoch 1.783) train_loss=411.66419921 time/batch=4.49s
1252/3508 (epoch 1.784) train_loss=263.94471023 time/batch=3.14s
1253/3508 (epoch 1.786) train_loss=325.57459041 time/batch=3.77s
1254/3508 (epoch 1.787) train_loss=343.85503409 time/batch=4.00s
1255/3508 (epoch 1.789) train_loss=524.70617898 time/batch=5.62s
1256/3508 (epoch 1.790) train_loss=287.05285734 time/batch=3.16s
1257/3508 (epoch 1.792) train_loss=353.21535851 time/batch=4.03s
1258/3508 (epoch 1.793) train_loss=351.36763095 time/batch=4.06s
1259/3508 (epoch 1.794) train_loss=405.93228246 time/batch=4.44s
1260/3508 (epoch 1.796) train_loss=265.51051944 time/batch=3.01s
1261/3508 (epoch 1.797) train_loss=445.23701433 time/batch=4.78s
1262/3508 (epoch 1.799) train_loss=450.09632448 time/batch=4.86s
1263/3508 (epoch 1.800) train_loss=260.17235125 time/batch=3.02s
1264/3508 (epoch 1.802) train_loss=335.03947935 time/batch=3.90s
1265/3508 (epoch 1.803) train_loss=305.58095418 time/batch=3.38s
1266/3508 (epoch 1.804) train_loss=397.40001691 time/batch=4.55s
1267/3508 (epoch 1.806) train_loss=285.50896091 time/batch=3.26s
1268/3508 (epoch 1.807) train_loss=273.33593724 time/batch=3.19s
1269/3508 (epoch 1.809) train_loss=403.70966961 time/batch=4.43s
1270/3508 (epoch 1.810) train_loss=247.02928771 time/batch=3.03s
1271/3508 (epoch 1.812) train_loss=405.20035244 time/batch=4.51s
1272/3508 (epoch 1.813) train_loss=341.95652205 time/batch=4.00s
1273/3508 (epoch 1.814) train_loss=392.23372381 time/batch=4.49s
1274/3508 (epoch 1.816) train_loss=341.49629335 time/batch=3.96s
1275/3508 (epoch 1.817) train_loss=331.22444450 time/batch=3.74s
1276/3508 (epoch 1.819) train_loss=434.34674101 time/batch=4.85s
1277/3508 (epoch 1.820) train_loss=276.78200256 time/batch=3.25s
1278/3508 (epoch 1.821) train_loss=394.66012588 time/batch=4.57s
1279/3508 (epoch 1.823) train_loss=436.35784814 time/batch=4.87s
1280/3508 (epoch 1.824) train_loss=353.32494198 time/batch=4.12s
1281/3508 (epoch 1.826) train_loss=302.92098056 time/batch=3.50s
1282/3508 (epoch 1.827) train_loss=256.96347567 time/batch=3.12s
1283/3508 (epoch 1.829) train_loss=297.53399196 time/batch=3.44s
1284/3508 (epoch 1.830) train_loss=450.87409547 time/batch=5.53s
1285/3508 (epoch 1.831) train_loss=249.87085760 time/batch=3.08s
1286/3508 (epoch 1.833) train_loss=276.93611432 time/batch=3.30s
1287/3508 (epoch 1.834) train_loss=286.70091798 time/batch=3.37s
1288/3508 (epoch 1.836) train_loss=379.90604822 time/batch=4.51s
1289/3508 (epoch 1.837) train_loss=283.99329798 time/batch=3.28s
1290/3508 (epoch 1.839) train_loss=369.07277438 time/batch=4.28s
1291/3508 (epoch 1.840) train_loss=402.79939223 time/batch=4.57s
1292/3508 (epoch 1.841) train_loss=258.84312794 time/batch=2.95s
1293/3508 (epoch 1.843) train_loss=246.76226285 time/batch=3.06s
1294/3508 (epoch 1.844) train_loss=239.94282127 time/batch=2.98s
1295/3508 (epoch 1.846) train_loss=274.36919274 time/batch=3.28s
1296/3508 (epoch 1.847) train_loss=254.19241524 time/batch=3.06s
1297/3508 (epoch 1.849) train_loss=415.18316918 time/batch=4.82s
1298/3508 (epoch 1.850) train_loss=333.95437485 time/batch=3.95s
1299/3508 (epoch 1.851) train_loss=331.20599815 time/batch=3.93s
1300/3508 (epoch 1.853) train_loss=330.45866796 time/batch=3.82s
1301/3508 (epoch 1.854) train_loss=337.77555692 time/batch=3.85s
1302/3508 (epoch 1.856) train_loss=385.40119131 time/batch=4.48s
1303/3508 (epoch 1.857) train_loss=325.33124646 time/batch=3.77s
1304/3508 (epoch 1.859) train_loss=268.44361976 time/batch=3.24s
1305/3508 (epoch 1.860) train_loss=337.54856718 time/batch=4.02s
1306/3508 (epoch 1.861) train_loss=385.67027936 time/batch=4.48s
1307/3508 (epoch 1.863) train_loss=296.37917480 time/batch=3.35s
1308/3508 (epoch 1.864) train_loss=413.78872155 time/batch=4.65s
1309/3508 (epoch 1.866) train_loss=324.27538157 time/batch=3.84s
1310/3508 (epoch 1.867) train_loss=281.14698347 time/batch=3.22s
1311/3508 (epoch 1.869) train_loss=392.41782704 time/batch=4.53s
1312/3508 (epoch 1.870) train_loss=410.62036776 time/batch=4.71s
1313/3508 (epoch 1.871) train_loss=243.23015904 time/batch=3.05s
1314/3508 (epoch 1.873) train_loss=293.27400373 time/batch=3.46s
1315/3508 (epoch 1.874) train_loss=353.17757980 time/batch=4.23s
1316/3508 (epoch 1.876) train_loss=381.07274604 time/batch=4.55s
1317/3508 (epoch 1.877) train_loss=264.50504141 time/batch=3.24s
1318/3508 (epoch 1.878) train_loss=399.40707345 time/batch=4.54s
1319/3508 (epoch 1.880) train_loss=245.65247490 time/batch=3.07s
1320/3508 (epoch 1.881) train_loss=222.81188692 time/batch=2.97s
1321/3508 (epoch 1.883) train_loss=379.54140355 time/batch=4.46s
1322/3508 (epoch 1.884) train_loss=384.03584070 time/batch=4.52s
1323/3508 (epoch 1.886) train_loss=412.74016949 time/batch=4.67s
1324/3508 (epoch 1.887) train_loss=342.83003787 time/batch=3.97s
1325/3508 (epoch 1.888) train_loss=260.84145281 time/batch=3.18s
1326/3508 (epoch 1.890) train_loss=357.83162091 time/batch=4.17s
1327/3508 (epoch 1.891) train_loss=273.42391786 time/batch=3.23s
1328/3508 (epoch 1.893) train_loss=368.00633177 time/batch=4.32s
1329/3508 (epoch 1.894) train_loss=299.41143197 time/batch=3.52s
1330/3508 (epoch 1.896) train_loss=338.37465114 time/batch=4.02s
1331/3508 (epoch 1.897) train_loss=353.04650958 time/batch=4.25s
1332/3508 (epoch 1.898) train_loss=328.60527567 time/batch=4.08s
1333/3508 (epoch 1.900) train_loss=295.43431638 time/batch=3.54s
1334/3508 (epoch 1.901) train_loss=269.03525770 time/batch=3.34s
1335/3508 (epoch 1.903) train_loss=292.00107716 time/batch=3.41s
1336/3508 (epoch 1.904) train_loss=243.74548703 time/batch=3.05s
1337/3508 (epoch 1.906) train_loss=370.74391027 time/batch=4.23s
1338/3508 (epoch 1.907) train_loss=333.01191068 time/batch=3.97s
1339/3508 (epoch 1.908) train_loss=331.43073766 time/batch=3.94s
1340/3508 (epoch 1.910) train_loss=318.14483901 time/batch=4.05s
1341/3508 (epoch 1.911) train_loss=358.20432291 time/batch=4.23s
1342/3508 (epoch 1.913) train_loss=352.55599356 time/batch=4.15s
1343/3508 (epoch 1.914) train_loss=371.01079092 time/batch=4.49s
1344/3508 (epoch 1.916) train_loss=358.55097291 time/batch=4.18s
1345/3508 (epoch 1.917) train_loss=354.47175580 time/batch=4.11s
1346/3508 (epoch 1.918) train_loss=289.62772929 time/batch=3.36s
1347/3508 (epoch 1.920) train_loss=350.74149868 time/batch=4.16s
1348/3508 (epoch 1.921) train_loss=292.46821612 time/batch=3.40s
1349/3508 (epoch 1.923) train_loss=319.56678092 time/batch=3.92s
1350/3508 (epoch 1.924) train_loss=242.99418482 time/batch=3.08s
1351/3508 (epoch 1.926) train_loss=242.48197407 time/batch=2.99s
1352/3508 (epoch 1.927) train_loss=335.63406302 time/batch=4.11s
1353/3508 (epoch 1.928) train_loss=299.72116391 time/batch=3.49s
1354/3508 (epoch 1.930) train_loss=255.92656058 time/batch=3.10s
1355/3508 (epoch 1.931) train_loss=369.99164962 time/batch=4.45s
1356/3508 (epoch 1.933) train_loss=348.37226415 time/batch=4.15s
1357/3508 (epoch 1.934) train_loss=287.38245137 time/batch=3.42s
1358/3508 (epoch 1.936) train_loss=290.64731528 time/batch=3.45s
1359/3508 (epoch 1.937) train_loss=341.38383908 time/batch=4.12s
1360/3508 (epoch 1.938) train_loss=356.46317916 time/batch=4.28s
1361/3508 (epoch 1.940) train_loss=375.35694576 time/batch=4.29s
1362/3508 (epoch 1.941) train_loss=314.83888936 time/batch=4.02s
1363/3508 (epoch 1.943) train_loss=254.28722557 time/batch=3.37s
1364/3508 (epoch 1.944) train_loss=383.70385482 time/batch=4.59s
1365/3508 (epoch 1.945) train_loss=330.45740863 time/batch=4.09s
1366/3508 (epoch 1.947) train_loss=239.50595519 time/batch=3.06s
1367/3508 (epoch 1.948) train_loss=260.98076013 time/batch=3.24s
1368/3508 (epoch 1.950) train_loss=326.63787595 time/batch=4.34s
1369/3508 (epoch 1.951) train_loss=252.97498725 time/batch=3.28s
1370/3508 (epoch 1.953) train_loss=249.88241680 time/batch=3.45s
1371/3508 (epoch 1.954) train_loss=288.81379783 time/batch=4.21s
1372/3508 (epoch 1.955) train_loss=237.89302295 time/batch=3.07s
1373/3508 (epoch 1.957) train_loss=298.06429550 time/batch=3.92s
1374/3508 (epoch 1.958) train_loss=242.53876484 time/batch=3.23s
1375/3508 (epoch 1.960) train_loss=330.50747827 time/batch=3.98s
1376/3508 (epoch 1.961) train_loss=387.04040695 time/batch=4.52s
1377/3508 (epoch 1.963) train_loss=353.08294178 time/batch=4.24s
1378/3508 (epoch 1.964) train_loss=364.26486227 time/batch=4.43s
1379/3508 (epoch 1.965) train_loss=313.31402592 time/batch=4.03s
1380/3508 (epoch 1.967) train_loss=247.42424242 time/batch=3.13s
1381/3508 (epoch 1.968) train_loss=241.70076008 time/batch=3.08s
1382/3508 (epoch 1.970) train_loss=327.34360102 time/batch=4.03s
1383/3508 (epoch 1.971) train_loss=343.70678807 time/batch=4.32s
1384/3508 (epoch 1.973) train_loss=242.82881720 time/batch=3.10s
1385/3508 (epoch 1.974) train_loss=237.12680449 time/batch=3.09s
1386/3508 (epoch 1.975) train_loss=274.27678420 time/batch=3.48s
1387/3508 (epoch 1.977) train_loss=270.03348283 time/batch=3.59s
1388/3508 (epoch 1.978) train_loss=242.89609947 time/batch=3.39s
1389/3508 (epoch 1.980) train_loss=307.24944794 time/batch=3.96s
1390/3508 (epoch 1.981) train_loss=301.97865545 time/batch=3.88s
1391/3508 (epoch 1.983) train_loss=319.37795822 time/batch=4.02s
1392/3508 (epoch 1.984) train_loss=315.81443260 time/batch=3.96s
1393/3508 (epoch 1.985) train_loss=253.92708277 time/batch=3.19s
1394/3508 (epoch 1.987) train_loss=289.74275901 time/batch=3.46s
1395/3508 (epoch 1.988) train_loss=296.62443043 time/batch=4.08s
1396/3508 (epoch 1.990) train_loss=250.21094147 time/batch=3.22s
1397/3508 (epoch 1.991) train_loss=242.49244063 time/batch=3.20s
1398/3508 (epoch 1.993) train_loss=230.21930121 time/batch=3.11s
1399/3508 (epoch 1.994) train_loss=231.39031127 time/batch=3.07s
1400/3508 (epoch 1.995) train_loss=230.48528380 time/batch=3.14s
1401/3508 (epoch 1.997) train_loss=241.40526672 time/batch=3.07s
1402/3508 (epoch 1.998) train_loss=241.55005891 time/batch=3.10s
1403/3508 (epoch 2.000) train_loss=654.19238504 time/batch=7.20s
1404/3508 (epoch 2.001) train_loss=932.15581978 time/batch=9.50s
1405/3508 (epoch 2.002) train_loss=1306.52513598 time/batch=15.15s
1406/3508 (epoch 2.004) train_loss=862.91724972 time/batch=18.74s
1407/3508 (epoch 2.005) train_loss=1404.74983560 time/batch=32.71s
1408/3508 (epoch 2.007) train_loss=317.54716700 time/batch=8.00s
1409/3508 (epoch 2.008) train_loss=838.52072629 time/batch=20.71s
1410/3508 (epoch 2.010) train_loss=642.42448778 time/batch=7.12s
1411/3508 (epoch 2.011) train_loss=241.70053369 time/batch=2.90s
1412/3508 (epoch 2.012) train_loss=318.15724643 time/batch=3.74s
1413/3508 (epoch 2.014) train_loss=1002.18402789 time/batch=11.43s
1414/3508 (epoch 2.015) train_loss=1432.40626549 time/batch=16.12s
1415/3508 (epoch 2.017) train_loss=842.71658291 time/batch=8.79s
1416/3508 (epoch 2.018) train_loss=184.36464294 time/batch=2.19s
1417/3508 (epoch 2.020) train_loss=166.31357810 time/batch=2.06s
1418/3508 (epoch 2.021) train_loss=598.01760174 time/batch=6.79s
1419/3508 (epoch 2.022) train_loss=657.01795700 time/batch=7.93s
1420/3508 (epoch 2.024) train_loss=978.16214430 time/batch=11.59s
1421/3508 (epoch 2.025) train_loss=153.25740091 time/batch=1.82s
1422/3508 (epoch 2.027) train_loss=417.21777186 time/batch=4.91s
1423/3508 (epoch 2.028) train_loss=827.34832475 time/batch=9.79s
1424/3508 (epoch 2.030) train_loss=399.53980901 time/batch=4.85s
1425/3508 (epoch 2.031) train_loss=1143.64954128 time/batch=13.00s
1426/3508 (epoch 2.032) train_loss=831.07555125 time/batch=9.28s
1427/3508 (epoch 2.034) train_loss=555.01197624 time/batch=6.29s
1428/3508 (epoch 2.035) train_loss=1568.20277694 time/batch=17.53s
1429/3508 (epoch 2.037) train_loss=829.66419756 time/batch=8.89s
1430/3508 (epoch 2.038) train_loss=260.06227744 time/batch=2.91s
1431/3508 (epoch 2.040) train_loss=482.87907918 time/batch=5.47s
1432/3508 (epoch 2.041) train_loss=748.13240266 time/batch=8.54s
1433/3508 (epoch 2.042) train_loss=897.63268974 time/batch=9.99s
1434/3508 (epoch 2.044) train_loss=686.70123830 time/batch=7.70s
1435/3508 (epoch 2.045) train_loss=646.11815186 time/batch=7.52s
1436/3508 (epoch 2.047) train_loss=337.31218212 time/batch=4.28s
1437/3508 (epoch 2.048) train_loss=827.63327890 time/batch=9.89s
1438/3508 (epoch 2.050) train_loss=2383.71002234 time/batch=32.86s
1439/3508 (epoch 2.051) train_loss=132.96423090 time/batch=1.61s
1440/3508 (epoch 2.052) train_loss=503.22075324 time/batch=5.80s
1441/3508 (epoch 2.054) train_loss=382.03554179 time/batch=4.62s
1442/3508 (epoch 2.055) train_loss=357.24225425 time/batch=4.31s
1443/3508 (epoch 2.057) train_loss=1153.60468633 time/batch=13.29s
1444/3508 (epoch 2.058) train_loss=477.12842866 time/batch=5.44s
1445/3508 (epoch 2.060) train_loss=1522.19363874 time/batch=18.34s
1446/3508 (epoch 2.061) train_loss=634.32979033 time/batch=7.60s
1447/3508 (epoch 2.062) train_loss=333.77155032 time/batch=4.16s
1448/3508 (epoch 2.064) train_loss=1003.27293833 time/batch=11.75s
1449/3508 (epoch 2.065) train_loss=125.74191854 time/batch=1.62s
1450/3508 (epoch 2.067) train_loss=901.38262257 time/batch=10.14s
1451/3508 (epoch 2.068) train_loss=1527.31580860 time/batch=19.92s
1452/3508 (epoch 2.069) train_loss=2478.41878156 time/batch=51.46s
1453/3508 (epoch 2.071) train_loss=555.19436937 time/batch=6.11s
1454/3508 (epoch 2.072) train_loss=793.49799397 time/batch=9.11s
1455/3508 (epoch 2.074) train_loss=128.87142395 time/batch=1.71s
1456/3508 (epoch 2.075) train_loss=210.52673009 time/batch=2.58s
1457/3508 (epoch 2.077) train_loss=343.13558421 time/batch=4.16s
1458/3508 (epoch 2.078) train_loss=362.24935634 time/batch=4.37s
1459/3508 (epoch 2.079) train_loss=427.19660020 time/batch=4.96s
1460/3508 (epoch 2.081) train_loss=360.37362440 time/batch=4.40s
1461/3508 (epoch 2.082) train_loss=638.92953957 time/batch=7.47s
1462/3508 (epoch 2.084) train_loss=232.08279911 time/batch=2.87s
1463/3508 (epoch 2.085) train_loss=928.24257181 time/batch=10.63s
1464/3508 (epoch 2.087) train_loss=299.51547845 time/batch=3.45s
1465/3508 (epoch 2.088) train_loss=241.01269853 time/batch=2.98s
1466/3508 (epoch 2.089) train_loss=211.47511915 time/batch=2.60s
1467/3508 (epoch 2.091) train_loss=579.05904025 time/batch=6.87s
1468/3508 (epoch 2.092) train_loss=346.91442417 time/batch=4.17s
1469/3508 (epoch 2.094) train_loss=226.45187677 time/batch=2.97s
1470/3508 (epoch 2.095) train_loss=776.67140700 time/batch=8.69s
1471/3508 (epoch 2.097) train_loss=439.79082510 time/batch=5.07s
1472/3508 (epoch 2.098) train_loss=155.74432253 time/batch=1.92s
1473/3508 (epoch 2.099) train_loss=198.60804772 time/batch=2.45s
1474/3508 (epoch 2.101) train_loss=403.42567526 time/batch=4.93s
1475/3508 (epoch 2.102) train_loss=491.54290915 time/batch=5.92s
1476/3508 (epoch 2.104) train_loss=825.46049089 time/batch=9.93s
1477/3508 (epoch 2.105) train_loss=430.01679454 time/batch=4.86s
1478/3508 (epoch 2.107) train_loss=981.48564089 time/batch=11.85s
1479/3508 (epoch 2.108) train_loss=419.50729711 time/batch=4.85s
1480/3508 (epoch 2.109) train_loss=704.08270573 time/batch=8.30s
1481/3508 (epoch 2.111) train_loss=308.14593935 time/batch=3.94s
1482/3508 (epoch 2.112) train_loss=921.61412746 time/batch=12.05s
1483/3508 (epoch 2.114) train_loss=614.40508727 time/batch=7.58s
1484/3508 (epoch 2.115) train_loss=715.88240899 time/batch=8.02s
1485/3508 (epoch 2.117) train_loss=555.69521715 time/batch=6.02s
1486/3508 (epoch 2.118) train_loss=304.00441465 time/batch=3.83s
1487/3508 (epoch 2.119) train_loss=547.95714122 time/batch=6.47s
1488/3508 (epoch 2.121) train_loss=429.75829446 time/batch=5.10s
1489/3508 (epoch 2.122) train_loss=538.44166567 time/batch=6.69s
1490/3508 (epoch 2.124) train_loss=340.93866564 time/batch=4.23s
1491/3508 (epoch 2.125) train_loss=328.55538382 time/batch=4.09s
1492/3508 (epoch 2.126) train_loss=857.18417386 time/batch=10.09s
1493/3508 (epoch 2.128) train_loss=167.22526887 time/batch=2.01s
1494/3508 (epoch 2.129) train_loss=194.20773074 time/batch=2.42s
1495/3508 (epoch 2.131) train_loss=240.35846378 time/batch=3.19s
1496/3508 (epoch 2.132) train_loss=372.60166608 time/batch=4.74s
1497/3508 (epoch 2.134) train_loss=543.39140945 time/batch=6.43s
1498/3508 (epoch 2.135) train_loss=233.36359269 time/batch=2.86s
1499/3508 (epoch 2.136) train_loss=237.35498014 time/batch=3.16s
1500/3508 (epoch 2.138) train_loss=412.47360550 time/batch=4.96s
1501/3508 (epoch 2.139) train_loss=456.84501032 time/batch=5.31s
1502/3508 (epoch 2.141) train_loss=204.45833053 time/batch=2.51s
1503/3508 (epoch 2.142) train_loss=252.40472908 time/batch=3.30s
1504/3508 (epoch 2.144) train_loss=576.99518494 time/batch=6.91s
1505/3508 (epoch 2.145) train_loss=471.16012782 time/batch=5.37s
1506/3508 (epoch 2.146) train_loss=523.89650477 time/batch=6.15s
1507/3508 (epoch 2.148) train_loss=514.93205873 time/batch=6.08s
1508/3508 (epoch 2.149) train_loss=641.23886191 time/batch=7.79s
1509/3508 (epoch 2.151) train_loss=619.62900959 time/batch=7.31s
1510/3508 (epoch 2.152