vocabulary size: 164
n tunes: 9984
n train tunes: 9472.0
n validation tunes: 512.0
min, max length 47 1277
Building the model
  number of parameters: 5698996
  layer output shapes:               #params:   output shape:
    InputLayer                       0          (32, None)
    EmbeddingLayer                   26896      (32, None, 164)
    InputLayer                       0          (32, None)
    LSTMLayer                        1387520    (32, None, 512)
    DropoutLayer                     0          (32, None, 512)
    LSTMLayer                        2100224    (32, None, 512)
    DropoutLayer                     0          (32, None, 512)
    LSTMLayer                        2100224    (32, None, 512)
    DropoutLayer                     0          (32, None, 512)
    ReshapeLayer                     0          (None, 512)
    DenseLayer                       84132      (None, 164)
Train model
1/1184 (epoch 0.003) train_loss=1723.13334374 time/batch=13.40s
2/1184 (epoch 0.007) train_loss=1005.53648695 time/batch=8.40s
3/1184 (epoch 0.010) train_loss=1014.33981800 time/batch=12.05s
4/1184 (epoch 0.014) train_loss=924.99916649 time/batch=11.50s
5/1184 (epoch 0.017) train_loss=734.86241778 time/batch=7.53s
6/1184 (epoch 0.020) train_loss=577.48685565 time/batch=6.63s
7/1184 (epoch 0.024) train_loss=1033.64752284 time/batch=11.82s
8/1184 (epoch 0.027) train_loss=515.55269695 time/batch=6.47s
9/1184 (epoch 0.030) train_loss=1127.35428531 time/batch=14.31s
10/1184 (epoch 0.034) train_loss=936.63502176 time/batch=11.66s
11/1184 (epoch 0.037) train_loss=327.82228778 time/batch=3.97s
12/1184 (epoch 0.041) train_loss=1079.76514810 time/batch=14.28s
13/1184 (epoch 0.044) train_loss=948.69812313 time/batch=12.31s
14/1184 (epoch 0.047) train_loss=431.70894528 time/batch=5.31s
15/1184 (epoch 0.051) train_loss=1129.28098632 time/batch=15.13s
16/1184 (epoch 0.054) train_loss=331.65023853 time/batch=4.67s
17/1184 (epoch 0.057) train_loss=180.86212560 time/batch=2.34s
18/1184 (epoch 0.061) train_loss=527.41030992 time/batch=6.67s
19/1184 (epoch 0.064) train_loss=838.42386605 time/batch=10.83s
20/1184 (epoch 0.068) train_loss=1446.98775707 time/batch=16.69s
21/1184 (epoch 0.071) train_loss=1260.17028618 time/batch=16.26s
22/1184 (epoch 0.074) train_loss=1511.81651427 time/batch=18.86s
23/1184 (epoch 0.078) train_loss=519.25258308 time/batch=6.75s
24/1184 (epoch 0.081) train_loss=170.41335489 time/batch=2.10s
25/1184 (epoch 0.084) train_loss=1414.23492071 time/batch=18.95s
26/1184 (epoch 0.088) train_loss=1924.29253216 time/batch=26.61s
27/1184 (epoch 0.091) train_loss=621.57497510 time/batch=7.22s
28/1184 (epoch 0.095) train_loss=958.62146950 time/batch=11.64s
29/1184 (epoch 0.098) train_loss=580.13155343 time/batch=6.64s
30/1184 (epoch 0.101) train_loss=203.43574649 time/batch=2.49s
31/1184 (epoch 0.105) train_loss=721.34709374 time/batch=9.91s
32/1184 (epoch 0.108) train_loss=321.42038635 time/batch=4.28s
33/1184 (epoch 0.111) train_loss=549.87439601 time/batch=6.12s
34/1184 (epoch 0.115) train_loss=843.16336764 time/batch=11.42s
35/1184 (epoch 0.118) train_loss=901.46091295 time/batch=12.08s
36/1184 (epoch 0.122) train_loss=551.00277766 time/batch=7.63s
37/1184 (epoch 0.125) train_loss=608.73733202 time/batch=7.16s
38/1184 (epoch 0.128) train_loss=214.51503854 time/batch=2.86s
39/1184 (epoch 0.132) train_loss=304.21061735 time/batch=4.11s
40/1184 (epoch 0.135) train_loss=606.06446627 time/batch=7.46s
41/1184 (epoch 0.139) train_loss=968.56159581 time/batch=13.80s
42/1184 (epoch 0.142) train_loss=613.05037826 time/batch=7.26s
43/1184 (epoch 0.145) train_loss=742.49706961 time/batch=8.68s
44/1184 (epoch 0.149) train_loss=183.76716818 time/batch=2.33s
45/1184 (epoch 0.152) train_loss=794.62297117 time/batch=10.02s
46/1184 (epoch 0.155) train_loss=2857.50132855 time/batch=53.30s
47/1184 (epoch 0.159) train_loss=630.89916898 time/batch=7.26s
48/1184 (epoch 0.162) train_loss=552.21412480 time/batch=6.75s
49/1184 (epoch 0.166) train_loss=606.12132275 time/batch=7.61s
50/1184 (epoch 0.169) train_loss=255.82807945 time/batch=3.05s
51/1184 (epoch 0.172) train_loss=187.56374622 time/batch=2.40s
52/1184 (epoch 0.176) train_loss=269.26542741 time/batch=3.46s
53/1184 (epoch 0.179) train_loss=408.74450602 time/batch=4.79s
54/1184 (epoch 0.182) train_loss=790.65691286 time/batch=10.23s
55/1184 (epoch 0.186) train_loss=446.33231282 time/batch=5.90s
56/1184 (epoch 0.189) train_loss=319.63042825 time/batch=3.87s
57/1184 (epoch 0.193) train_loss=416.95616439 time/batch=5.18s
58/1184 (epoch 0.196) train_loss=615.14355596 time/batch=7.73s
59/1184 (epoch 0.199) train_loss=228.60024010 time/batch=3.35s
60/1184 (epoch 0.203) train_loss=421.35753372 time/batch=5.10s
61/1184 (epoch 0.206) train_loss=792.08664164 time/batch=10.15s
62/1184 (epoch 0.209) train_loss=344.03378244 time/batch=4.45s
63/1184 (epoch 0.213) train_loss=458.27149310 time/batch=5.82s
64/1184 (epoch 0.216) train_loss=485.43885056 time/batch=6.42s
65/1184 (epoch 0.220) train_loss=634.67496097 time/batch=8.21s
66/1184 (epoch 0.223) train_loss=582.74641881 time/batch=7.51s
67/1184 (epoch 0.226) train_loss=326.77585322 time/batch=4.45s
68/1184 (epoch 0.230) train_loss=489.98475931 time/batch=7.14s
69/1184 (epoch 0.233) train_loss=353.95334040 time/batch=5.16s
70/1184 (epoch 0.236) train_loss=438.98500896 time/batch=6.55s
71/1184 (epoch 0.240) train_loss=469.93634171 time/batch=6.28s
72/1184 (epoch 0.243) train_loss=411.95679108 time/batch=5.44s
73/1184 (epoch 0.247) train_loss=544.15011137 time/batch=7.49s
74/1184 (epoch 0.250) train_loss=268.89382455 time/batch=3.99s
75/1184 (epoch 0.253) train_loss=453.47199687 time/batch=6.41s
76/1184 (epoch 0.257) train_loss=692.23683466 time/batch=9.12s
77/1184 (epoch 0.260) train_loss=642.69201128 time/batch=9.43s
78/1184 (epoch 0.264) train_loss=737.29171227 time/batch=9.36s
79/1184 (epoch 0.267) train_loss=521.22514753 time/batch=7.09s
80/1184 (epoch 0.270) train_loss=244.60562918 time/batch=3.11s
81/1184 (epoch 0.274) train_loss=702.81723286 time/batch=9.48s
82/1184 (epoch 0.277) train_loss=265.51810420 time/batch=3.66s
83/1184 (epoch 0.280) train_loss=214.11985012 time/batch=3.67s
84/1184 (epoch 0.284) train_loss=637.93725161 time/batch=9.45s
85/1184 (epoch 0.287) train_loss=225.32691441 time/batch=3.61s
86/1184 (epoch 0.291) train_loss=523.58901680 time/batch=8.06s
87/1184 (epoch 0.294) train_loss=187.55914510 time/batch=3.23s
88/1184 (epoch 0.297) train_loss=704.46909775 time/batch=10.81s
89/1184 (epoch 0.301) train_loss=431.44777298 time/batch=6.48s
90/1184 (epoch 0.304) train_loss=519.28152093 time/batch=7.16s
91/1184 (epoch 0.307) train_loss=255.79687534 time/batch=3.85s
92/1184 (epoch 0.311) train_loss=556.44021318 time/batch=8.05s
93/1184 (epoch 0.314) train_loss=504.47943818 time/batch=7.15s
94/1184 (epoch 0.318) train_loss=332.31039973 time/batch=5.26s
95/1184 (epoch 0.321) train_loss=619.42916635 time/batch=9.19s
96/1184 (epoch 0.324) train_loss=736.39241760 time/batch=10.75s
97/1184 (epoch 0.328) train_loss=451.51768953 time/batch=6.92s
98/1184 (epoch 0.331) train_loss=547.06342800 time/batch=6.48s
99/1184 (epoch 0.334) train_loss=480.70814815 time/batch=5.89s
100/1184 (epoch 0.338) train_loss=307.50794678 time/batch=4.35s
101/1184 (epoch 0.341) train_loss=388.11846262 time/batch=5.35s
102/1184 (epoch 0.345) train_loss=370.73104279 time/batch=5.36s
103/1184 (epoch 0.348) train_loss=351.96024683 time/batch=4.85s
104/1184 (epoch 0.351) train_loss=516.20746790 time/batch=6.98s
105/1184 (epoch 0.355) train_loss=280.70834865 time/batch=4.12s
106/1184 (epoch 0.358) train_loss=545.47177307 time/batch=7.97s
107/1184 (epoch 0.361) train_loss=446.42909104 time/batch=6.54s
108/1184 (epoch 0.365) train_loss=582.08896209 time/batch=8.54s
109/1184 (epoch 0.368) train_loss=323.71014143 time/batch=4.80s
110/1184 (epoch 0.372) train_loss=444.82411171 time/batch=6.37s
111/1184 (epoch 0.375) train_loss=255.94879369 time/batch=4.06s
112/1184 (epoch 0.378) train_loss=412.23424235 time/batch=6.57s
113/1184 (epoch 0.382) train_loss=291.75248746 time/batch=4.51s
114/1184 (epoch 0.385) train_loss=549.42736984 time/batch=8.39s
115/1184 (epoch 0.389) train_loss=680.68700553 time/batch=8.26s
116/1184 (epoch 0.392) train_loss=515.15362604 time/batch=6.26s
117/1184 (epoch 0.395) train_loss=541.28634622 time/batch=7.02s
118/1184 (epoch 0.399) train_loss=615.28353813 time/batch=7.55s
119/1184 (epoch 0.402) train_loss=559.36879768 time/batch=6.91s
120/1184 (epoch 0.405) train_loss=203.17983510 time/batch=2.70s
121/1184 (epoch 0.409) train_loss=753.49169548 time/batch=9.17s
122/1184 (epoch 0.412) train_loss=651.50460966 time/batch=8.00s
123/1184 (epoch 0.416) train_loss=480.00217642 time/batch=6.02s
124/1184 (epoch 0.419) train_loss=516.64227325 time/batch=6.62s
125/1184 (epoch 0.422) train_loss=457.90368672 time/batch=5.87s
126/1184 (epoch 0.426) train_loss=302.35571464 time/batch=4.40s
127/1184 (epoch 0.429) train_loss=419.21265760 time/batch=5.34s
128/1184 (epoch 0.432) train_loss=414.58782855 time/batch=5.73s
129/1184 (epoch 0.436) train_loss=403.33638879 time/batch=5.22s
130/1184 (epoch 0.439) train_loss=749.39943377 time/batch=9.63s
131/1184 (epoch 0.443) train_loss=441.60256286 time/batch=5.76s
132/1184 (epoch 0.446) train_loss=495.71964623 time/batch=6.43s
133/1184 (epoch 0.449) train_loss=166.43804891 time/batch=2.16s
134/1184 (epoch 0.453) train_loss=578.10347156 time/batch=7.26s
135/1184 (epoch 0.456) train_loss=373.37789960 time/batch=4.67s
136/1184 (epoch 0.459) train_loss=735.66741346 time/batch=9.55s
137/1184 (epoch 0.463) train_loss=457.43747733 time/batch=5.94s
138/1184 (epoch 0.466) train_loss=435.55890946 time/batch=5.49s
139/1184 (epoch 0.470) train_loss=665.54737458 time/batch=8.44s
140/1184 (epoch 0.473) train_loss=467.72407093 time/batch=6.54s
141/1184 (epoch 0.476) train_loss=235.85687745 time/batch=2.77s
142/1184 (epoch 0.480) train_loss=350.18153883 time/batch=5.16s
143/1184 (epoch 0.483) train_loss=318.16903579 time/batch=4.86s
144/1184 (epoch 0.486) train_loss=225.56244686 time/batch=3.88s
145/1184 (epoch 0.490) train_loss=167.90136509 time/batch=2.74s
146/1184 (epoch 0.493) train_loss=217.44230283 time/batch=3.21s
147/1184 (epoch 0.497) train_loss=290.25577933 time/batch=5.16s
148/1184 (epoch 0.500) train_loss=284.78889394 time/batch=4.99s
149/1184 (epoch 0.503) train_loss=422.55230372 time/batch=6.37s
150/1184 (epoch 0.507) train_loss=712.01441287 time/batch=10.63s
151/1184 (epoch 0.510) train_loss=280.77305996 time/batch=4.45s
152/1184 (epoch 0.514) train_loss=267.46924155 time/batch=4.38s
153/1184 (epoch 0.517) train_loss=360.99431788 time/batch=5.58s
154/1184 (epoch 0.520) train_loss=316.76704145 time/batch=5.26s
155/1184 (epoch 0.524) train_loss=290.42383659 time/batch=4.65s
156/1184 (epoch 0.527) train_loss=661.32892009 time/batch=9.81s
157/1184 (epoch 0.530) train_loss=726.24804787 time/batch=9.93s
158/1184 (epoch 0.534) train_loss=332.52533104 time/batch=4.84s
159/1184 (epoch 0.537) train_loss=361.30476456 time/batch=5.12s
160/1184 (epoch 0.541) train_loss=165.78262019 time/batch=2.51s
161/1184 (epoch 0.544) train_loss=699.32382414 time/batch=10.53s
162/1184 (epoch 0.547) train_loss=483.84943213 time/batch=6.89s
163/1184 (epoch 0.551) train_loss=380.65142961 time/batch=5.71s
164/1184 (epoch 0.554) train_loss=147.40775527 time/batch=2.47s
165/1184 (epoch 0.557) train_loss=347.34255300 time/batch=5.47s
166/1184 (epoch 0.561) train_loss=705.99460784 time/batch=10.53s
167/1184 (epoch 0.564) train_loss=303.77369758 time/batch=5.19s
168/1184 (epoch 0.568) train_loss=214.20793383 time/batch=3.69s
169/1184 (epoch 0.571) train_loss=489.54905699 time/batch=7.81s
170/1184 (epoch 0.574) train_loss=251.43735556 time/batch=4.44s
171/1184 (epoch 0.578) train_loss=362.86048994 time/batch=6.07s
172/1184 (epoch 0.581) train_loss=519.51304214 time/batch=8.64s
173/1184 (epoch 0.584) train_loss=434.83444660 time/batch=6.66s
174/1184 (epoch 0.588) train_loss=381.91589038 time/batch=6.81s
175/1184 (epoch 0.591) train_loss=658.42245637 time/batch=10.31s
176/1184 (epoch 0.595) train_loss=542.77354046 time/batch=8.60s
177/1184 (epoch 0.598) train_loss=347.15771653 time/batch=5.37s
178/1184 (epoch 0.601) train_loss=213.18662352 time/batch=3.63s
179/1184 (epoch 0.605) train_loss=456.64200475 time/batch=7.45s
180/1184 (epoch 0.608) train_loss=431.12962825 time/batch=6.68s
181/1184 (epoch 0.611) train_loss=333.42266996 time/batch=5.20s
182/1184 (epoch 0.615) train_loss=254.92063506 time/batch=4.11s
183/1184 (epoch 0.618) train_loss=491.17732121 time/batch=7.23s
184/1184 (epoch 0.622) train_loss=543.27527913 time/batch=7.82s
185/1184 (epoch 0.625) train_loss=460.14676760 time/batch=6.94s
186/1184 (epoch 0.628) train_loss=522.95563416 time/batch=8.17s
187/1184 (epoch 0.632) train_loss=432.01385740 time/batch=7.69s
188/1184 (epoch 0.635) train_loss=198.58596371 time/batch=3.57s
189/1184 (epoch 0.639) train_loss=289.27444617 time/batch=4.01s
190/1184 (epoch 0.642) train_loss=422.74295886 time/batch=6.37s
191/1184 (epoch 0.645) train_loss=375.23871677 time/batch=6.39s
192/1184 (epoch 0.649) train_loss=364.10993878 time/batch=5.64s
193/1184 (epoch 0.652) train_loss=414.42273673 time/batch=6.70s
194/1184 (epoch 0.655) train_loss=249.09210824 time/batch=3.64s
195/1184 (epoch 0.659) train_loss=236.83421912 time/batch=3.62s
196/1184 (epoch 0.662) train_loss=497.99576750 time/batch=7.58s
197/1184 (epoch 0.666) train_loss=174.70978634 time/batch=2.96s
198/1184 (epoch 0.669) train_loss=407.65428670 time/batch=6.06s
199/1184 (epoch 0.672) train_loss=356.91450274 time/batch=5.30s
200/1184 (epoch 0.676) train_loss=291.92445422 time/batch=4.50s
201/1184 (epoch 0.679) train_loss=312.50930684 time/batch=5.11s
202/1184 (epoch 0.682) train_loss=319.81512644 time/batch=5.87s
203/1184 (epoch 0.686) train_loss=560.37579123 time/batch=9.27s
204/1184 (epoch 0.689) train_loss=550.71106587 time/batch=9.63s
205/1184 (epoch 0.693) train_loss=335.58393584 time/batch=6.20s
206/1184 (epoch 0.696) train_loss=240.28310249 time/batch=4.72s
207/1184 (epoch 0.699) train_loss=373.20194910 time/batch=6.60s
208/1184 (epoch 0.703) train_loss=495.45655844 time/batch=8.39s
209/1184 (epoch 0.706) train_loss=474.36626961 time/batch=7.76s
210/1184 (epoch 0.709) train_loss=270.77294898 time/batch=4.80s
211/1184 (epoch 0.713) train_loss=331.04959400 time/batch=5.16s
212/1184 (epoch 0.716) train_loss=400.62151511 time/batch=6.54s
213/1184 (epoch 0.720) train_loss=274.00240171 time/batch=4.79s
214/1184 (epoch 0.723) train_loss=373.34679224 time/batch=6.48s
215/1184 (epoch 0.726) train_loss=359.97507146 time/batch=6.45s
216/1184 (epoch 0.730) train_loss=519.10828775 time/batch=8.43s
217/1184 (epoch 0.733) train_loss=363.49185712 time/batch=6.72s
218/1184 (epoch 0.736) train_loss=182.21013128 time/batch=3.49s
219/1184 (epoch 0.740) train_loss=290.05576481 time/batch=5.31s
220/1184 (epoch 0.743) train_loss=390.01883675 time/batch=6.74s
221/1184 (epoch 0.747) train_loss=367.15150770 time/batch=5.86s
222/1184 (epoch 0.750) train_loss=299.29107887 time/batch=5.30s
223/1184 (epoch 0.753) train_loss=407.66876682 time/batch=7.57s
224/1184 (epoch 0.757) train_loss=409.54487362 time/batch=6.37s
225/1184 (epoch 0.760) train_loss=347.41883574 time/batch=4.77s
226/1184 (epoch 0.764) train_loss=446.85742964 time/batch=8.18s
227/1184 (epoch 0.767) train_loss=319.90843200 time/batch=6.10s
228/1184 (epoch 0.770) train_loss=249.31843335 time/batch=4.44s
229/1184 (epoch 0.774) train_loss=276.99361748 time/batch=4.45s
230/1184 (epoch 0.777) train_loss=186.66864348 time/batch=3.49s
231/1184 (epoch 0.780) train_loss=276.31704745 time/batch=5.19s
232/1184 (epoch 0.784) train_loss=236.95374671 time/batch=3.46s
233/1184 (epoch 0.787) train_loss=383.02343509 time/batch=5.49s
234/1184 (epoch 0.791) train_loss=247.60368669 time/batch=3.68s
235/1184 (epoch 0.794) train_loss=633.79352622 time/batch=10.73s
236/1184 (epoch 0.797) train_loss=480.03421489 time/batch=6.23s
237/1184 (epoch 0.801) train_loss=401.41604037 time/batch=5.37s
238/1184 (epoch 0.804) train_loss=479.10107062 time/batch=6.07s
239/1184 (epoch 0.807) train_loss=450.93388369 time/batch=5.67s
240/1184 (epoch 0.811) train_loss=197.54137805 time/batch=2.46s
241/1184 (epoch 0.814) train_loss=242.43025171 time/batch=2.98s
242/1184 (epoch 0.818) train_loss=260.85490445 time/batch=3.47s
243/1184 (epoch 0.821) train_loss=453.48581236 time/batch=5.95s
244/1184 (epoch 0.824) train_loss=439.47636044 time/batch=4.83s
245/1184 (epoch 0.828) train_loss=437.17621827 time/batch=5.09s
246/1184 (epoch 0.831) train_loss=297.16288853 time/batch=3.62s
247/1184 (epoch 0.834) train_loss=226.37349453 time/batch=2.85s
248/1184 (epoch 0.838) train_loss=343.79626340 time/batch=4.10s
249/1184 (epoch 0.841) train_loss=398.78549104 time/batch=4.69s
250/1184 (epoch 0.845) train_loss=449.05597521 time/batch=5.27s
251/1184 (epoch 0.848) train_loss=355.49453692 time/batch=4.19s
252/1184 (epoch 0.851) train_loss=471.02901673 time/batch=5.65s
253/1184 (epoch 0.855) train_loss=355.18636354 time/batch=4.23s
254/1184 (epoch 0.858) train_loss=513.62816895 time/batch=6.07s
255/1184 (epoch 0.861) train_loss=285.30523752 time/batch=4.03s
256/1184 (epoch 0.865) train_loss=476.69253438 time/batch=6.58s
257/1184 (epoch 0.868) train_loss=481.89364900 time/batch=7.32s
258/1184 (epoch 0.872) train_loss=638.25462537 time/batch=9.02s
259/1184 (epoch 0.875) train_loss=440.97777702 time/batch=6.38s
260/1184 (epoch 0.878) train_loss=416.09117576 time/batch=5.87s
261/1184 (epoch 0.882) train_loss=460.45408318 time/batch=6.56s
262/1184 (epoch 0.885) train_loss=301.13354732 time/batch=4.53s
263/1184 (epoch 0.889) train_loss=436.44451446 time/batch=5.80s
264/1184 (epoch 0.892) train_loss=339.98262549 time/batch=4.50s
265/1184 (epoch 0.895) train_loss=363.45090204 time/batch=4.15s
266/1184 (epoch 0.899) train_loss=440.48709815 time/batch=5.38s
267/1184 (epoch 0.902) train_loss=441.23369533 time/batch=5.19s
268/1184 (epoch 0.905) train_loss=568.09270955 time/batch=6.25s
269/1184 (epoch 0.909) train_loss=557.41940316 time/batch=7.29s
270/1184 (epoch 0.912) train_loss=584.27960660 time/batch=7.75s
271/1184 (epoch 0.916) train_loss=368.66790531 time/batch=4.83s
272/1184 (epoch 0.919) train_loss=339.80512025 time/batch=4.04s
273/1184 (epoch 0.922) train_loss=424.81638275 time/batch=5.05s
274/1184 (epoch 0.926) train_loss=338.00768256 time/batch=4.55s
275/1184 (epoch 0.929) train_loss=447.76305168 time/batch=5.25s
276/1184 (epoch 0.932) train_loss=518.12787021 time/batch=5.82s
277/1184 (epoch 0.936) train_loss=445.36632751 time/batch=6.11s
278/1184 (epoch 0.939) train_loss=445.11859929 time/batch=6.33s
279/1184 (epoch 0.943) train_loss=374.61542032 time/batch=5.43s
280/1184 (epoch 0.946) train_loss=347.30178457 time/batch=4.76s
281/1184 (epoch 0.949) train_loss=381.16429934 time/batch=4.57s
282/1184 (epoch 0.953) train_loss=336.34282962 time/batch=4.53s
283/1184 (epoch 0.956) train_loss=334.48553144 time/batch=4.58s
284/1184 (epoch 0.959) train_loss=349.38218299 time/batch=4.12s
285/1184 (epoch 0.963) train_loss=474.80756205 time/batch=5.46s
286/1184 (epoch 0.966) train_loss=361.40852438 time/batch=5.27s
287/1184 (epoch 0.970) train_loss=424.86492266 time/batch=6.10s
288/1184 (epoch 0.973) train_loss=340.28191570 time/batch=4.13s
289/1184 (epoch 0.976) train_loss=503.16119367 time/batch=6.03s
290/1184 (epoch 0.980) train_loss=345.38595810 time/batch=5.19s
291/1184 (epoch 0.983) train_loss=383.83315856 time/batch=4.84s
292/1184 (epoch 0.986) train_loss=364.95448633 time/batch=5.12s
293/1184 (epoch 0.990) train_loss=400.16274524 time/batch=5.34s
294/1184 (epoch 0.993) train_loss=469.15309652 time/batch=6.37s
295/1184 (epoch 0.997) train_loss=443.55092587 time/batch=6.41s
296/1184 (epoch 1.000) train_loss=347.32761181 time/batch=5.81s
  saved to metadata/configSample--20250114-222226.pkl
297/1184 (epoch 1.003) train_loss=1030.14622640 time/batch=14.35s
298/1184 (epoch 1.007) train_loss=520.25965045 time/batch=6.54s
299/1184 (epoch 1.010) train_loss=322.21969494 time/batch=5.26s
300/1184 (epoch 1.014) train_loss=1199.40777540 time/batch=18.52s
301/1184 (epoch 1.017) train_loss=2902.09131816 time/batch=59.82s
302/1184 (epoch 1.020) train_loss=1426.68707445 time/batch=22.08s
303/1184 (epoch 1.024) train_loss=1272.46735104 time/batch=20.98s
304/1184 (epoch 1.027) train_loss=777.81243595 time/batch=12.63s
305/1184 (epoch 1.030) train_loss=206.74546362 time/batch=3.05s
306/1184 (epoch 1.034) train_loss=894.80897973 time/batch=13.70s
307/1184 (epoch 1.037) train_loss=727.03316172 time/batch=10.07s
308/1184 (epoch 1.041) train_loss=377.74994190 time/batch=5.68s
309/1184 (epoch 1.044) train_loss=549.42744355 time/batch=8.14s
310/1184 (epoch 1.047) train_loss=589.96761718 time/batch=7.45s
311/1184 (epoch 1.051) train_loss=160.81793225 time/batch=2.83s
312/1184 (epoch 1.054) train_loss=1743.79867855 time/batch=26.37s
313/1184 (epoch 1.057) train_loss=848.64158421 time/batch=10.90s
314/1184 (epoch 1.061) train_loss=417.91554083 time/batch=5.15s
315/1184 (epoch 1.064) train_loss=697.71210431 time/batch=8.14s
316/1184 (epoch 1.068) train_loss=521.11175478 time/batch=5.85s
317/1184 (epoch 1.071) train_loss=909.65419528 time/batch=11.85s
318/1184 (epoch 1.074) train_loss=317.79919423 time/batch=3.77s
319/1184 (epoch 1.078) train_loss=318.81175859 time/batch=3.83s
320/1184 (epoch 1.081) train_loss=890.89439512 time/batch=11.11s
321/1184 (epoch 1.084) train_loss=278.45834017 time/batch=3.81s
322/1184 (epoch 1.088) train_loss=180.49733081 time/batch=2.25s
323/1184 (epoch 1.091) train_loss=292.96010617 time/batch=3.69s
324/1184 (epoch 1.095) train_loss=245.29854034 time/batch=3.19s
325/1184 (epoch 1.098) train_loss=542.18310740 time/batch=6.79s
326/1184 (epoch 1.101) train_loss=390.91735955 time/batch=4.46s
327/1184 (epoch 1.105) train_loss=535.36682425 time/batch=6.25s
328/1184 (epoch 1.108) train_loss=816.60205804 time/batch=9.54s
329/1184 (epoch 1.111) train_loss=479.38412227 time/batch=5.49s
330/1184 (epoch 1.115) train_loss=1074.73632118 time/batch=12.15s
331/1184 (epoch 1.118) train_loss=502.72943592 time/batch=5.65s
332/1184 (epoch 1.122) train_loss=724.72978555 time/batch=8.71s
333/1184 (epoch 1.125) train_loss=438.92979267 time/batch=5.57s
334/1184 (epoch 1.128) train_loss=610.44656938 time/batch=7.15s
335/1184 (epoch 1.132) train_loss=143.85857282 time/batch=1.97s
336/1184 (epoch 1.135) train_loss=453.30515956 time/batch=6.09s
337/1184 (epoch 1.139) train_loss=800.11860548 time/batch=9.59s
338/1184 (epoch 1.142) train_loss=524.16140925 time/batch=7.73s
339/1184 (epoch 1.145) train_loss=1626.56058090 time/batch=25.99s
340/1184 (epoch 1.149) train_loss=597.10589035 time/batch=6.92s
341/1184 (epoch 1.152) train_loss=364.25021990 time/batch=4.38s
342/1184 (epoch 1.155) train_loss=228.81696286 time/batch=2.73s
343/1184 (epoch 1.159) train_loss=158.19151025 time/batch=2.02s
344/1184 (epoch 1.162) train_loss=253.21973296 time/batch=3.10s
345/1184 (epoch 1.166) train_loss=255.29109337 time/batch=3.15s
346/1184 (epoch 1.169) train_loss=696.22538921 time/batch=7.91s
347/1184 (epoch 1.172) train_loss=1028.30658675 time/batch=12.43s
348/1184 (epoch 1.176) train_loss=789.28369607 time/batch=9.05s
349/1184 (epoch 1.179) train_loss=450.98006749 time/batch=5.45s
350/1184 (epoch 1.182) train_loss=200.82213102 time/batch=2.56s
351/1184 (epoch 1.186) train_loss=473.33832519 time/batch=5.61s
352/1184 (epoch 1.189) train_loss=262.36096548 time/batch=3.24s
353/1184 (epoch 1.193) train_loss=807.46687716 time/batch=9.16s
354/1184 (epoch 1.196) train_loss=165.61771163 time/batch=2.13s
355/1184 (epoch 1.199) train_loss=713.05683984 time/batch=8.11s
356/1184 (epoch 1.203) train_loss=347.80629249 time/batch=4.20s
357/1184 (epoch 1.206) train_loss=701.70771986 time/batch=7.78s
358/1184 (epoch 1.209) train_loss=495.13808623 time/batch=5.70s
359/1184 (epoch 1.213) train_loss=1156.84875113 time/batch=12.89s
360/1184 (epoch 1.216) train_loss=667.65401945 time/batch=7.45s
361/1184 (epoch 1.220) train_loss=554.60680257 time/batch=6.34s
362/1184 (epoch 1.223) train_loss=939.70375207 time/batch=10.78s
363/1184 (epoch 1.226) train_loss=811.29908787 time/batch=9.69s
364/1184 (epoch 1.230) train_loss=376.70544744 time/batch=4.44s
365/1184 (epoch 1.233) train_loss=171.86012812 time/batch=2.16s
366/1184 (epoch 1.236) train_loss=200.93869848 time/batch=2.57s
367/1184 (epoch 1.240) train_loss=299.80297478 time/batch=3.62s
368/1184 (epoch 1.243) train_loss=231.72220768 time/batch=2.83s
369/1184 (epoch 1.247) train_loss=331.10156697 time/batch=3.94s
370/1184 (epoch 1.250) train_loss=447.44478545 time/batch=5.41s
371/1184 (epoch 1.253) train_loss=370.32278947 time/batch=4.61s
372/1184 (epoch 1.257) train_loss=673.39358906 time/batch=7.65s
373/1184 (epoch 1.260) train_loss=272.89831365 time/batch=3.25s
374/1184 (epoch 1.264) train_loss=415.86395019 time/batch=4.90s
375/1184 (epoch 1.267) train_loss=661.13490519 time/batch=7.87s
376/1184 (epoch 1.270) train_loss=564.97308587 time/batch=5.89s
377/1184 (epoch 1.274) train_loss=532.67167637 time/batch=6.09s
378/1184 (epoch 1.277) train_loss=235.87640373 time/batch=2.86s
379/1184 (epoch 1.280) train_loss=637.87670514 time/batch=7.17s
380/1184 (epoch 1.284) train_loss=306.24251079 time/batch=3.77s
381/1184 (epoch 1.287) train_loss=442.10997337 time/batch=5.12s
382/1184 (epoch 1.291) train_loss=378.58038499 time/batch=4.54s
383/1184 (epoch 1.294) train_loss=573.03420280 time/batch=6.71s
384/1184 (epoch 1.297) train_loss=392.16769998 time/batch=4.51s
385/1184 (epoch 1.301) train_loss=344.05468211 time/batch=4.42s
386/1184 (epoch 1.304) train_loss=410.89981962 time/batch=5.33s
387/1184 (epoch 1.307) train_loss=549.87566548 time/batch=6.67s
388/1184 (epoch 1.311) train_loss=603.47943151 time/batch=7.22s
389/1184 (epoch 1.314) train_loss=785.40218246 time/batch=10.70s
390/1184 (epoch 1.318) train_loss=687.62670042 time/batch=8.91s
391/1184 (epoch 1.321) train_loss=538.83314881 time/batch=6.66s
392/1184 (epoch 1.324) train_loss=704.70490723 time/batch=8.43s
393/1184 (epoch 1.328) train_loss=274.34913184 time/batch=3.56s
394/1184 (epoch 1.331) train_loss=449.86066513 time/batch=5.62s
395/1184 (epoch 1.334) train_loss=421.42664727 time/batch=5.24s
396/1184 (epoch 1.338) train_loss=187.05607212 time/batch=2.55s
397/1184 (epoch 1.341) train_loss=266.70863513 time/batch=3.51s
398/1184 (epoch 1.345) train_loss=648.89736262 time/batch=8.84s
399/1184 (epoch 1.348) train_loss=613.83185154 time/batch=7.26s
400/1184 (epoch 1.351) train_loss=466.76068106 time/batch=5.47s
401/1184 (epoch 1.355) train_loss=617.19685008 time/batch=7.74s
402/1184 (epoch 1.358) train_loss=250.03954839 time/batch=4.11s
403/1184 (epoch 1.361) train_loss=381.42925664 time/batch=4.53s
404/1184 (epoch 1.365) train_loss=599.97436443 time/batch=7.13s
405/1184 (epoch 1.368) train_loss=915.67054109 time/batch=11.40s
406/1184 (epoch 1.372) train_loss=298.86335887 time/batch=3.80s
407/1184 (epoch 1.375) train_loss=619.88495179 time/batch=7.37s
408/1184 (epoch 1.378) train_loss=575.18234054 time/batch=6.82s
409/1184 (epoch 1.382) train_loss=339.56025256 time/batch=4.11s
410/1184 (epoch 1.385) train_loss=245.88838800 time/batch=3.11s
411/1184 (epoch 1.389) train_loss=292.70637934 time/batch=3.59s
412/1184 (epoch 1.392) train_loss=693.06606865 time/batch=8.70s
413/1184 (epoch 1.395) train_loss=212.40891827 time/batch=2.90s
414/1184 (epoch 1.399) train_loss=725.42330923 time/batch=9.79s
415/1184 (epoch 1.402) train_loss=266.41635226 time/batch=3.27s
416/1184 (epoch 1.405) train_loss=609.16027388 time/batch=7.25s
417/1184 (epoch 1.409) train_loss=480.13577473 time/batch=5.69s
418/1184 (epoch 1.412) train_loss=283.25816650 time/batch=3.49s
419/1184 (epoch 1.416) train_loss=342.20378750 time/batch=4.15s
420/1184 (epoch 1.419) train_loss=290.83579101 time/batch=3.53s
421/1184 (epoch 1.422) train_loss=549.21340379 time/batch=6.62s
422/1184 (epoch 1.426) train_loss=430.71864222 time/batch=5.51s
423/1184 (epoch 1.429) train_loss=358.38828501 time/batch=4.61s
424/1184 (epoch 1.432) train_loss=495.15599309 time/batch=6.13s
425/1184 (epoch 1.436) train_loss=494.28812625 time/batch=6.19s
426/1184 (epoch 1.439) train_loss=441.08102615 time/batch=5.91s
427/1184 (epoch 1.443) train_loss=743.79376966 time/batch=9.09s
428/1184 (epoch 1.446) train_loss=800.76678280 time/batch=11.62s
429/1184 (epoch 1.449) train_loss=357.44585774 time/batch=4.43s
430/1184 (epoch 1.453) train_loss=502.59616951 time/batch=6.09s
431/1184 (epoch 1.456) train_loss=361.06677565 time/batch=4.60s
432/1184 (epoch 1.459) train_loss=174.17183029 time/batch=2.32s
433/1184 (epoch 1.463) train_loss=344.24471339 time/batch=4.41s
434/1184 (epoch 1.466) train_loss=252.91990149 time/batch=3.21s
435/1184 (epoch 1.470) train_loss=505.87911455 time/batch=6.16s
436/1184 (epoch 1.473) train_loss=445.89170593 time/batch=5.55s
437/1184 (epoch 1.476) train_loss=240.79757491 time/batch=3.15s
438/1184 (epoch 1.480) train_loss=513.32558487 time/batch=6.19s
439/1184 (epoch 1.483) train_loss=404.77347458 time/batch=4.95s
440/1184 (epoch 1.486) train_loss=537.17868302 time/batch=6.85s
441/1184 (epoch 1.490) train_loss=336.75738481 time/batch=4.62s
442/1184 (epoch 1.493) train_loss=399.19843518 time/batch=5.15s
443/1184 (epoch 1.497) train_loss=372.98230806 time/batch=4.93s
444/1184 (epoch 1.500) train_loss=162.68654506 time/batch=2.45s
445/1184 (epoch 1.503) train_loss=349.07507055 time/batch=4.61s
446/1184 (epoch 1.507) train_loss=331.99084584 time/batch=4.46s
447/1184 (epoch 1.510) train_loss=714.33578416 time/batch=8.65s
448/1184 (epoch 1.514) train_loss=439.77341424 time/batch=5.57s
449/1184 (epoch 1.517) train_loss=739.97592924 time/batch=9.17s
450/1184 (epoch 1.520) train_loss=457.59898168 time/batch=5.63s
451/1184 (epoch 1.524) train_loss=490.30167963 time/batch=6.13s
452/1184 (epoch 1.527) train_loss=379.46267554 time/batch=4.86s
453/1184 (epoch 1.530) train_loss=471.99171999 time/batch=5.82s
454/1184 (epoch 1.534) train_loss=360.74215747 time/batch=4.37s
455/1184 (epoch 1.537) train_loss=302.97993725 time/batch=4.11s
456/1184 (epoch 1.541) train_loss=416.43135886 time/batch=4.99s
457/1184 (epoch 1.544) train_loss=344.86284122 time/batch=4.46s
458/1184 (epoch 1.547) train_loss=174.61161184 time/batch=2.47s
459/1184 (epoch 1.551) train_loss=412.78168701 time/batch=5.51s
460/1184 (epoch 1.554) train_loss=591.32901278 time/batch=7.30s
461/1184 (epoch 1.557) train_loss=381.88584778 time/batch=4.89s
462/1184 (epoch 1.561) train_loss=348.82464560 time/batch=4.64s
463/1184 (epoch 1.564) train_loss=470.39415742 time/batch=5.96s
464/1184 (epoch 1.568) train_loss=433.22522141 time/batch=5.50s
465/1184 (epoch 1.571) train_loss=571.51032646 time/batch=6.55s
466/1184 (epoch 1.574) train_loss=182.26908371 time/batch=2.37s
467/1184 (epoch 1.578) train_loss=280.88401001 time/batch=3.47s
468/1184 (epoch 1.581) train_loss=447.66617267 time/batch=5.51s
469/1184 (epoch 1.584) train_loss=364.67023947 time/batch=4.89s
470/1184 (epoch 1.588) train_loss=236.04885268 time/batch=2.97s
471/1184 (epoch 1.591) train_loss=468.67425652 time/batch=5.80s
472/1184 (epoch 1.595) train_loss=243.26293377 time/batch=3.40s
473/1184 (epoch 1.598) train_loss=639.91855412 time/batch=7.67s
474/1184 (epoch 1.601) train_loss=345.92262166 time/batch=4.38s
475/1184 (epoch 1.605) train_loss=279.64511073 time/batch=3.53s
476/1184 (epoch 1.608) train_loss=608.25120296 time/batch=7.45s
477/1184 (epoch 1.611) train_loss=431.14193057 time/batch=5.26s
478/1184 (epoch 1.615) train_loss=339.29973911 time/batch=4.33s
479/1184 (epoch 1.618) train_loss=706.11857200 time/batch=8.54s
480/1184 (epoch 1.622) train_loss=495.57534822 time/batch=6.25s
481/1184 (epoch 1.625) train_loss=366.66391480 time/batch=5.39s
482/1184 (epoch 1.628) train_loss=518.40974208 time/batch=6.57s
483/1184 (epoch 1.632) train_loss=392.82532237 time/batch=4.78s
484/1184 (epoch 1.635) train_loss=248.58174369 time/batch=3.49s
485/1184 (epoch 1.639) train_loss=252.65562513 time/batch=3.33s
486/1184 (epoch 1.642) train_loss=289.87055332 time/batch=3.77s
487/1184 (epoch 1.645) train_loss=280.40753023 time/batch=3.73s
488/1184 (epoch 1.649) train_loss=282.53318153 time/batch=3.61s
489/1184 (epoch 1.652) train_loss=441.64660208 time/batch=5.60s
490/1184 (epoch 1.655) train_loss=487.96652429 time/batch=5.81s
491/1184 (epoch 1.659) train_loss=342.84524210 time/batch=4.25s
492/1184 (epoch 1.662) train_loss=179.60930511 time/batch=2.67s
493/1184 (epoch 1.666) train_loss=331.00960077 time/batch=4.09s
494/1184 (epoch 1.669) train_loss=471.74250739 time/batch=5.70s
495/1184 (epoch 1.672) train_loss=477.23087141 time/batch=6.09s
496/1184 (epoch 1.676) train_loss=287.36804731 time/batch=3.68s
497/1184 (epoch 1.679) train_loss=509.17171490 time/batch=6.84s
498/1184 (epoch 1.682) train_loss=243.02772579 time/batch=3.10s
499/1184 (epoch 1.686) train_loss=212.87957781 time/batch=2.97s
Validating
    loss:	497.507692

500/1184 (epoch 1.689) train_loss=335.41010082 time/batch=79.43s
501/1184 (epoch 1.693) train_loss=579.15084430 time/batch=7.07s
502/1184 (epoch 1.696) train_loss=410.27811666 time/batch=5.29s
503/1184 (epoch 1.699) train_loss=586.80273324 time/batch=7.15s
504/1184 (epoch 1.703) train_loss=406.02047967 time/batch=4.83s
505/1184 (epoch 1.706) train_loss=285.71267798 time/batch=4.07s
506/1184 (epoch 1.709) train_loss=381.44359488 time/batch=4.93s
507/1184 (epoch 1.713) train_loss=219.08695907 time/batch=3.03s
508/1184 (epoch 1.716) train_loss=220.80507844 time/batch=2.80s
509/1184 (epoch 1.720) train_loss=273.18085228 time/batch=3.85s
510/1184 (epoch 1.723) train_loss=543.45462033 time/batch=7.16s
511/1184 (epoch 1.726) train_loss=469.93195139 time/batch=6.43s
512/1184 (epoch 1.730) train_loss=444.51175391 time/batch=5.72s
513/1184 (epoch 1.733) train_loss=476.10143970 time/batch=5.95s
514/1184 (epoch 1.736) train_loss=544.38164856 time/batch=6.52s
515/1184 (epoch 1.740) train_loss=330.02321688 time/batch=4.21s
516/1184 (epoch 1.743) train_loss=354.44444252 time/batch=4.44s
517/1184 (epoch 1.747) train_loss=261.30248586 time/batch=3.51s
518/1184 (epoch 1.750) train_loss=273.88386405 time/batch=3.78s
519/1184 (epoch 1.753) train_loss=556.05410733 time/batch=7.32s
520/1184 (epoch 1.757) train_loss=521.75877473 time/batch=6.67s
521/1184 (epoch 1.760) train_loss=363.94360835 time/batch=4.54s
522/1184 (epoch 1.764) train_loss=516.86428388 time/batch=6.30s
523/1184 (epoch 1.767) train_loss=516.31259425 time/batch=6.31s
524/1184 (epoch 1.770) train_loss=208.26516237 time/batch=2.79s
525/1184 (epoch 1.774) train_loss=323.38433815 time/batch=4.15s
526/1184 (epoch 1.777) train_loss=295.86717964 time/batch=3.93s
527/1184 (epoch 1.780) train_loss=222.26584534 time/batch=3.16s
528/1184 (epoch 1.784) train_loss=437.74647491 time/batch=5.43s
529/1184 (epoch 1.787) train_loss=338.65880270 time/batch=4.56s
530/1184 (epoch 1.791) train_loss=509.84735126 time/batch=6.57s
531/1184 (epoch 1.794) train_loss=379.67248914 time/batch=5.19s
532/1184 (epoch 1.797) train_loss=221.22681322 time/batch=3.16s
533/1184 (epoch 1.801) train_loss=354.69106100 time/batch=4.72s
534/1184 (epoch 1.804) train_loss=547.59036052 time/batch=6.93s
535/1184 (epoch 1.807) train_loss=209.46193077 time/batch=3.52s
536/1184 (epoch 1.811) train_loss=443.82177415 time/batch=6.38s
537/1184 (epoch 1.814) train_loss=323.97717847 time/batch=4.95s
538/1184 (epoch 1.818) train_loss=537.77177581 time/batch=7.05s
539/1184 (epoch 1.821) train_loss=307.70184888 time/batch=4.51s
540/1184 (epoch 1.824) train_loss=299.83056504 time/batch=4.14s
541/1184 (epoch 1.828) train_loss=442.64068117 time/batch=5.68s
542/1184 (epoch 1.831) train_loss=541.32628704 time/batch=7.61s
543/1184 (epoch 1.834) train_loss=249.05805555 time/batch=4.17s
544/1184 (epoch 1.838) train_loss=338.24730670 time/batch=4.89s
545/1184 (epoch 1.841) train_loss=431.40507522 time/batch=6.00s
546/1184 (epoch 1.845) train_loss=360.84554219 time/batch=4.77s
547/1184 (epoch 1.848) train_loss=190.40077889 time/batch=2.83s
548/1184 (epoch 1.851) train_loss=355.04461724 time/batch=4.74s
549/1184 (epoch 1.855) train_loss=532.02542087 time/batch=6.62s
550/1184 (epoch 1.858) train_loss=267.82322837 time/batch=4.00s
551/1184 (epoch 1.861) train_loss=311.72995312 time/batch=4.44s
552/1184 (epoch 1.865) train_loss=406.42281392 time/batch=5.44s
553/1184 (epoch 1.868) train_loss=482.04255753 time/batch=6.29s
554/1184 (epoch 1.872) train_loss=389.11781637 time/batch=5.26s
555/1184 (epoch 1.875) train_loss=398.76478184 time/batch=5.16s
556/1184 (epoch 1.878) train_loss=445.88983178 time/batch=5.90s
557/1184 (epoch 1.882) train_loss=440.28548991 time/batch=5.92s
558/1184 (epoch 1.885) train_loss=451.61433522 time/batch=5.76s
559/1184 (epoch 1.889) train_loss=332.93245698 time/batch=4.66s
560/1184 (epoch 1.892) train_loss=398.96622694 time/batch=5.25s
561/1184 (epoch 1.895) train_loss=310.92735029 time/batch=4.33s
562/1184 (epoch 1.899) train_loss=423.80140325 time/batch=5.63s
563/1184 (epoch 1.902) train_loss=503.21590310 time/batch=6.71s
564/1184 (epoch 1.905) train_loss=318.81586041 time/batch=4.63s
565/1184 (epoch 1.909) train_loss=428.74167752 time/batch=5.79s
566/1184 (epoch 1.912) train_loss=437.15842857 time/batch=5.73s
567/1184 (epoch 1.916) train_loss=444.40904356 time/batch=5.94s
568/1184 (epoch 1.919) train_loss=363.20961569 time/batch=4.80s
569/1184 (epoch 1.922) train_loss=406.71525578 time/batch=5.36s
570/1184 (epoch 1.926) train_loss=438.64835962 time/batch=6.01s
571/1184 (epoch 1.929) train_loss=395.31676488 time/batch=5.51s
572/1184 (epoch 1.932) train_loss=509.98852164 time/batch=7.86s
573/1184 (epoch 1.936) train_loss=443.70384243 time/batch=5.58s
574/1184 (epoch 1.939) train_loss=308.77034797 time/batch=3.93s
575/1184 (epoch 1.943) train_loss=421.87792064 time/batch=5.28s
576/1184 (epoch 1.946) train_loss=464.94331101 time/batch=6.21s
577/1184 (epoch 1.949) train_loss=359.03489918 time/batch=4.65s
578/1184 (epoch 1.953) train_loss=310.36889792 time/batch=4.33s
579/1184 (epoch 1.956) train_loss=429.40741677 time/batch=5.86s
580/1184 (epoch 1.959) train_loss=414.24758790 time/batch=5.60s
581/1184 (epoch 1.963) train_loss=314.18244353 time/batch=4.61s
582/1184 (epoch 1.966) train_loss=411.16931962 time/batch=5.37s
583/1184 (epoch 1.970) train_loss=326.78234402 time/batch=4.73s
584/1184 (epoch 1.973) train_loss=343.81535324 time/batch=5.16s
585/1184 (epoch 1.976) train_loss=415.31579519 time/batch=5.41s
586/1184 (epoch 1.980) train_loss=389.96715416 time/batch=5.26s
587/1184 (epoch 1.983) train_loss=457.75698248 time/batch=6.19s
588/1184 (epoch 1.986) train_loss=406.12665637 time/batch=6.20s
589/1184 (epoch 1.990) train_loss=396.92225206 time/batch=5.24s
590/1184 (epoch 1.993) train_loss=400.43642844 time/batch=5.87s
591/1184 (epoch 1.997) train_loss=417.47783412 time/batch=5.88s
592/1184 (epoch 2.000) train_loss=444.40148762 time/batch=5.57s
  saved to metadata/configSample--20250114-222226.pkl
593/1184 (epoch 2.003) train_loss=1724.71440902 time/batch=20.76s
594/1184 (epoch 2.007) train_loss=1276.43392181 time/batch=15.74s
595/1184 (epoch 2.010) train_loss=517.16529235 time/batch=6.75s
596/1184 (epoch 2.014) train_loss=1183.75519204 time/batch=14.97s
597/1184 (epoch 2.017) train_loss=796.59029422 time/batch=10.73s
598/1184 (epoch 2.020) train_loss=1366.68744163 time/batch=17.35s
599/1184 (epoch 2.024) train_loss=646.11590787 time/batch=8.41s
600/1184 (epoch 2.027) train_loss=726.66443889 time/batch=9.20s
601/1184 (epoch 2.030) train_loss=396.85114028 time/batch=5.13s
602/1184 (epoch 2.034) train_loss=883.96203908 time/batch=11.56s
603/1184 (epoch 2.037) train_loss=405.56371413 time/batch=5.18s
604/1184 (epoch 2.041) train_loss=522.10312684 time/batch=6.45s
605/1184 (epoch 2.044) train_loss=770.58887516 time/batch=9.03s
606/1184 (epoch 2.047) train_loss=642.75093011 time/batch=7.67s
607/1184 (epoch 2.051) train_loss=875.91372501 time/batch=10.53s
608/1184 (epoch 2.054) train_loss=286.27189655 time/batch=3.68s
609/1184 (epoch 2.057) train_loss=524.25132314 time/batch=6.46s
610/1184 (epoch 2.061) train_loss=1855.65808714 time/batch=28.24s
611/1184 (epoch 2.064) train_loss=596.03869082 time/batch=7.73s
612/1184 (epoch 2.068) train_loss=860.45566417 time/batch=11.06s
613/1184 (epoch 2.071) train_loss=166.36832583 time/batch=2.37s
614/1184 (epoch 2.074) train_loss=310.21966150 time/batch=4.09s
615/1184 (epoch 2.078) train_loss=988.70152115 time/batch=12.45s
616/1184 (epoch 2.081) train_loss=699.45340904 time/batch=8.72s
617/1184 (epoch 2.084) train_loss=2552.79008040 time/batch=50.46s
618/1184 (epoch 2.088) train_loss=882.38126890 time/batch=10.98s
619/1184 (epoch 2.091) train_loss=1011.75214585 time/batch=11.94s
620/1184 (epoch 2.095) train_loss=672.18425559 time/batch=8.42s
621/1184 (epoch 2.098) train_loss=1115.59920033 time/batch=13.47s
622/1184 (epoch 2.101) train_loss=509.91621978 time/batch=6.35s
623/1184 (epoch 2.105) train_loss=324.99487045 time/batch=4.09s
624/1184 (epoch 2.108) train_loss=515.79403848 time/batch=6.52s
625/1184 (epoch 2.111) train_loss=646.37955677 time/batch=8.07s
626/1184 (epoch 2.115) train_loss=563.14791040 time/batch=7.01s
627/1184 (epoch 2.118) train_loss=322.18674679 time/batch=4.15s
628/1184 (epoch 2.122) train_loss=245.12733153 time/batch=3.31s
629/1184 (epoch 2.125) train_loss=698.31518198 time/batch=8.62s
630/1184 (epoch 2.128) train_loss=552.34392654 time/batch=6.93s
631/1184 (epoch 2.132) train_loss=565.81109802 time/batch=7.15s
632/1184 (epoch 2.135) train_loss=318.35464381 time/batch=4.21s
633/1184 (epoch 2.139) train_loss=386.42628146 time/batch=4.87s
634/1184 (epoch 2.142) train_loss=512.61080489 time/batch=6.29s
635/1184 (epoch 2.145) train_loss=562.08740211 time/batch=7.02s
636/1184 (epoch 2.149) train_loss=1035.98029965 time/batch=13.41s
637/1184 (epoch 2.152) train_loss=558.30719085 time/batch=7.06s
638/1184 (epoch 2.155) train_loss=552.07391311 time/batch=6.97s
639/1184 (epoch 2.159) train_loss=323.22093719 time/batch=4.29s
640/1184 (epoch 2.162) train_loss=346.67572186 time/batch=4.59s
641/1184 (epoch 2.166) train_loss=308.03500095 time/batch=4.24s
642/1184 (epoch 2.169) train_loss=548.12340486 time/batch=7.07s
643/1184 (epoch 2.172) train_loss=570.23915181 time/batch=7.32s
644/1184 (epoch 2.176) train_loss=165.85980238 time/batch=2.26s
645/1184 (epoch 2.179) train_loss=744.47972440 time/batch=9.74s
646/1184 (epoch 2.182) train_loss=328.01477788 time/batch=4.42s
647/1184 (epoch 2.186) train_loss=177.03493647 time/batch=2.39s
648/1184 (epoch 2.189) train_loss=680.73015369 time/batch=8.40s
649/1184 (epoch 2.193) train_loss=210.11555202 time/batch=2.87s
650/1184 (epoch 2.196) train_loss=484.33675046 time/batch=6.23s
651/1184 (epoch 2.199) train_loss=890.45277980 time/batch=11.67s
652/1184 (epoch 2.203) train_loss=446.65055161 time/batch=5.60s
653/1184 (epoch 2.206) train_loss=670.99851821 time/batch=8.20s
654/1184 (epoch 2.209) train_loss=738.26060703 time/batch=9.43s
655/1184 (epoch 2.213) train_loss=356.60253304 time/batch=4.61s
656/1184 (epoch 2.216) train_loss=618.42969983 time/batch=7.84s
657/1184 (epoch 2.220) train_loss=141.06685836 time/batch=2.07s
658/1184 (epoch 2.223) train_loss=657.97959888 time/batch=8.44s
659/1184 (epoch 2.226) train_loss=228.27657028 time/batch=3.06s
660/1184 (epoch 2.230) train_loss=716.58183413 time/batch=9.30s
661/1184 (epoch 2.233) train_loss=469.19224305 time/batch=6.12s
662/1184 (epoch 2.236) train_loss=611.07686590 time/batch=7.98s
663/1184 (epoch 2.240) train_loss=216.20791714 time/batch=3.00s
664/1184 (epoch 2.243) train_loss=521.66571016 time/batch=6.65s
665/1184 (epoch 2.247) train_loss=790.34583769 time/batch=10.09s
666/1184 (epoch 2.250) train_loss=305.16560527 time/batch=4.04s
667/1184 (epoch 2.253) train_loss=393.55720855 time/batch=5.02s
668/1184 (epoch 2.257) train_loss=757.18890778 time/batch=9.75s
669/1184 (epoch 2.260) train_loss=487.61592662 time/batch=6.17s
670/1184 (epoch 2.264) train_loss=190.67051907 time/batch=2.67s
671/1184 (epoch 2.267) train_loss=383.66422684 time/batch=4.91s
672/1184 (epoch 2.270) train_loss=363.33926176 time/batch=4.82s
673/1184 (epoch 2.274) train_loss=205.34443167 time/batch=2.81s
674/1184 (epoch 2.277) train_loss=532.85627148 time/batch=6.75s
675/1184 (epoch 2.280) train_loss=347.82171060 time/batch=4.41s
676/1184 (epoch 2.284) train_loss=476.45961081 time/batch=6.06s
677/1184 (epoch 2.287) train_loss=234.83952481 time/batch=3.26s
678/1184 (epoch 2.291) train_loss=489.24602536 time/batch=6.25s
679/1184 (epoch 2.294) train_loss=838.72899952 time/batch=11.14s
680/1184 (epoch 2.297) train_loss=287.03698844 time/batch=3.87s
681/1184 (epoch 2.301) train_loss=322.41800425 time/batch=4.34s
682/1184 (epoch 2.304) train_loss=830.58244567 time/batch=11.52s
683/1184 (epoch 2.307) train_loss=655.79613996 time/batch=7.93s
684/1184 (epoch 2.311) train_loss=372.63261936 time/batch=4.68s
685/1184 (epoch 2.314) train_loss=265.52518564 time/batch=3.48s
686/1184 (epoch 2.318) train_loss=405.72068813 time/batch=5.23s
687/1184 (epoch 2.321) train_loss=351.70665662 time/batch=4.68s
688/1184 (epoch 2.324) train_loss=295.58719115 time/batch=4.00s
689/1184 (epoch 2.328) train_loss=773.42520475 time/batch=12.98s
690/1184 (epoch 2.331) train_loss=412.32006359 time/batch=5.52s
691/1184 (epoch 2.334) train_loss=662.30108598 time/batch=8.65s
692/1184 (epoch 2.338) train_loss=323.09236118 time/batch=4.53s
693/1184 (epoch 2.341) train_loss=178.32540685 time/batch=2.57s
694/1184 (epoch 2.345) train_loss=501.51967705 time/batch=6.22s
695/1184 (epoch 2.348) train_loss=686.64430154 time/batch=8.75s
696/1184 (epoch 2.351) train_loss=588.09928886 time/batch=7.48s
697/1184 (epoch 2.355) train_loss=322.68175953 time/batch=4.30s
698/1184 (epoch 2.358) train_loss=310.65341822 time/batch=4.29s
699/1184 (epoch 2.361) train_loss=458.02299365 time/batch=5.94s
700/1184 (epoch 2.365) train_loss=237.69735046 time/batch=3.18s
701/1184 (epoch 2.368) train_loss=497.26229128 time/batch=6.59s
702/1184 (epoch 2.372) train_loss=521.81893584 time/batch=6.91s
703/1184 (epoch 2.375) train_loss=665.03515162 time/batch=8.23s
704/1184 (epoch 2.378) train_loss=244.76185334 time/batch=3.34s
705/1184 (epoch 2.382) train_loss=681.83614666 time/batch=8.60s
706/1184 (epoch 2.385) train_loss=267.35642043 time/batch=3.72s
707/1184 (epoch 2.389) train_loss=238.22834505 time/batch=3.30s
708/1184 (epoch 2.392) train_loss=409.04864586 time/batch=5.35s
709/1184 (epoch 2.395) train_loss=555.19644156 time/batch=7.11s
710/1184 (epoch 2.399) train_loss=433.20693091 time/batch=5.98s
711/1184 (epoch 2.402) train_loss=492.60927829 time/batch=6.73s
712/1184 (epoch 2.405) train_loss=565.73628329 time/batch=7.49s
713/1184 (epoch 2.409) train_loss=463.71053135 time/batch=6.30s
714/1184 (epoch 2.412) train_loss=440.15915087 time/batch=6.01s
715/1184 (epoch 2.416) train_loss=574.02032035 time/batch=7.49s
716/1184 (epoch 2.419) train_loss=190.19772627 time/batch=2.69s
717/1184 (epoch 2.422) train_loss=384.09582137 time/batch=5.09s
718/1184 (epoch 2.426) train_loss=251.93450855 time/batch=3.51s
719/1184 (epoch 2.429) train_loss=426.45036749 time/batch=5.68s
720/1184 (epoch 2.432) train_loss=208.71660499 time/batch=2.98s
721/1184 (epoch 2.436) train_loss=308.56493943 time/batch=4.32s
722/1184 (epoch 2.439) train_loss=583.71513378 time/batch=7.38s
723/1184 (epoch 2.443) train_loss=321.28165012 time/batch=4.27s
724/1184 (epoch 2.446) train_loss=176.53834779 time/batch=2.53s
725/1184 (epoch 2.449) train_loss=417.70983537 time/batch=5.41s
726/1184 (epoch 2.453) train_loss=534.55392825 time/batch=6.99s
727/1184 (epoch 2.456) train_loss=410.99724704 time/batch=5.54s
728/1184 (epoch 2.459) train_loss=262.05785167 time/batch=3.60s
729/1184 (epoch 2.463) train_loss=671.72552376 time/batch=8.47s
730/1184 (epoch 2.466) train_loss=338.69828679 time/batch=4.43s
731/1184 (epoch 2.470) train_loss=441.31648149 time/batch=5.76s
732/1184 (epoch 2.473) train_loss=226.73229490 time/batch=3.19s
733/1184 (epoch 2.476) train_loss=228.15489884 time/batch=3.12s
734/1184 (epoch 2.480) train_loss=595.55901160 time/batch=7.73s
735/1184 (epoch 2.483) train_loss=367.65762251 time/batch=4.74s
736/1184 (epoch 2.486) train_loss=161.81656136 time/batch=2.40s
737/1184 (epoch 2.490) train_loss=600.68894834 time/batch=7.68s
738/1184 (epoch 2.493) train_loss=465.48031366 time/batch=6.07s
739/1184 (epoch 2.497) train_loss=254.73713778 time/batch=3.45s
740/1184 (epoch 2.500) train_loss=449.64349636 time/batch=5.91s
741/1184 (epoch 2.503) train_loss=236.68876453 time/batch=3.37s
742/1184 (epoch 2.507) train_loss=281.19290926 time/batch=3.77s
743/1184 (epoch 2.510) train_loss=470.24176474 time/batch=6.34s
744/1184 (epoch 2.514) train_loss=280.31390045 time/batch=3.90s
745/1184 (epoch 2.517) train_loss=152.66420484 time/batch=2.31s
746/1184 (epoch 2.520) train_loss=214.21349974 time/batch=3.01s
747/1184 (epoch 2.524) train_loss=455.97900769 time/batch=5.97s
748/1184 (epoch 2.527) train_loss=411.99750281 time/batch=5.62s
749/1184 (epoch 2.530) train_loss=268.90454706 time/batch=3.71s
750/1184 (epoch 2.534) train_loss=415.09279322 time/batch=5.23s
751/1184 (epoch 2.537) train_loss=455.34249913 time/batch=5.80s
752/1184 (epoch 2.541) train_loss=524.25698044 time/batch=6.65s
753/1184 (epoch 2.544) train_loss=308.54164920 time/batch=3.91s
754/1184 (epoch 2.547) train_loss=302.10565434 time/batch=3.93s
755/1184 (epoch 2.551) train_loss=203.20633132 time/batch=2.89s
756/1184 (epoch 2.554) train_loss=299.08870102 time/batch=4.09s
757/1184 (epoch 2.557) train_loss=170.22226057 time/batch=2.52s
758/1184 (epoch 2.561) train_loss=414.80758788 time/batch=5.54s
759/1184 (epoch 2.564) train_loss=422.01249810 time/batch=5.31s
760/1184 (epoch 2.568) train_loss=457.16481202 time/batch=5.94s
761/1184 (epoch 2.571) train_loss=357.41616798 time/batch=4.72s
762/1184 (epoch 2.574) train_loss=145.38811953 time/batch=2.12s
763/1184 (epoch 2.578) train_loss=291.60547988 time/batch=3.97s
764/1184 (epoch 2.581) train_loss=523.12751743 time/batch=6.89s
765/1184 (epoch 2.584) train_loss=330.24764657 time/batch=4.48s
766/1184 (epoch 2.588) train_loss=238.27910554 time/batch=3.33s
767/1184 (epoch 2.591) train_loss=667.26331329 time/batch=8.83s
768/1184 (epoch 2.595) train_loss=467.54899449 time/batch=6.35s
769/1184 (epoch 2.598) train_loss=490.34956233 time/batch=6.41s
770/1184 (epoch 2.601) train_loss=620.38498349 time/batch=8.47s
771/1184 (epoch 2.605) train_loss=299.23533923 time/batch=4.08s
772/1184 (epoch 2.608) train_loss=333.04911360 time/batch=4.44s
773/1184 (epoch 2.611) train_loss=277.07796658 time/batch=3.89s
774/1184 (epoch 2.615) train_loss=326.92565733 time/batch=4.37s
775/1184 (epoch 2.618) train_loss=167.80398014 time/batch=2.61s
776/1184 (epoch 2.622) train_loss=431.55625490 time/batch=5.82s
777/1184 (epoch 2.625) train_loss=291.27920737 time/batch=3.85s
778/1184 (epoch 2.628) train_loss=556.93392630 time/batch=7.54s
779/1184 (epoch 2.632) train_loss=458.13170135 time/batch=6.05s
780/1184 (epoch 2.635) train_loss=294.34367997 time/batch=4.00s
781/1184 (epoch 2.639) train_loss=225.57056418 time/batch=3.19s
782/1184 (epoch 2.642) train_loss=425.12143217 time/batch=5.50s
783/1184 (epoch 2.645) train_loss=410.54568313 time/batch=5.26s
784/1184 (epoch 2.649) train_loss=326.71188917 time/batch=4.24s
785/1184 (epoch 2.652) train_loss=497.70020280 time/batch=6.55s
786/1184 (epoch 2.655) train_loss=420.84240304 time/batch=5.51s
787/1184 (epoch 2.659) train_loss=283.95105522 time/batch=3.63s
788/1184 (epoch 2.662) train_loss=297.71742706 time/batch=4.12s
789/1184 (epoch 2.666) train_loss=358.54971084 time/batch=4.71s
790/1184 (epoch 2.669) train_loss=449.76340260 time/batch=6.07s
791/1184 (epoch 2.672) train_loss=341.34048173 time/batch=4.53s
792/1184 (epoch 2.676) train_loss=260.73714859 time/batch=3.54s
793/1184 (epoch 2.679) train_loss=501.01294426 time/batch=6.41s
794/1184 (epoch 2.682) train_loss=253.28475597 time/batch=3.38s
795/1184 (epoch 2.686) train_loss=461.62951126 time/batch=5.91s
796/1184 (epoch 2.689) train_loss=296.61950680 time/batch=3.84s
797/1184 (epoch 2.693) train_loss=330.39919374 time/batch=4.30s
798/1184 (epoch 2.696) train_loss=394.60926698 time/batch=4.92s
799/1184 (epoch 2.699) train_loss=272.47091501 time/batch=3.81s
800/1184 (epoch 2.703) train_loss=513.63314592 time/batch=6.65s
801/1184 (epoch 2.706) train_loss=349.13962270 time/batch=4.60s
802/1184 (epoch 2.709) train_loss=198.04035488 time/batch=2.71s
803/1184 (epoch 2.713) train_loss=287.68296418 time/batch=4.18s
804/1184 (epoch 2.716) train_loss=308.15200257 time/batch=4.20s
805/1184 (epoch 2.720) train_loss=483.98956549 time/batch=6.18s
806/1184 (epoch 2.723) train_loss=412.06251204 time/batch=5.26s
807/1184 (epoch 2.726) train_loss=381.01726542 time/batch=4.98s
808/1184 (epoch 2.730) train_loss=352.97998369 time/batch=4.60s
809/1184 (epoch 2.733) train_loss=250.16655373 time/batch=3.43s
810/1184 (epoch 2.736) train_loss=278.18232635 time/batch=3.67s
811/1184 (epoch 2.740) train_loss=491.82348567 time/batch=6.08s
812/1184 (epoch 2.743) train_loss=411.40592075 time/batch=5.38s
813/1184 (epoch 2.747) train_loss=379.37260273 time/batch=4.88s
814/1184 (epoch 2.750) train_loss=452.17368832 time/batch=5.71s
815/1184 (epoch 2.753) train_loss=157.15156909 time/batch=2.31s
816/1184 (epoch 2.757) train_loss=442.56171934 time/batch=5.86s
817/1184 (epoch 2.760) train_loss=477.84583788 time/batch=5.94s
818/1184 (epoch 2.764) train_loss=436.64731175 time/batch=5.60s
819/1184 (epoch 2.767) train_loss=523.21456968 time/batch=6.52s
820/1184 (epoch 2.770) train_loss=266.23833481 time/batch=3.53s
821/1184 (epoch 2.774) train_loss=388.53269683 time/batch=5.02s
822/1184 (epoch 2.777) train_loss=444.82268689 time/batch=6.13s
823/1184 (epoch 2.780) train_loss=232.63530746 time/batch=3.22s
824/1184 (epoch 2.784) train_loss=415.36530183 time/batch=5.10s
825/1184 (epoch 2.787) train_loss=243.49937272 time/batch=3.30s
826/1184 (epoch 2.791) train_loss=416.28876727 time/batch=5.34s
827/1184 (epoch 2.794) train_loss=431.73731846 time/batch=5.74s
828/1184 (epoch 2.797) train_loss=474.03622007 time/batch=6.07s
829/1184 (epoch 2.801) train_loss=398.22245199 time/batch=5.09s
830/1184 (epoch 2.804) train_loss=424.56625942 time/batch=5.64s
831/1184 (epoch 2.807) train_loss=220.90186844 time/batch=2.98s
832/1184 (epoch 2.811) train_loss=400.06038472 time/batch=5.11s
833/1184 (epoch 2.814) train_loss=193.42092776 time/batch=2.66s
834/1184 (epoch 2.818) train_loss=457.11034488 time/batch=5.94s
835/1184 (epoch 2.821) train_loss=444.61203826 time/batch=6.03s
836/1184 (epoch 2.824) train_loss=295.17327789 time/batch=4.27s
837/1184 (epoch 2.828) train_loss=406.77617710 time/batch=5.36s
838/1184 (epoch 2.831) train_loss=343.11304466 time/batch=4.58s
839/1184 (epoch 2.834) train_loss=173.49948293 time/batch=2.64s
840/1184 (epoch 2.838) train_loss=349.93346886 time/batch=4.67s
841/1184 (epoch 2.841) train_loss=327.37128229 time/batch=4.28s
842/1184 (epoch 2.845) train_loss=349.44750646 time/batch=4.52s
843/1184 (epoch 2.848) train_loss=384.98201731 time/batch=4.84s
844/1184 (epoch 2.851) train_loss=414.88706918 time/batch=5.40s
845/1184 (epoch 2.855) train_loss=392.13962120 time/batch=5.13s
846/1184 (epoch 2.858) train_loss=497.60700484 time/batch=6.43s
847/1184 (epoch 2.861) train_loss=240.72536014 time/batch=3.34s
848/1184 (epoch 2.865) train_loss=430.90264887 time/batch=5.65s
849/1184 (epoch 2.868) train_loss=396.82256513 time/batch=4.96s
850/1184 (epoch 2.872) train_loss=325.10244944 time/batch=4.46s
851/1184 (epoch 2.875) train_loss=417.96716312 time/batch=5.61s
852/1184 (epoch 2.878) train_loss=395.27206466 time/batch=5.17s
853/1184 (epoch 2.882) train_loss=202.38696466 time/batch=2.72s
854/1184 (epoch 2.885) train_loss=401.36808933 time/batch=5.54s
855/1184 (epoch 2.889) train_loss=340.64600068 time/batch=4.54s
856/1184 (epoch 2.892) train_loss=428.00959274 time/batch=6.06s
857/1184 (epoch 2.895) train_loss=325.38241796 time/batch=4.34s
858/1184 (epoch 2.899) train_loss=218.73827773 time/batch=3.17s
859/1184 (epoch 2.902) train_loss=356.08805763 time/batch=4.81s
860/1184 (epoch 2.905) train_loss=359.50076036 time/batch=4.74s
861/1184 (epoch 2.909) train_loss=392.11006059 time/batch=5.44s
862/1184 (epoch 2.912) train_loss=414.03029369 time/batch=5.60s
863/1184 (epoch 2.916) train_loss=391.74760394 time/batch=5.57s
864/1184 (epoch 2.919) train_loss=425.60499451 time/batch=5.78s
865/1184 (epoch 2.922) train_loss=322.97159876 time/batch=4.78s
866/1184 (epoch 2.926) train_loss=312.09751935 time/batch=4.38s
867/1184 (epoch 2.929) train_loss=341.30857654 time/batch=4.65s
868/1184 (epoch 2.932) train_loss=356.29988900 time/batch=4.78s
869/1184 (epoch 2.936) train_loss=329.85906072 time/batch=4.46s
870/1184 (epoch 2.939) train_loss=432.94361724 time/batch=5.84s
871/1184 (epoch 2.943) train_loss=411.88180469 time/batch=5.75s
872/1184 (epoch 2.946) train_loss=250.42546861 time/batch=3.53s
873/1184 (epoch 2.949) train_loss=307.63367753 time/batch=4.31s
874/1184 (epoch 2.953) train_loss=230.77270799 time/batch=3.47s
875/1184 (epoch 2.956) train_loss=312.93822442 time/batch=4.53s
876/1184 (epoch 2.959) train_loss=402.86835266 time/batch=5.53s
877/1184 (epoch 2.963) train_loss=276.18823073 time/batch=4.34s
878/1184 (epoch 2.966) train_loss=318.84424199 time/batch=4.53s
879/1184 (epoch 2.970) train_loss=484.97924748 time/batch=6.12s
880/1184 (epoch 2.973) train_loss=389.53790972 time/batch=4.78s
881/1184 (epoch 2.976) train_loss=357.73032837 time/batch=4.87s
882/1184 (epoch 2.980) train_loss=316.15568320 time/batch=4.72s
883/1184 (epoch 2.983) train_loss=462.89295655 time/batch=6.52s
884/1184 (epoch 2.986) train_loss=327.88639922 time/batch=4.67s
885/1184 (epoch 2.990) train_loss=407.66643448 time/batch=6.30s
886/1184 (epoch 2.993) train_loss=377.79446227 time/batch=5.40s
887/1184 (epoch 2.997) train_loss=330.84116353 time/batch=4.56s
888/1184 (epoch 3.000) train_loss=344.20735315 time/batch=4.81s
  saved to metadata/configSample--20250114-222226.pkl
889/1184 (epoch 3.003) train_loss=2131.93723843 time/batch=32.24s
890/1184 (epoch 3.007) train_loss=430.77038803 time/batch=5.77s
891/1184 (epoch 3.010) train_loss=1312.25012820 time/batch=17.18s
892/1184 (epoch 3.014) train_loss=679.36994627 time/batch=9.02s
893/1184 (epoch 3.017) train_loss=210.40676814 time/batch=2.88s
894/1184 (epoch 3.020) train_loss=2260.02293100 time/batch=48.95s
895/1184 (epoch 3.024) train_loss=767.37626533 time/batch=10.41s
896/1184 (epoch 3.027) train_loss=640.34096817 time/batch=8.22s
897/1184 (epoch 3.030) train_loss=280.05981601 time/batch=3.85s
898/1184 (epoch 3.034) train_loss=567.61618792 time/batch=7.43s
899/1184 (epoch 3.037) train_loss=225.82785344 time/batch=3.19s
900/1184 (epoch 3.041) train_loss=686.61574441 time/batch=9.37s
901/1184 (epoch 3.044) train_loss=623.30261846 time/batch=8.40s
902/1184 (epoch 3.047) train_loss=614.36783432 time/batch=8.43s
903/1184 (epoch 3.051) train_loss=939.13728547 time/batch=12.24s
904/1184 (epoch 3.054) train_loss=330.90437561 time/batch=4.21s
905/1184 (epoch 3.057) train_loss=309.68165837 time/batch=4.31s
906/1184 (epoch 3.061) train_loss=326.90985877 time/batch=4.60s
907/1184 (epoch 3.064) train_loss=148.03739412 time/batch=2.27s
908/1184 (epoch 3.068) train_loss=1055.06549715 time/batch=13.53s
909/1184 (epoch 3.071) train_loss=169.27502914 time/batch=2.36s
910/1184 (epoch 3.074) train_loss=357.11674770 time/batch=4.87s
911/1184 (epoch 3.078) train_loss=299.06190024 time/batch=4.15s
912/1184 (epoch 3.081) train_loss=127.15427462 time/batch=2.06s
913/1184 (epoch 3.084) train_loss=497.48118866 time/batch=6.71s
914/1184 (epoch 3.088) train_loss=890.84176209 time/batch=11.72s
915/1184 (epoch 3.091) train_loss=833.43331669 time/batch=11.17s
916/1184 (epoch 3.095) train_loss=217.29129872 time/batch=3.19s
917/1184 (epoch 3.098) train_loss=454.02096861 time/batch=6.23s
918/1184 (epoch 3.101) train_loss=419.82902787 time/batch=5.73s
919/1184 (epoch 3.105) train_loss=387.66668326 time/batch=5.31s
920/1184 (epoch 3.108) train_loss=777.21914273 time/batch=9.84s
921/1184 (epoch 3.111) train_loss=573.32315896 time/batch=6.87s
922/1184 (epoch 3.115) train_loss=1219.40996571 time/batch=15.12s
923/1184 (epoch 3.118) train_loss=990.94874549 time/batch=12.73s
924/1184 (epoch 3.122) train_loss=507.97499391 time/batch=6.70s
925/1184 (epoch 3.125) train_loss=458.96346249 time/batch=6.17s
926/1184 (epoch 3.128) train_loss=801.46563920 time/batch=10.73s
927/1184 (epoch 3.132) train_loss=661.86757899 time/batch=8.84s
928/1184 (epoch 3.135) train_loss=494.68693200 time/batch=6.53s
929/1184 (epoch 3.139) train_loss=763.52047430 time/batch=10.16s
930/1184 (epoch 3.142) train_loss=628.82990404 time/batch=8.12s
931/1184 (epoch 3.145) train_loss=280.58218988 time/batch=3.73s
932/1184 (epoch 3.149) train_loss=428.22773178 time/batch=6.04s
933/1184 (epoch 3.152) train_loss=390.54430928 time/batch=5.32s
934/1184 (epoch 3.155) train_loss=472.54159829 time/batch=6.50s
935/1184 (epoch 3.159) train_loss=523.10724654 time/batch=6.93s
936/1184 (epoch 3.162) train_loss=289.88472865 time/batch=4.06s
937/1184 (epoch 3.166) train_loss=163.62149189 time/batch=2.38s
938/1184 (epoch 3.169) train_loss=603.25651041 time/batch=7.80s
939/1184 (epoch 3.172) train_loss=475.50246208 time/batch=6.40s
940/1184 (epoch 3.176) train_loss=429.90175101 time/batch=5.71s
941/1184 (epoch 3.179) train_loss=644.00043792 time/batch=8.40s
942/1184 (epoch 3.182) train_loss=234.76240022 time/batch=3.31s
943/1184 (epoch 3.186) train_loss=495.70981323 time/batch=6.77s
944/1184 (epoch 3.189) train_loss=298.86872793 time/batch=4.27s
945/1184 (epoch 3.193) train_loss=601.39773605 time/batch=8.33s
946/1184 (epoch 3.196) train_loss=1152.83856195 time/batch=17.27s
947/1184 (epoch 3.199) train_loss=707.90301354 time/batch=7.97s
948/1184 (epoch 3.203) train_loss=389.16044399 time/batch=5.02s
949/1184 (epoch 3.206) train_loss=1323.87616088 time/batch=18.76s
950/1184 (epoch 3.209) train_loss=659.60973381 time/batch=9.03s
951/1184 (epoch 3.213) train_loss=786.29867709 time/batch=10.88s
952/1184 (epoch 3.216) train_loss=705.74422929 time/batch=9.79s
953/1184 (epoch 3.220) train_loss=538.52974307 time/batch=7.24s
954/1184 (epoch 3.223) train_loss=411.30988228 time/batch=5.99s
955/1184 (epoch 3.226) train_loss=202.81008563 time/batch=2.95s
956/1184 (epoch 3.230) train_loss=220.13390173 time/batch=3.23s
957/1184 (epoch 3.233) train_loss=690.10922902 time/batch=9.26s
958/1184 (epoch 3.236) train_loss=665.69621071 time/batch=9.26s
959/1184 (epoch 3.240) train_loss=229.68176028 time/batch=3.37s
960/1184 (epoch 3.243) train_loss=332.64843970 time/batch=4.72s
961/1184 (epoch 3.247) train_loss=590.56192735 time/batch=8.13s
962/1184 (epoch 3.250) train_loss=729.80192750 time/batch=10.76s
963/1184 (epoch 3.253) train_loss=204.88892895 time/batch=3.10s
964/1184 (epoch 3.257) train_loss=455.26335501 time/batch=6.50s
965/1184 (epoch 3.260) train_loss=468.32513883 time/batch=6.62s
966/1184 (epoch 3.264) train_loss=465.93090928 time/batch=6.43s
967/1184 (epoch 3.267) train_loss=276.92331400 time/batch=3.82s
968/1184 (epoch 3.270) train_loss=410.14542924 time/batch=6.02s
969/1184 (epoch 3.274) train_loss=475.32617688 time/batch=6.84s
970/1184 (epoch 3.277) train_loss=627.20945428 time/batch=8.67s
971/1184 (epoch 3.280) train_loss=225.99566193 time/batch=3.19s
972/1184 (epoch 3.284) train_loss=280.43556581 time/batch=4.10s
973/1184 (epoch 3.287) train_loss=316.81516853 time/batch=4.76s
974/1184 (epoch 3.291) train_loss=220.22944328 time/batch=3.30s
975/1184 (epoch 3.294) train_loss=146.63803772 time/batch=2.26s
976/1184 (epoch 3.297) train_loss=829.41284916 time/batch=12.38s
977/1184 (epoch 3.301) train_loss=550.31509358 time/batch=7.68s
978/1184 (epoch 3.304) train_loss=207.62188959 time/batch=2.93s
979/1184 (epoch 3.307) train_loss=433.15754353 time/batch=6.41s
980/1184 (epoch 3.311) train_loss=366.70804300 time/batch=5.28s
981/1184 (epoch 3.314) train_loss=258.18343714 time/batch=3.93s
982/1184 (epoch 3.318) train_loss=510.74807999 time/batch=7.06s
983/1184 (epoch 3.321) train_loss=172.70539970 time/batch=2.63s
984/1184 (epoch 3.324) train_loss=496.32995831 time/batch=7.09s
985/1184 (epoch 3.328) train_loss=372.28136081 time/batch=5.48s
986/1184 (epoch 3.331) train_loss=431.13569083 time/batch=5.96s
987/1184 (epoch 3.334) train_loss=526.12251186 time/batch=7.23s
988/1184 (epoch 3.338) train_loss=258.62702310 time/batch=3.73s
989/1184 (epoch 3.341) train_loss=198.87739488 time/batch=3.17s
990/1184 (epoch 3.345) train_loss=337.78168084 time/batch=5.08s
991/1184 (epoch 3.348) train_loss=240.15113893 time/batch=3.64s
992/1184 (epoch 3.351) train_loss=693.89753698 time/batch=11.06s
993/1184 (epoch 3.355) train_loss=779.95597922 time/batch=12.61s
994/1184 (epoch 3.358) train_loss=764.02578454 time/batch=12.50s
995/1184 (epoch 3.361) train_loss=153.78464018 time/batch=2.23s
996/1184 (epoch 3.365) train_loss=469.44102190 time/batch=6.70s
997/1184 (epoch 3.368) train_loss=434.63629191 time/batch=5.90s
998/1184 (epoch 3.372) train_loss=478.45040102 time/batch=6.87s
999/1184 (epoch 3.375) train_loss=615.29838477 time/batch=8.62s
Validating
    loss:	428.675882

1000/1184 (epoch 3.378) train_loss=580.56464150 time/batch=84.73s
1001/1184 (epoch 3.382) train_loss=366.16158241 time/batch=5.03s
1002/1184 (epoch 3.385) train_loss=530.14815230 time/batch=7.50s
1003/1184 (epoch 3.389) train_loss=229.46441943 time/batch=3.37s
1004/1184 (epoch 3.392) train_loss=398.36272382 time/batch=5.68s
1005/1184 (epoch 3.395) train_loss=293.28041821 time/batch=4.40s
1006/1184 (epoch 3.399) train_loss=367.70709505 time/batch=5.49s
1007/1184 (epoch 3.402) train_loss=398.75466946 time/batch=6.11s
1008/1184 (epoch 3.405) train_loss=301.17490721 time/batch=4.61s
1009/1184 (epoch 3.409) train_loss=283.64337731 time/batch=4.35s
1010/1184 (epoch 3.412) train_loss=309.42594039 time/batch=4.58s
1011/1184 (epoch 3.416) train_loss=180.53903255 time/batch=2.79s
1012/1184 (epoch 3.419) train_loss=227.25233549 time/batch=3.47s
1013/1184 (epoch 3.422) train_loss=353.59073496 time/batch=4.94s
1014/1184 (epoch 3.426) train_loss=594.09890748 time/batch=8.80s
1015/1184 (epoch 3.429) train_loss=389.86277459 time/batch=5.33s
1016/1184 (epoch 3.432) train_loss=561.04635628 time/batch=7.78s
1017/1184 (epoch 3.436) train_loss=359.48659122 time/batch=4.92s
1018/1184 (epoch 3.439) train_loss=463.40527247 time/batch=6.34s
1019/1184 (epoch 3.443) train_loss=216.85601310 time/batch=3.25s
1020/1184 (epoch 3.446) train_loss=143.13338403 time/batch=2.16s
1021/1184 (epoch 3.449) train_loss=252.52310865 time/batch=3.81s
1022/1184 (epoch 3.453) train_loss=227.72412157 time/batch=3.63s
1023/1184 (epoch 3.456) train_loss=289.87323195 time/batch=4.80s
1024/1184 (epoch 3.459) train_loss=568.59174743 time/batch=10.23s
1025/1184 (epoch 3.463) train_loss=378.88710787 time/batch=7.14s
1026/1184 (epoch 3.466) train_loss=350.10846869 time/batch=6.87s
1027/1184 (epoch 3.470) train_loss=319.26184791 time/batch=6.18s
1028/1184 (epoch 3.473) train_loss=447.21998112 time/batch=8.14s
1029/1184 (epoch 3.476) train_loss=151.02373808 time/batch=3.23s
1030/1184 (epoch 3.480) train_loss=438.76137570 time/batch=8.86s
1031/1184 (epoch 3.483) train_loss=515.57439895 time/batch=10.34s
1032/1184 (epoch 3.486) train_loss=222.43779902 time/batch=4.55s
1033/1184 (epoch 3.490) train_loss=228.35738447 time/batch=4.59s
1034/1184 (epoch 3.493) train_loss=329.20494971 time/batch=6.71s
1035/1184 (epoch 3.497) train_loss=263.77072235 time/batch=5.20s
1036/1184 (epoch 3.500) train_loss=362.25220697 time/batch=6.91s
1037/1184 (epoch 3.503) train_loss=378.85141548 time/batch=7.56s
1038/1184 (epoch 3.507) train_loss=204.72941577 time/batch=4.06s
1039/1184 (epoch 3.510) train_loss=245.03353225 time/batch=5.02s
1040/1184 (epoch 3.514) train_loss=246.72809017 time/batch=5.14s
1041/1184 (epoch 3.517) train_loss=486.45458152 time/batch=9.78s
1042/1184 (epoch 3.520) train_loss=158.48579264 time/batch=3.43s
1043/1184 (epoch 3.524) train_loss=287.04040936 time/batch=5.88s
1044/1184 (epoch 3.527) train_loss=367.19033943 time/batch=7.77s
1045/1184 (epoch 3.530) train_loss=267.85932979 time/batch=5.56s
1046/1184 (epoch 3.534) train_loss=251.38784856 time/batch=4.91s
1047/1184 (epoch 3.537) train_loss=226.00995808 time/batch=4.65s
1048/1184 (epoch 3.541) train_loss=327.35594997 time/batch=6.29s
1049/1184 (epoch 3.544) train_loss=459.80919948 time/batch=8.97s
1050/1184 (epoch 3.547) train_loss=181.06264372 time/batch=3.76s
1051/1184 (epoch 3.551) train_loss=319.41822336 time/batch=6.53s
1052/1184 (epoch 3.554) train_loss=416.37814693 time/batch=8.35s
1053/1184 (epoch 3.557) train_loss=339.44419969 time/batch=7.24s
1054/1184 (epoch 3.561) train_loss=347.13596217 time/batch=6.67s
1055/1184 (epoch 3.564) train_loss=225.20338319 time/batch=4.84s
1056/1184 (epoch 3.568) train_loss=550.14491134 time/batch=10.34s
1057/1184 (epoch 3.571) train_loss=184.70401901 time/batch=3.48s
1058/1184 (epoch 3.574) train_loss=469.29890911 time/batch=9.20s
1059/1184 (epoch 3.578) train_loss=185.52892256 time/batch=3.65s
1060/1184 (epoch 3.581) train_loss=369.97297097 time/batch=6.79s
1061/1184 (epoch 3.584) train_loss=228.79939439 time/batch=3.54s
1062/1184 (epoch 3.588) train_loss=438.70231290 time/batch=7.11s
1063/1184 (epoch 3.591) train_loss=367.63250357 time/batch=6.10s
1064/1184 (epoch 3.595) train_loss=251.98871291 time/batch=4.41s
1065/1184 (epoch 3.598) train_loss=207.66241400 time/batch=3.92s
1066/1184 (epoch 3.601) train_loss=166.74791692 time/batch=2.94s
1067/1184 (epoch 3.605) train_loss=340.19939252 time/batch=5.52s
1068/1184 (epoch 3.608) train_loss=510.95084959 time/batch=8.19s
1069/1184 (epoch 3.611) train_loss=292.15589790 time/batch=4.46s
1070/1184 (epoch 3.615) train_loss=451.19794041 time/batch=7.13s
1071/1184 (epoch 3.618) train_loss=177.96122911 time/batch=2.66s
1072/1184 (epoch 3.622) train_loss=426.40457649 time/batch=6.30s
1073/1184 (epoch 3.625) train_loss=299.52856225 time/batch=4.58s
1074/1184 (epoch 3.628) train_loss=346.58247182 time/batch=5.60s
1075/1184 (epoch 3.632) train_loss=402.66373819 time/batch=6.00s
1076/1184 (epoch 3.635) train_loss=257.34172714 time/batch=4.30s
1077/1184 (epoch 3.639) train_loss=370.72667449 time/batch=6.20s
1078/1184 (epoch 3.642) train_loss=303.29708976 time/batch=4.95s
1079/1184 (epoch 3.645) train_loss=443.56412995 time/batch=7.08s
1080/1184 (epoch 3.649) train_loss=132.48702203 time/batch=2.49s
1081/1184 (epoch 3.652) train_loss=478.03021759 time/batch=7.92s
1082/1184 (epoch 3.655) train_loss=406.83345523 time/batch=6.71s
1083/1184 (epoch 3.659) train_loss=324.18269244 time/batch=5.26s
1084/1184 (epoch 3.662) train_loss=329.19081166 time/batch=4.98s
1085/1184 (epoch 3.666) train_loss=276.20726816 time/batch=5.76s
1086/1184 (epoch 3.669) train_loss=156.31036411 time/batch=3.42s
1087/1184 (epoch 3.672) train_loss=413.44531129 time/batch=8.62s
1088/1184 (epoch 3.676) train_loss=233.52288040 time/batch=4.99s
1089/1184 (epoch 3.679) train_loss=285.07620233 time/batch=5.73s
1090/1184 (epoch 3.682) train_loss=301.71203402 time/batch=6.35s
1091/1184 (epoch 3.686) train_loss=310.51799588 time/batch=6.49s
1092/1184 (epoch 3.689) train_loss=537.52765155 time/batch=10.53s
1093/1184 (epoch 3.693) train_loss=404.85023404 time/batch=8.13s
1094/1184 (epoch 3.696) train_loss=355.20414381 time/batch=7.17s
1095/1184 (epoch 3.699) train_loss=458.99981846 time/batch=8.97s
1096/1184 (epoch 3.703) train_loss=331.04975319 time/batch=7.28s
1097/1184 (epoch 3.706) train_loss=274.94073986 time/batch=5.98s
1098/1184 (epoch 3.709) train_loss=155.70321767 time/batch=3.19s
1099/1184 (epoch 3.713) train_loss=359.72078960 time/batch=7.32s
1100/1184 (epoch 3.716) train_loss=420.23493303 time/batch=8.40s
1101/1184 (epoch 3.720) train_loss=394.44928437 time/batch=8.51s
1102/1184 (epoch 3.723) train_loss=374.30076581 time/batch=7.54s
1103/1184 (epoch 3.726) train_loss=194.34246617 time/batch=4.08s
1104/1184 (epoch 3.730) train_loss=324.10901309 time/batch=6.69s
1105/1184 (epoch 3.733) train_loss=367.22696134 time/batch=7.83s
1106/1184 (epoch 3.736) train_loss=408.75827421 time/batch=8.63s
1107/1184 (epoch 3.740) train_loss=368.89033843 time/batch=8.07s
1108/1184 (epoch 3.743) train_loss=413.56504485 time/batch=8.47s
1109/1184 (epoch 3.747) train_loss=448.91442175 time/batch=8.85s
1110/1184 (epoch 3.750) train_loss=249.53133247 time/batch=5.44s
1111/1184 (epoch 3.753) train_loss=296.17211453 time/batch=6.02s
1112/1184 (epoch 3.757) train_loss=160.71241970 time/batch=3.71s
1113/1184 (epoch 3.760) train_loss=235.16476749 time/batch=5.27s
1114/1184 (epoch 3.764) train_loss=517.68847821 time/batch=10.48s
1115/1184 (epoch 3.767) train_loss=492.12224519 time/batch=9.38s
1116/1184 (epoch 3.770) train_loss=419.07062882 time/batch=7.96s
1117/1184 (epoch 3.774) train_loss=364.76421461 time/batch=7.75s
1118/1184 (epoch 3.777) train_loss=205.65651253 time/batch=4.75s
1119/1184 (epoch 3.780) train_loss=265.11763434 time/batch=5.96s
1120/1184 (epoch 3.784) train_loss=324.16582162 time/batch=6.93s
1121/1184 (epoch 3.787) train_loss=265.01726024 time/batch=5.54s
1122/1184 (epoch 3.791) train_loss=290.60893886 time/batch=6.29s
1123/1184 (epoch 3.794) train_loss=433.78319721 time/batch=9.50s
1124/1184 (epoch 3.797) train_loss=219.82354169 time/batch=4.76s
1125/1184 (epoch 3.801) train_loss=377.89275301 time/batch=8.28s
1126/1184 (epoch 3.804) train_loss=330.76485743 time/batch=7.36s
1127/1184 (epoch 3.807) train_loss=324.52308261 time/batch=7.01s
1128/1184 (epoch 3.811) train_loss=331.73194837 time/batch=6.77s
1129/1184 (epoch 3.814) train_loss=362.04251219 time/batch=7.96s
1130/1184 (epoch 3.818) train_loss=355.40224111 time/batch=7.89s
1131/1184 (epoch 3.821) train_loss=395.17911249 time/batch=8.70s
1132/1184 (epoch 3.824) train_loss=343.59482327 time/batch=6.83s
1133/1184 (epoch 3.828) train_loss=358.13773971 time/batch=7.57s
1134/1184 (epoch 3.831) train_loss=230.91667330 time/batch=4.88s
1135/1184 (epoch 3.834) train_loss=270.86134725 time/batch=5.93s
1136/1184 (epoch 3.838) train_loss=160.78106484 time/batch=3.96s
1137/1184 (epoch 3.841) train_loss=377.76288105 time/batch=7.94s
1138/1184 (epoch 3.845) train_loss=250.52211323 time/batch=5.83s
1139/1184 (epoch 3.848) train_loss=322.21845980 time/batch=6.64s
1140/1184 (epoch 3.851) train_loss=281.44991960 time/batch=6.08s
1141/1184 (epoch 3.855) train_loss=375.54511536 time/batch=7.99s
1142/1184 (epoch 3.858) train_loss=288.23076989 time/batch=6.08s
1143/1184 (epoch 3.861) train_loss=180.67436404 time/batch=4.08s
1144/1184 (epoch 3.865) train_loss=362.52491566 time/batch=7.76s
1145/1184 (epoch 3.868) train_loss=349.30803408 time/batch=7.29s
1146/1184 (epoch 3.872) train_loss=291.79330401 time/batch=6.28s
1147/1184 (epoch 3.875) train_loss=262.10332716 time/batch=5.75s
1148/1184 (epoch 3.878) train_loss=232.41169116 time/batch=4.98s
1149/1184 (epoch 3.882) train_loss=402.65810335 time/batch=8.42s
1150/1184 (epoch 3.885) train_loss=217.38922271 time/batch=4.82s
1151/1184 (epoch 3.889) train_loss=341.81998218 time/batch=6.83s
1152/1184 (epoch 3.892) train_loss=304.07548431 time/batch=6.36s
1153/1184 (epoch 3.895) train_loss=345.05319711 time/batch=7.52s
1154/1184 (epoch 3.899) train_loss=272.71393538 time/batch=5.89s
1155/1184 (epoch 3.902) train_loss=269.48589541 time/batch=6.11s
1156/1184 (epoch 3.905) train_loss=285.02099801 time/batch=6.24s
1157/1184 (epoch 3.909) train_loss=282.50664062 time/batch=6.22s
1158/1184 (epoch 3.912) train_loss=284.22547564 time/batch=6.10s
1159/1184 (epoch 3.916) train_loss=386.51562116 time/batch=8.24s
1160/1184 (epoch 3.919) train_loss=302.75744088 time/batch=6.06s
1161/1184 (epoch 3.922) train_loss=392.75060215 time/batch=8.04s
1162/1184 (epoch 3.926) train_loss=358.12711045 time/batch=7.62s
1163/1184 (epoch 3.929) train_loss=310.45602399 time/batch=6.81s
1164/1184 (epoch 3.932) train_loss=309.81152398 time/batch=7.41s
1165/1184 (epoch 3.936) train_loss=255.01003679 time/batch=6.52s
1166/1184 (epoch 3.939) train_loss=289.42117513 time/batch=7.18s
1167/1184 (epoch 3.943) train_loss=277.68946788 time/batch=6.62s
1168/1184 (epoch 3.946) train_loss=257.45924385 time/batch=6.69s
1169/1184 (epoch 3.949) train_loss=351.44783041 time/batch=8.51s
1170/1184 (epoch 3.953) train_loss=295.24564354 time/batch=7.43s
1171/1184 (epoch 3.956) train_loss=242.66339038 time/batch=5.97s
1172/1184 (epoch 3.959) train_loss=329.65050924 time/batch=8.35s
1173/1184 (epoch 3.963) train_loss=258.47470498 time/batch=6.03s
1174/1184 (epoch 3.966) train_loss=297.55348630 time/batch=7.38s
1175/1184 (epoch 3.970) train_loss=235.99934032 time/batch=5.91s
1176/1184 (epoch 3.973) train_loss=254.67453834 time/batch=6.56s
1177/1184 (epoch 3.976) train_loss=377.73958742 time/batch=8.75s
1178/1184 (epoch 3.980) train_loss=354.44779541 time/batch=8.44s
1179/1184 (epoch 3.983) train_loss=367.08438273 time/batch=8.61s
1180/1184 (epoch 3.986) train_loss=273.00602154 time/batch=6.52s
1181/1184 (epoch 3.990) train_loss=353.41015513 time/batch=8.80s
1182/1184 (epoch 3.993) train_loss=353.86426930 time/batch=8.82s
1183/1184 (epoch 3.997) train_loss=281.66769672 time/batch=7.72s
1184/1184 (epoch 4.000) train_loss=325.67558954 time/batch=7.72s
  saved to metadata/configSample--20250114-222226.pkl
