vocabulary size: 171
n tunes: 10000
n train tunes: 9488.0
n validation tunes: 512.0
min, max length 47 1277
Building the model
  number of parameters: 5719268
  layer output shapes:               #params:   output shape:
    InputLayer                       0          (32, None)
    EmbeddingLayer                   29241      (32, None, 171)
    InputLayer                       0          (32, None)
    LSTMLayer                        1401856    (32, None, 512)
    DropoutLayer                     0          (32, None, 512)
    LSTMLayer                        2100224    (32, None, 512)
    DropoutLayer                     0          (32, None, 512)
    LSTMLayer                        2100224    (32, None, 512)
    DropoutLayer                     0          (32, None, 512)
    ReshapeLayer                     0          (None, 512)
    DenseLayer                       87723      (None, 171)
Train model
1/1186 (epoch 0.003) train_loss=1608.35168457 time/batch=7.43s
2/1186 (epoch 0.007) train_loss=2325.62963867 time/batch=21.81s
3/1186 (epoch 0.010) train_loss=459.27331543 time/batch=6.78s
4/1186 (epoch 0.013) train_loss=547.18347168 time/batch=4.33s
5/1186 (epoch 0.017) train_loss=1262.71520996 time/batch=7.84s
6/1186 (epoch 0.020) train_loss=1394.52075195 time/batch=9.95s
7/1186 (epoch 0.024) train_loss=1147.45202637 time/batch=16.81s
8/1186 (epoch 0.027) train_loss=932.73559570 time/batch=14.35s
9/1186 (epoch 0.030) train_loss=931.96942139 time/batch=9.33s
10/1186 (epoch 0.034) train_loss=3048.83081055 time/batch=29.15s
11/1186 (epoch 0.037) train_loss=921.44311523 time/batch=5.63s
12/1186 (epoch 0.040) train_loss=439.13394165 time/batch=3.05s
13/1186 (epoch 0.044) train_loss=1074.31359863 time/batch=7.37s
14/1186 (epoch 0.047) train_loss=1403.55468750 time/batch=10.56s
15/1186 (epoch 0.051) train_loss=1566.72888184 time/batch=11.59s
16/1186 (epoch 0.054) train_loss=640.46441650 time/batch=4.28s
17/1186 (epoch 0.057) train_loss=355.96499634 time/batch=2.57s
18/1186 (epoch 0.061) train_loss=1820.34179688 time/batch=14.77s
19/1186 (epoch 0.064) train_loss=697.74371338 time/batch=4.81s
20/1186 (epoch 0.067) train_loss=320.26516724 time/batch=2.30s
21/1186 (epoch 0.071) train_loss=897.24511719 time/batch=6.49s
22/1186 (epoch 0.074) train_loss=580.19244385 time/batch=4.08s
23/1186 (epoch 0.078) train_loss=235.21812439 time/batch=1.78s
24/1186 (epoch 0.081) train_loss=179.07505798 time/batch=1.39s
25/1186 (epoch 0.084) train_loss=1220.76745605 time/batch=8.67s
26/1186 (epoch 0.088) train_loss=670.92333984 time/batch=4.75s
27/1186 (epoch 0.091) train_loss=1043.33142090 time/batch=8.34s
28/1186 (epoch 0.094) train_loss=430.37579346 time/batch=3.05s
29/1186 (epoch 0.098) train_loss=790.76635742 time/batch=5.67s
30/1186 (epoch 0.101) train_loss=941.35156250 time/batch=6.82s
31/1186 (epoch 0.105) train_loss=324.40438843 time/batch=2.44s
32/1186 (epoch 0.108) train_loss=461.73132324 time/batch=3.30s
33/1186 (epoch 0.111) train_loss=770.60253906 time/batch=5.53s
34/1186 (epoch 0.115) train_loss=473.00018311 time/batch=3.42s
35/1186 (epoch 0.118) train_loss=595.00067139 time/batch=4.26s
36/1186 (epoch 0.121) train_loss=559.17138672 time/batch=4.03s
37/1186 (epoch 0.125) train_loss=316.50076294 time/batch=2.42s
38/1186 (epoch 0.128) train_loss=472.15380859 time/batch=3.48s
39/1186 (epoch 0.132) train_loss=331.81585693 time/batch=2.53s
40/1186 (epoch 0.135) train_loss=425.21237183 time/batch=3.14s
41/1186 (epoch 0.138) train_loss=845.92797852 time/batch=5.92s
42/1186 (epoch 0.142) train_loss=392.20877075 time/batch=2.85s
43/1186 (epoch 0.145) train_loss=744.52215576 time/batch=5.30s
44/1186 (epoch 0.148) train_loss=260.44674683 time/batch=1.92s
45/1186 (epoch 0.152) train_loss=427.44018555 time/batch=3.13s
46/1186 (epoch 0.155) train_loss=630.34509277 time/batch=4.61s
47/1186 (epoch 0.159) train_loss=609.66937256 time/batch=4.41s
48/1186 (epoch 0.162) train_loss=555.96063232 time/batch=4.04s
49/1186 (epoch 0.165) train_loss=586.17297363 time/batch=4.31s
50/1186 (epoch 0.169) train_loss=668.65039062 time/batch=4.73s
51/1186 (epoch 0.172) train_loss=512.23297119 time/batch=3.64s
52/1186 (epoch 0.175) train_loss=225.88456726 time/batch=1.77s
53/1186 (epoch 0.179) train_loss=770.44732666 time/batch=5.50s
54/1186 (epoch 0.182) train_loss=248.93734741 time/batch=1.86s
55/1186 (epoch 0.185) train_loss=198.21772766 time/batch=1.58s
56/1186 (epoch 0.189) train_loss=598.87579346 time/batch=4.37s
57/1186 (epoch 0.192) train_loss=216.35223389 time/batch=1.66s
58/1186 (epoch 0.196) train_loss=504.02810669 time/batch=3.68s
59/1186 (epoch 0.199) train_loss=180.53173828 time/batch=1.42s
60/1186 (epoch 0.202) train_loss=662.33093262 time/batch=4.74s
61/1186 (epoch 0.206) train_loss=429.09448242 time/batch=3.10s
62/1186 (epoch 0.209) train_loss=485.98458862 time/batch=3.63s
63/1186 (epoch 0.212) train_loss=246.76722717 time/batch=1.86s
64/1186 (epoch 0.216) train_loss=552.10070801 time/batch=3.95s
65/1186 (epoch 0.219) train_loss=489.14562988 time/batch=3.61s
66/1186 (epoch 0.223) train_loss=319.93447876 time/batch=2.40s
67/1186 (epoch 0.226) train_loss=571.37823486 time/batch=4.16s
68/1186 (epoch 0.229) train_loss=692.29620361 time/batch=4.94s
69/1186 (epoch 0.233) train_loss=419.16333008 time/batch=3.24s
70/1186 (epoch 0.236) train_loss=516.48114014 time/batch=3.75s
71/1186 (epoch 0.239) train_loss=452.03210449 time/batch=3.42s
72/1186 (epoch 0.243) train_loss=298.21472168 time/batch=2.25s
73/1186 (epoch 0.246) train_loss=370.31045532 time/batch=2.80s
74/1186 (epoch 0.250) train_loss=718.59521484 time/batch=5.21s
75/1186 (epoch 0.253) train_loss=336.63955688 time/batch=2.59s
76/1186 (epoch 0.256) train_loss=716.96746826 time/batch=5.27s
77/1186 (epoch 0.260) train_loss=536.89038086 time/batch=3.88s
78/1186 (epoch 0.263) train_loss=432.89663696 time/batch=3.18s
79/1186 (epoch 0.266) train_loss=547.27392578 time/batch=4.11s
80/1186 (epoch 0.270) train_loss=296.56506348 time/batch=2.38s
81/1186 (epoch 0.273) train_loss=245.49249268 time/batch=1.94s
82/1186 (epoch 0.277) train_loss=426.49533081 time/batch=3.14s
83/1186 (epoch 0.280) train_loss=516.79986572 time/batch=3.80s
84/1186 (epoch 0.283) train_loss=569.62744141 time/batch=4.10s
85/1186 (epoch 0.287) train_loss=704.78405762 time/batch=5.01s
86/1186 (epoch 0.290) train_loss=612.63964844 time/batch=4.48s
87/1186 (epoch 0.293) train_loss=687.41253662 time/batch=4.93s
88/1186 (epoch 0.297) train_loss=491.08807373 time/batch=3.66s
89/1186 (epoch 0.300) train_loss=562.03845215 time/batch=4.07s
90/1186 (epoch 0.304) train_loss=523.46545410 time/batch=3.87s
91/1186 (epoch 0.307) train_loss=340.58489990 time/batch=2.69s
92/1186 (epoch 0.310) train_loss=565.45922852 time/batch=4.06s
93/1186 (epoch 0.314) train_loss=523.39086914 time/batch=3.83s
94/1186 (epoch 0.317) train_loss=204.07974243 time/batch=1.59s
95/1186 (epoch 0.320) train_loss=183.66577148 time/batch=1.51s
96/1186 (epoch 0.324) train_loss=194.33415222 time/batch=1.64s
97/1186 (epoch 0.327) train_loss=634.77270508 time/batch=4.53s
98/1186 (epoch 0.331) train_loss=278.61691284 time/batch=2.09s
99/1186 (epoch 0.334) train_loss=907.52093506 time/batch=6.55s
100/1186 (epoch 0.337) train_loss=728.26257324 time/batch=5.38s
101/1186 (epoch 0.341) train_loss=403.32089233 time/batch=3.01s
102/1186 (epoch 0.344) train_loss=692.94543457 time/batch=4.90s
103/1186 (epoch 0.347) train_loss=820.53857422 time/batch=6.03s
104/1186 (epoch 0.351) train_loss=453.35406494 time/batch=3.37s
105/1186 (epoch 0.354) train_loss=492.31097412 time/batch=3.69s
106/1186 (epoch 0.358) train_loss=156.78416443 time/batch=1.31s
107/1186 (epoch 0.361) train_loss=550.32757568 time/batch=4.15s
108/1186 (epoch 0.364) train_loss=814.90454102 time/batch=6.66s
109/1186 (epoch 0.368) train_loss=367.65005493 time/batch=2.74s
110/1186 (epoch 0.371) train_loss=699.08715820 time/batch=5.02s
111/1186 (epoch 0.374) train_loss=472.35754395 time/batch=3.58s
112/1186 (epoch 0.378) train_loss=591.73779297 time/batch=4.54s
113/1186 (epoch 0.381) train_loss=430.46032715 time/batch=6.75s
114/1186 (epoch 0.384) train_loss=660.58239746 time/batch=11.13s
115/1186 (epoch 0.388) train_loss=453.83581543 time/batch=7.94s
116/1186 (epoch 0.391) train_loss=387.48617554 time/batch=6.68s
117/1186 (epoch 0.395) train_loss=760.16143799 time/batch=12.55s
118/1186 (epoch 0.398) train_loss=349.15640259 time/batch=6.05s
119/1186 (epoch 0.401) train_loss=303.76568604 time/batch=5.46s
120/1186 (epoch 0.405) train_loss=163.45297241 time/batch=3.02s
121/1186 (epoch 0.408) train_loss=210.12626648 time/batch=3.97s
122/1186 (epoch 0.411) train_loss=421.07949829 time/batch=7.42s
123/1186 (epoch 0.415) train_loss=279.63369751 time/batch=4.99s
124/1186 (epoch 0.418) train_loss=409.39321899 time/batch=7.26s
125/1186 (epoch 0.422) train_loss=533.52276611 time/batch=8.86s
126/1186 (epoch 0.425) train_loss=257.74261475 time/batch=4.61s
127/1186 (epoch 0.428) train_loss=606.05432129 time/batch=10.27s
128/1186 (epoch 0.432) train_loss=269.22366333 time/batch=4.78s
129/1186 (epoch 0.435) train_loss=614.00421143 time/batch=10.23s
130/1186 (epoch 0.438) train_loss=368.97860718 time/batch=6.40s
131/1186 (epoch 0.442) train_loss=230.63986206 time/batch=4.18s
132/1186 (epoch 0.445) train_loss=314.94262695 time/batch=5.51s
133/1186 (epoch 0.449) train_loss=342.54556274 time/batch=6.07s
134/1186 (epoch 0.452) train_loss=718.63726807 time/batch=12.07s
135/1186 (epoch 0.455) train_loss=696.04974365 time/batch=11.61s
136/1186 (epoch 0.459) train_loss=565.70892334 time/batch=9.49s
137/1186 (epoch 0.462) train_loss=206.23805237 time/batch=3.81s
138/1186 (epoch 0.465) train_loss=531.39184570 time/batch=8.64s
139/1186 (epoch 0.469) train_loss=314.74652100 time/batch=5.52s
140/1186 (epoch 0.472) train_loss=541.86358643 time/batch=9.09s
141/1186 (epoch 0.476) train_loss=374.42401123 time/batch=6.43s
142/1186 (epoch 0.479) train_loss=369.04083252 time/batch=6.31s
143/1186 (epoch 0.482) train_loss=173.71914673 time/batch=3.23s
144/1186 (epoch 0.486) train_loss=524.16601562 time/batch=8.86s
145/1186 (epoch 0.489) train_loss=409.84216309 time/batch=6.87s
146/1186 (epoch 0.492) train_loss=712.94476318 time/batch=11.63s
147/1186 (epoch 0.496) train_loss=318.22500610 time/batch=5.57s
148/1186 (epoch 0.499) train_loss=275.35797119 time/batch=4.81s
149/1186 (epoch 0.503) train_loss=526.26580811 time/batch=8.64s
150/1186 (epoch 0.506) train_loss=513.62902832 time/batch=8.76s
151/1186 (epoch 0.509) train_loss=220.06573486 time/batch=3.92s
152/1186 (epoch 0.513) train_loss=538.16870117 time/batch=8.90s
153/1186 (epoch 0.516) train_loss=345.23928833 time/batch=6.02s
154/1186 (epoch 0.519) train_loss=441.98724365 time/batch=7.37s
155/1186 (epoch 0.523) train_loss=463.63555908 time/batch=7.86s
156/1186 (epoch 0.526) train_loss=297.17544556 time/batch=5.16s
157/1186 (epoch 0.530) train_loss=413.59109497 time/batch=6.80s
158/1186 (epoch 0.533) train_loss=450.67593384 time/batch=7.75s
159/1186 (epoch 0.536) train_loss=352.42822266 time/batch=6.01s
160/1186 (epoch 0.540) train_loss=642.80065918 time/batch=10.39s
161/1186 (epoch 0.543) train_loss=458.83975220 time/batch=7.74s
162/1186 (epoch 0.546) train_loss=329.12713623 time/batch=5.67s
163/1186 (epoch 0.550) train_loss=161.58535767 time/batch=2.99s
164/1186 (epoch 0.553) train_loss=635.09576416 time/batch=10.48s
165/1186 (epoch 0.556) train_loss=303.84249878 time/batch=5.35s
166/1186 (epoch 0.560) train_loss=349.57864380 time/batch=5.93s
167/1186 (epoch 0.563) train_loss=698.28564453 time/batch=11.87s
168/1186 (epoch 0.567) train_loss=180.40225220 time/batch=3.26s
169/1186 (epoch 0.570) train_loss=601.31976318 time/batch=10.22s
170/1186 (epoch 0.573) train_loss=293.81414795 time/batch=5.10s
171/1186 (epoch 0.577) train_loss=240.89482117 time/batch=4.36s
172/1186 (epoch 0.580) train_loss=249.69451904 time/batch=4.55s
173/1186 (epoch 0.583) train_loss=259.36019897 time/batch=4.72s
174/1186 (epoch 0.587) train_loss=161.42030334 time/batch=3.10s
175/1186 (epoch 0.590) train_loss=543.51574707 time/batch=4.69s
176/1186 (epoch 0.594) train_loss=552.75976562 time/batch=4.30s
177/1186 (epoch 0.597) train_loss=580.21081543 time/batch=9.45s
178/1186 (epoch 0.600) train_loss=276.29211426 time/batch=4.72s
179/1186 (epoch 0.604) train_loss=217.84419250 time/batch=3.91s
180/1186 (epoch 0.607) train_loss=228.60284424 time/batch=4.00s
181/1186 (epoch 0.610) train_loss=318.44647217 time/batch=5.51s
182/1186 (epoch 0.614) train_loss=421.08609009 time/batch=7.23s
183/1186 (epoch 0.617) train_loss=695.29803467 time/batch=12.89s
184/1186 (epoch 0.621) train_loss=500.99588013 time/batch=8.28s
185/1186 (epoch 0.624) train_loss=338.86328125 time/batch=5.68s
186/1186 (epoch 0.627) train_loss=524.11462402 time/batch=8.77s
187/1186 (epoch 0.631) train_loss=456.08715820 time/batch=7.68s
188/1186 (epoch 0.634) train_loss=454.85848999 time/batch=7.92s
189/1186 (epoch 0.637) train_loss=302.43066406 time/batch=5.28s
190/1186 (epoch 0.641) train_loss=671.90728760 time/batch=13.05s
191/1186 (epoch 0.644) train_loss=426.89617920 time/batch=7.08s
192/1186 (epoch 0.648) train_loss=226.84036255 time/batch=4.09s
193/1186 (epoch 0.651) train_loss=247.50999451 time/batch=4.41s
194/1186 (epoch 0.654) train_loss=426.61065674 time/batch=6.92s
195/1186 (epoch 0.658) train_loss=325.21981812 time/batch=5.60s
196/1186 (epoch 0.661) train_loss=442.69235229 time/batch=7.66s
197/1186 (epoch 0.664) train_loss=307.22991943 time/batch=5.44s
198/1186 (epoch 0.668) train_loss=365.33932495 time/batch=6.03s
199/1186 (epoch 0.671) train_loss=506.11264038 time/batch=8.36s
200/1186 (epoch 0.675) train_loss=356.16448975 time/batch=5.94s
201/1186 (epoch 0.678) train_loss=533.92846680 time/batch=8.91s
202/1186 (epoch 0.681) train_loss=273.85467529 time/batch=4.81s
203/1186 (epoch 0.685) train_loss=260.69964600 time/batch=4.80s
204/1186 (epoch 0.688) train_loss=569.45428467 time/batch=9.45s
205/1186 (epoch 0.691) train_loss=376.56222534 time/batch=6.40s
206/1186 (epoch 0.695) train_loss=532.16180420 time/batch=9.49s
207/1186 (epoch 0.698) train_loss=497.48587036 time/batch=8.35s
208/1186 (epoch 0.702) train_loss=499.84179688 time/batch=8.42s
209/1186 (epoch 0.705) train_loss=498.70208740 time/batch=8.38s
210/1186 (epoch 0.708) train_loss=331.68142700 time/batch=5.69s
211/1186 (epoch 0.712) train_loss=476.80554199 time/batch=8.04s
212/1186 (epoch 0.715) train_loss=494.40075684 time/batch=8.36s
213/1186 (epoch 0.718) train_loss=441.33822632 time/batch=7.62s
214/1186 (epoch 0.722) train_loss=451.71099854 time/batch=7.57s
215/1186 (epoch 0.725) train_loss=358.07766724 time/batch=6.15s
216/1186 (epoch 0.728) train_loss=464.87615967 time/batch=7.81s
217/1186 (epoch 0.732) train_loss=339.39862061 time/batch=5.82s
218/1186 (epoch 0.735) train_loss=314.22698975 time/batch=5.52s
219/1186 (epoch 0.739) train_loss=525.41546631 time/batch=8.21s
220/1186 (epoch 0.742) train_loss=182.88378906 time/batch=3.31s
221/1186 (epoch 0.745) train_loss=222.97470093 time/batch=4.14s
222/1186 (epoch 0.749) train_loss=154.99588013 time/batch=3.39s
223/1186 (epoch 0.752) train_loss=287.73797607 time/batch=5.07s
224/1186 (epoch 0.755) train_loss=342.96731567 time/batch=5.88s
225/1186 (epoch 0.759) train_loss=183.83897400 time/batch=3.48s
226/1186 (epoch 0.762) train_loss=488.81668091 time/batch=7.98s
227/1186 (epoch 0.766) train_loss=257.65072632 time/batch=4.33s
228/1186 (epoch 0.769) train_loss=339.16970825 time/batch=5.82s
229/1186 (epoch 0.772) train_loss=441.25198364 time/batch=7.39s
230/1186 (epoch 0.776) train_loss=317.62765503 time/batch=5.56s
231/1186 (epoch 0.779) train_loss=346.99404907 time/batch=5.86s
232/1186 (epoch 0.782) train_loss=469.52725220 time/batch=7.77s
233/1186 (epoch 0.786) train_loss=395.84378052 time/batch=6.55s
234/1186 (epoch 0.789) train_loss=429.72613525 time/batch=7.20s
235/1186 (epoch 0.793) train_loss=444.92776489 time/batch=7.27s
236/1186 (epoch 0.796) train_loss=375.01708984 time/batch=6.41s
237/1186 (epoch 0.799) train_loss=345.51281738 time/batch=5.91s
238/1186 (epoch 0.803) train_loss=363.37759399 time/batch=6.17s
239/1186 (epoch 0.806) train_loss=389.73611450 time/batch=6.42s
240/1186 (epoch 0.809) train_loss=361.44534302 time/batch=6.19s
241/1186 (epoch 0.813) train_loss=246.86044312 time/batch=4.44s
242/1186 (epoch 0.816) train_loss=273.50097656 time/batch=4.83s
243/1186 (epoch 0.820) train_loss=374.06802368 time/batch=6.26s
244/1186 (epoch 0.823) train_loss=343.18746948 time/batch=5.74s
245/1186 (epoch 0.826) train_loss=434.95956421 time/batch=7.50s
246/1186 (epoch 0.830) train_loss=396.25753784 time/batch=6.58s
247/1186 (epoch 0.833) train_loss=397.64129639 time/batch=6.63s
248/1186 (epoch 0.836) train_loss=446.81121826 time/batch=7.60s
249/1186 (epoch 0.840) train_loss=359.44601440 time/batch=6.26s
250/1186 (epoch 0.843) train_loss=454.34915161 time/batch=7.38s
251/1186 (epoch 0.847) train_loss=437.30456543 time/batch=7.55s
252/1186 (epoch 0.850) train_loss=363.22119141 time/batch=6.34s
253/1186 (epoch 0.853) train_loss=500.70880127 time/batch=8.37s
254/1186 (epoch 0.857) train_loss=354.43676758 time/batch=6.07s
255/1186 (epoch 0.860) train_loss=347.79156494 time/batch=6.14s
256/1186 (epoch 0.863) train_loss=380.12347412 time/batch=6.46s
257/1186 (epoch 0.867) train_loss=423.87570190 time/batch=7.21s
258/1186 (epoch 0.870) train_loss=432.47592163 time/batch=7.24s
259/1186 (epoch 0.874) train_loss=403.57342529 time/batch=6.69s
260/1186 (epoch 0.877) train_loss=250.75915527 time/batch=4.38s
261/1186 (epoch 0.880) train_loss=389.02758789 time/batch=6.54s
262/1186 (epoch 0.884) train_loss=354.71905518 time/batch=6.12s
263/1186 (epoch 0.887) train_loss=401.30139160 time/batch=6.80s
264/1186 (epoch 0.890) train_loss=328.79821777 time/batch=5.72s
265/1186 (epoch 0.894) train_loss=406.20455933 time/batch=6.84s
266/1186 (epoch 0.897) train_loss=438.73965454 time/batch=7.42s
267/1186 (epoch 0.901) train_loss=337.99011230 time/batch=5.94s
268/1186 (epoch 0.904) train_loss=289.78369141 time/batch=4.86s
269/1186 (epoch 0.907) train_loss=451.44967651 time/batch=7.42s
270/1186 (epoch 0.911) train_loss=447.42678833 time/batch=7.53s
271/1186 (epoch 0.914) train_loss=365.60891724 time/batch=6.14s
272/1186 (epoch 0.917) train_loss=435.02532959 time/batch=7.23s
273/1186 (epoch 0.921) train_loss=470.40750122 time/batch=7.67s
274/1186 (epoch 0.924) train_loss=363.04150391 time/batch=6.33s
275/1186 (epoch 0.927) train_loss=335.75268555 time/batch=5.68s
276/1186 (epoch 0.931) train_loss=349.74420166 time/batch=5.93s
277/1186 (epoch 0.934) train_loss=418.66333008 time/batch=6.80s
278/1186 (epoch 0.938) train_loss=477.14279175 time/batch=7.79s
279/1186 (epoch 0.941) train_loss=455.27108765 time/batch=7.58s
280/1186 (epoch 0.944) train_loss=346.20034790 time/batch=6.39s
281/1186 (epoch 0.948) train_loss=389.91030884 time/batch=6.50s
282/1186 (epoch 0.951) train_loss=286.36877441 time/batch=4.78s
283/1186 (epoch 0.954) train_loss=254.49195862 time/batch=4.46s
284/1186 (epoch 0.958) train_loss=412.65408325 time/batch=7.17s
285/1186 (epoch 0.961) train_loss=462.30661011 time/batch=7.61s
286/1186 (epoch 0.965) train_loss=287.61495972 time/batch=4.78s
287/1186 (epoch 0.968) train_loss=295.22326660 time/batch=4.90s
288/1186 (epoch 0.971) train_loss=298.93756104 time/batch=6.40s
289/1186 (epoch 0.975) train_loss=452.28836060 time/batch=7.66s
290/1186 (epoch 0.978) train_loss=484.98016357 time/batch=7.95s
291/1186 (epoch 0.981) train_loss=472.53070068 time/batch=7.79s
292/1186 (epoch 0.985) train_loss=461.31539917 time/batch=7.96s
293/1186 (epoch 0.988) train_loss=409.41946411 time/batch=7.31s
294/1186 (epoch 0.992) train_loss=282.16424561 time/batch=6.42s
295/1186 (epoch 0.995) train_loss=241.27700806 time/batch=4.36s
296/1186 (epoch 0.998) train_loss=255.13076782 time/batch=4.46s
  saved to metadata/configSample--20250113-170612.pkl
297/1186 (epoch 1.002) train_loss=1753.17993164 time/batch=26.27s
298/1186 (epoch 1.005) train_loss=246.85379028 time/batch=4.07s
299/1186 (epoch 1.008) train_loss=1288.98376465 time/batch=20.58s
300/1186 (epoch 1.012) train_loss=463.68313599 time/batch=7.71s
301/1186 (epoch 1.015) train_loss=1153.30383301 time/batch=18.90s
302/1186 (epoch 1.019) train_loss=196.69712830 time/batch=3.41s
303/1186 (epoch 1.022) train_loss=173.06489563 time/batch=3.09s
304/1186 (epoch 1.025) train_loss=1813.56420898 time/batch=33.20s
305/1186 (epoch 1.029) train_loss=2621.84277344 time/batch=54.99s
306/1186 (epoch 1.032) train_loss=703.37945557 time/batch=11.09s
307/1186 (epoch 1.035) train_loss=529.00097656 time/batch=8.32s
308/1186 (epoch 1.039) train_loss=850.85668945 time/batch=13.86s
309/1186 (epoch 1.042) train_loss=319.13937378 time/batch=5.38s
310/1186 (epoch 1.046) train_loss=824.19293213 time/batch=13.84s
311/1186 (epoch 1.049) train_loss=265.92276001 time/batch=4.60s
312/1186 (epoch 1.052) train_loss=174.59889221 time/batch=3.13s
313/1186 (epoch 1.056) train_loss=300.91268921 time/batch=4.98s
314/1186 (epoch 1.059) train_loss=1555.34521484 time/batch=63.74s
315/1186 (epoch 1.062) train_loss=199.80447388 time/batch=3.48s
316/1186 (epoch 1.066) train_loss=480.05752563 time/batch=7.80s
317/1186 (epoch 1.069) train_loss=931.14764404 time/batch=15.19s
318/1186 (epoch 1.073) train_loss=710.46191406 time/batch=11.37s
319/1186 (epoch 1.076) train_loss=451.39135742 time/batch=7.51s
320/1186 (epoch 1.079) train_loss=482.56900024 time/batch=8.01s
321/1186 (epoch 1.083) train_loss=712.30938721 time/batch=11.64s
322/1186 (epoch 1.086) train_loss=189.48382568 time/batch=3.26s
323/1186 (epoch 1.089) train_loss=862.68554688 time/batch=9.90s
324/1186 (epoch 1.093) train_loss=150.06616211 time/batch=2.64s
325/1186 (epoch 1.096) train_loss=461.55258179 time/batch=7.40s
326/1186 (epoch 1.099) train_loss=783.93310547 time/batch=12.56s
327/1186 (epoch 1.103) train_loss=515.00061035 time/batch=8.25s
328/1186 (epoch 1.106) train_loss=724.08551025 time/batch=11.81s
329/1186 (epoch 1.110) train_loss=221.69526672 time/batch=3.85s
330/1186 (epoch 1.113) train_loss=921.62487793 time/batch=15.28s
331/1186 (epoch 1.116) train_loss=1083.94409180 time/batch=17.33s
332/1186 (epoch 1.120) train_loss=758.36907959 time/batch=12.10s
333/1186 (epoch 1.123) train_loss=328.05523682 time/batch=5.58s
334/1186 (epoch 1.126) train_loss=412.33193970 time/batch=6.68s
335/1186 (epoch 1.130) train_loss=777.28704834 time/batch=12.31s
336/1186 (epoch 1.133) train_loss=438.43072510 time/batch=7.30s
337/1186 (epoch 1.137) train_loss=1191.72167969 time/batch=19.04s
338/1186 (epoch 1.140) train_loss=214.07849121 time/batch=3.69s
339/1186 (epoch 1.143) train_loss=651.54333496 time/batch=10.38s
340/1186 (epoch 1.147) train_loss=162.83799744 time/batch=2.83s
341/1186 (epoch 1.150) train_loss=404.65365601 time/batch=6.61s
342/1186 (epoch 1.153) train_loss=336.67196655 time/batch=5.65s
343/1186 (epoch 1.157) train_loss=687.77606201 time/batch=10.98s
344/1186 (epoch 1.160) train_loss=486.56750488 time/batch=7.84s
345/1186 (epoch 1.164) train_loss=980.25805664 time/batch=15.57s
346/1186 (epoch 1.167) train_loss=809.90802002 time/batch=13.04s
347/1186 (epoch 1.170) train_loss=1023.67236328 time/batch=16.45s
348/1186 (epoch 1.174) train_loss=747.93951416 time/batch=12.40s
349/1186 (epoch 1.177) train_loss=260.68399048 time/batch=4.44s
350/1186 (epoch 1.180) train_loss=817.41052246 time/batch=167.13s
351/1186 (epoch 1.184) train_loss=220.41499329 time/batch=3.86s
352/1186 (epoch 1.187) train_loss=540.63665771 time/batch=9.06s
353/1186 (epoch 1.191) train_loss=217.73577881 time/batch=3.89s
354/1186 (epoch 1.194) train_loss=311.50308228 time/batch=5.27s
355/1186 (epoch 1.197) train_loss=448.51461792 time/batch=7.24s
356/1186 (epoch 1.201) train_loss=365.82482910 time/batch=6.07s
357/1186 (epoch 1.204) train_loss=641.64770508 time/batch=10.41s
358/1186 (epoch 1.207) train_loss=273.53009033 time/batch=4.72s
359/1186 (epoch 1.211) train_loss=255.02906799 time/batch=4.48s
360/1186 (epoch 1.214) train_loss=649.37719727 time/batch=9.31s
361/1186 (epoch 1.218) train_loss=494.97799683 time/batch=3.46s
362/1186 (epoch 1.221) train_loss=526.59985352 time/batch=4.94s
363/1186 (epoch 1.224) train_loss=225.29704285 time/batch=3.90s
364/1186 (epoch 1.228) train_loss=612.16290283 time/batch=9.99s
365/1186 (epoch 1.231) train_loss=299.67831421 time/batch=5.19s
366/1186 (epoch 1.234) train_loss=429.55154419 time/batch=7.09s
367/1186 (epoch 1.238) train_loss=362.89846802 time/batch=6.19s
368/1186 (epoch 1.241) train_loss=568.23339844 time/batch=9.13s
369/1186 (epoch 1.245) train_loss=698.06628418 time/batch=11.60s
370/1186 (epoch 1.248) train_loss=376.22674561 time/batch=6.26s
371/1186 (epoch 1.251) train_loss=341.69515991 time/batch=5.76s
372/1186 (epoch 1.255) train_loss=404.47784424 time/batch=6.70s
373/1186 (epoch 1.258) train_loss=554.00805664 time/batch=8.90s
374/1186 (epoch 1.261) train_loss=582.08081055 time/batch=9.51s
375/1186 (epoch 1.265) train_loss=779.65844727 time/batch=12.05s
376/1186 (epoch 1.268) train_loss=476.25909424 time/batch=7.77s
377/1186 (epoch 1.272) train_loss=659.30316162 time/batch=10.59s
378/1186 (epoch 1.275) train_loss=342.40908813 time/batch=5.63s
379/1186 (epoch 1.278) train_loss=671.32897949 time/batch=10.68s
380/1186 (epoch 1.282) train_loss=270.09960938 time/batch=4.67s
381/1186 (epoch 1.285) train_loss=446.88278198 time/batch=7.38s
382/1186 (epoch 1.288) train_loss=423.50347900 time/batch=6.76s
383/1186 (epoch 1.292) train_loss=966.83386230 time/batch=15.79s
384/1186 (epoch 1.295) train_loss=418.33328247 time/batch=6.77s
385/1186 (epoch 1.298) train_loss=571.54412842 time/batch=9.49s
386/1186 (epoch 1.302) train_loss=207.14247131 time/batch=3.61s
387/1186 (epoch 1.305) train_loss=880.73785400 time/batch=14.31s
388/1186 (epoch 1.309) train_loss=553.16162109 time/batch=9.26s
389/1186 (epoch 1.312) train_loss=397.75619507 time/batch=6.51s
390/1186 (epoch 1.315) train_loss=687.82525635 time/batch=11.29s
391/1186 (epoch 1.319) train_loss=523.06982422 time/batch=8.54s
392/1186 (epoch 1.322) train_loss=530.21392822 time/batch=8.69s
393/1186 (epoch 1.325) train_loss=361.10510254 time/batch=6.14s
394/1186 (epoch 1.329) train_loss=292.93716431 time/batch=5.06s
395/1186 (epoch 1.332) train_loss=585.27697754 time/batch=9.36s
396/1186 (epoch 1.336) train_loss=237.57960510 time/batch=4.08s
397/1186 (epoch 1.339) train_loss=566.20520020 time/batch=9.16s
398/1186 (epoch 1.342) train_loss=255.74409485 time/batch=4.36s
399/1186 (epoch 1.346) train_loss=290.62252808 time/batch=4.96s
400/1186 (epoch 1.349) train_loss=758.10333252 time/batch=12.70s
401/1186 (epoch 1.352) train_loss=714.21466064 time/batch=11.61s
402/1186 (epoch 1.356) train_loss=428.13125610 time/batch=7.12s
403/1186 (epoch 1.359) train_loss=608.60052490 time/batch=10.10s
404/1186 (epoch 1.363) train_loss=262.46002197 time/batch=4.52s
405/1186 (epoch 1.366) train_loss=631.01086426 time/batch=10.52s
406/1186 (epoch 1.369) train_loss=572.37133789 time/batch=9.27s
407/1186 (epoch 1.373) train_loss=445.63717651 time/batch=7.54s
408/1186 (epoch 1.376) train_loss=284.06301880 time/batch=4.74s
409/1186 (epoch 1.379) train_loss=292.13385010 time/batch=4.90s
410/1186 (epoch 1.383) train_loss=153.29522705 time/batch=2.87s
411/1186 (epoch 1.386) train_loss=480.96749878 time/batch=8.11s
412/1186 (epoch 1.390) train_loss=357.15734863 time/batch=6.01s
413/1186 (epoch 1.393) train_loss=709.95751953 time/batch=11.01s
414/1186 (epoch 1.396) train_loss=913.63922119 time/batch=15.93s
415/1186 (epoch 1.400) train_loss=604.74584961 time/batch=9.83s
416/1186 (epoch 1.403) train_loss=816.12585449 time/batch=14.36s
417/1186 (epoch 1.406) train_loss=478.26989746 time/batch=8.04s
418/1186 (epoch 1.410) train_loss=605.89569092 time/batch=10.09s
419/1186 (epoch 1.413) train_loss=427.25439453 time/batch=7.30s
420/1186 (epoch 1.417) train_loss=441.40695190 time/batch=7.28s
421/1186 (epoch 1.420) train_loss=244.86190796 time/batch=4.27s
422/1186 (epoch 1.423) train_loss=485.19042969 time/batch=7.97s
423/1186 (epoch 1.427) train_loss=510.75167847 time/batch=8.42s
424/1186 (epoch 1.430) train_loss=368.87988281 time/batch=6.22s
425/1186 (epoch 1.433) train_loss=164.11744690 time/batch=3.01s
426/1186 (epoch 1.437) train_loss=579.93286133 time/batch=9.38s
427/1186 (epoch 1.440) train_loss=580.98974609 time/batch=9.27s
428/1186 (epoch 1.444) train_loss=411.52551270 time/batch=6.88s
429/1186 (epoch 1.447) train_loss=589.18255615 time/batch=9.58s
430/1186 (epoch 1.450) train_loss=463.71643066 time/batch=7.69s
431/1186 (epoch 1.454) train_loss=349.55276489 time/batch=5.94s
432/1186 (epoch 1.457) train_loss=292.44787598 time/batch=5.08s
433/1186 (epoch 1.460) train_loss=328.96951294 time/batch=5.65s
434/1186 (epoch 1.464) train_loss=411.21838379 time/batch=6.85s
435/1186 (epoch 1.467) train_loss=306.21328735 time/batch=5.31s
436/1186 (epoch 1.470) train_loss=359.05822754 time/batch=6.16s
437/1186 (epoch 1.474) train_loss=430.28515625 time/batch=7.25s
438/1186 (epoch 1.477) train_loss=344.01782227 time/batch=5.89s
439/1186 (epoch 1.481) train_loss=440.19827271 time/batch=7.50s
440/1186 (epoch 1.484) train_loss=596.73016357 time/batch=9.74s
441/1186 (epoch 1.487) train_loss=423.65237427 time/batch=6.92s
442/1186 (epoch 1.491) train_loss=226.70500183 time/batch=4.00s
443/1186 (epoch 1.494) train_loss=513.86914062 time/batch=8.40s
444/1186 (epoch 1.497) train_loss=175.03529358 time/batch=3.19s
445/1186 (epoch 1.501) train_loss=271.10842896 time/batch=4.68s
446/1186 (epoch 1.504) train_loss=362.27545166 time/batch=6.06s
447/1186 (epoch 1.508) train_loss=210.40466309 time/batch=3.71s
448/1186 (epoch 1.511) train_loss=548.85327148 time/batch=8.91s
449/1186 (epoch 1.514) train_loss=242.64439392 time/batch=4.13s
450/1186 (epoch 1.518) train_loss=554.06652832 time/batch=8.99s
451/1186 (epoch 1.521) train_loss=223.66128540 time/batch=3.92s
452/1186 (epoch 1.524) train_loss=557.12359619 time/batch=9.02s
453/1186 (epoch 1.528) train_loss=440.08074951 time/batch=7.44s
454/1186 (epoch 1.531) train_loss=356.30380249 time/batch=5.96s
455/1186 (epoch 1.535) train_loss=548.15686035 time/batch=9.45s
456/1186 (epoch 1.538) train_loss=361.67279053 time/batch=6.26s
457/1186 (epoch 1.541) train_loss=662.18560791 time/batch=10.82s
458/1186 (epoch 1.545) train_loss=477.77932739 time/batch=7.98s
459/1186 (epoch 1.548) train_loss=281.54736328 time/batch=4.94s
460/1186 (epoch 1.551) train_loss=233.58016968 time/batch=4.10s
461/1186 (epoch 1.555) train_loss=432.64916992 time/batch=7.34s
462/1186 (epoch 1.558) train_loss=519.68231201 time/batch=8.95s
463/1186 (epoch 1.562) train_loss=612.89501953 time/batch=10.17s
464/1186 (epoch 1.565) train_loss=466.42639160 time/batch=7.60s
465/1186 (epoch 1.568) train_loss=315.91134644 time/batch=5.48s
466/1186 (epoch 1.572) train_loss=678.78875732 time/batch=11.03s
467/1186 (epoch 1.575) train_loss=456.53451538 time/batch=7.70s
468/1186 (epoch 1.578) train_loss=533.37335205 time/batch=8.67s
469/1186 (epoch 1.582) train_loss=291.13345337 time/batch=4.78s
470/1186 (epoch 1.585) train_loss=456.97186279 time/batch=7.75s
471/1186 (epoch 1.589) train_loss=255.16123962 time/batch=4.28s
472/1186 (epoch 1.592) train_loss=427.10989380 time/batch=7.41s
473/1186 (epoch 1.595) train_loss=194.91268921 time/batch=3.40s
474/1186 (epoch 1.599) train_loss=308.11334229 time/batch=5.34s
475/1186 (epoch 1.602) train_loss=494.85159302 time/batch=8.28s
476/1186 (epoch 1.605) train_loss=413.41015625 time/batch=6.88s
477/1186 (epoch 1.609) train_loss=578.36340332 time/batch=9.61s
478/1186 (epoch 1.612) train_loss=592.95172119 time/batch=10.24s
479/1186 (epoch 1.616) train_loss=266.51843262 time/batch=4.55s
480/1186 (epoch 1.619) train_loss=346.19134521 time/batch=5.96s
481/1186 (epoch 1.622) train_loss=398.82626343 time/batch=7.01s
482/1186 (epoch 1.626) train_loss=713.39129639 time/batch=12.74s
483/1186 (epoch 1.629) train_loss=200.37033081 time/batch=3.48s
484/1186 (epoch 1.632) train_loss=196.17967224 time/batch=3.65s
485/1186 (epoch 1.636) train_loss=471.86743164 time/batch=7.87s
486/1186 (epoch 1.639) train_loss=440.29550171 time/batch=7.26s
487/1186 (epoch 1.642) train_loss=427.23315430 time/batch=7.23s
488/1186 (epoch 1.646) train_loss=235.46151733 time/batch=4.19s
489/1186 (epoch 1.649) train_loss=463.99896240 time/batch=7.83s
490/1186 (epoch 1.653) train_loss=310.71218872 time/batch=5.53s
491/1186 (epoch 1.656) train_loss=428.58923340 time/batch=7.54s
492/1186 (epoch 1.659) train_loss=340.41973877 time/batch=5.85s
493/1186 (epoch 1.663) train_loss=462.48239136 time/batch=7.99s
494/1186 (epoch 1.666) train_loss=271.60006714 time/batch=4.82s
495/1186 (epoch 1.669) train_loss=518.73840332 time/batch=8.66s
496/1186 (epoch 1.673) train_loss=314.80960083 time/batch=5.48s
497/1186 (epoch 1.676) train_loss=432.31964111 time/batch=7.54s
498/1186 (epoch 1.680) train_loss=351.58123779 time/batch=5.81s
499/1186 (epoch 1.683) train_loss=437.00396729 time/batch=7.44s
Validating
    loss:	492.840136

500/1186 (epoch 1.686) train_loss=299.93460083 time/batch=154.21s
501/1186 (epoch 1.690) train_loss=503.43127441 time/batch=8.69s
502/1186 (epoch 1.693) train_loss=412.97265625 time/batch=7.00s
503/1186 (epoch 1.696) train_loss=504.33212280 time/batch=8.25s
504/1186 (epoch 1.700) train_loss=308.24682617 time/batch=5.40s
505/1186 (epoch 1.703) train_loss=386.10940552 time/batch=6.63s
506/1186 (epoch 1.707) train_loss=329.56265259 time/batch=5.74s
507/1186 (epoch 1.710) train_loss=185.35600281 time/batch=3.35s
508/1186 (epoch 1.713) train_loss=471.37625122 time/batch=7.85s
509/1186 (epoch 1.717) train_loss=439.12347412 time/batch=7.55s
510/1186 (epoch 1.720) train_loss=392.75119019 time/batch=6.58s
511/1186 (epoch 1.723) train_loss=302.21304321 time/batch=4.94s
512/1186 (epoch 1.727) train_loss=437.72491455 time/batch=7.44s
513/1186 (epoch 1.730) train_loss=395.33737183 time/batch=6.63s
514/1186 (epoch 1.734) train_loss=525.58422852 time/batch=8.81s
515/1186 (epoch 1.737) train_loss=422.67953491 time/batch=7.07s
516/1186 (epoch 1.740) train_loss=598.75805664 time/batch=11.09s
517/1186 (epoch 1.744) train_loss=169.90333557 time/batch=3.18s
518/1186 (epoch 1.747) train_loss=380.42883301 time/batch=6.54s
519/1186 (epoch 1.750) train_loss=483.48718262 time/batch=8.21s
520/1186 (epoch 1.754) train_loss=460.66012573 time/batch=7.84s
521/1186 (epoch 1.757) train_loss=386.66400146 time/batch=6.64s
522/1186 (epoch 1.761) train_loss=161.22297668 time/batch=2.97s
523/1186 (epoch 1.764) train_loss=238.43681335 time/batch=4.34s
524/1186 (epoch 1.767) train_loss=337.29458618 time/batch=5.81s
525/1186 (epoch 1.771) train_loss=455.29833984 time/batch=7.61s
526/1186 (epoch 1.774) train_loss=404.42611694 time/batch=6.73s
527/1186 (epoch 1.777) train_loss=486.47000122 time/batch=8.19s
528/1186 (epoch 1.781) train_loss=505.63662720 time/batch=8.52s
529/1186 (epoch 1.784) train_loss=431.39349365 time/batch=7.15s
530/1186 (epoch 1.788) train_loss=283.90304565 time/batch=4.99s
531/1186 (epoch 1.791) train_loss=322.16744995 time/batch=5.54s
532/1186 (epoch 1.794) train_loss=358.86105347 time/batch=6.11s
533/1186 (epoch 1.798) train_loss=336.49136353 time/batch=5.97s
534/1186 (epoch 1.801) train_loss=250.83236694 time/batch=4.52s
535/1186 (epoch 1.804) train_loss=440.83798218 time/batch=7.63s
536/1186 (epoch 1.808) train_loss=493.26760864 time/batch=8.23s
537/1186 (epoch 1.811) train_loss=267.08209229 time/batch=4.82s
538/1186 (epoch 1.815) train_loss=520.25329590 time/batch=8.72s
539/1186 (epoch 1.818) train_loss=404.10461426 time/batch=6.70s
540/1186 (epoch 1.821) train_loss=625.06292725 time/batch=11.44s
541/1186 (epoch 1.825) train_loss=438.08935547 time/batch=7.71s
542/1186 (epoch 1.828) train_loss=242.96052551 time/batch=4.39s
543/1186 (epoch 1.831) train_loss=303.62536621 time/batch=5.35s
544/1186 (epoch 1.835) train_loss=315.75686646 time/batch=5.63s
545/1186 (epoch 1.838) train_loss=338.04159546 time/batch=5.96s
546/1186 (epoch 1.841) train_loss=265.84570312 time/batch=4.91s
547/1186 (epoch 1.845) train_loss=288.19757080 time/batch=5.16s
548/1186 (epoch 1.848) train_loss=371.78359985 time/batch=6.43s
549/1186 (epoch 1.852) train_loss=346.75033569 time/batch=6.10s
550/1186 (epoch 1.855) train_loss=434.49914551 time/batch=7.81s
551/1186 (epoch 1.858) train_loss=240.39334106 time/batch=4.28s
552/1186 (epoch 1.862) train_loss=350.05734253 time/batch=6.17s
553/1186 (epoch 1.865) train_loss=374.29376221 time/batch=6.52s
554/1186 (epoch 1.868) train_loss=364.01327515 time/batch=6.35s
555/1186 (epoch 1.872) train_loss=281.52566528 time/batch=4.88s
556/1186 (epoch 1.875) train_loss=492.76635742 time/batch=8.28s
557/1186 (epoch 1.879) train_loss=232.79736328 time/batch=4.40s
558/1186 (epoch 1.882) train_loss=459.18212891 time/batch=7.94s
559/1186 (epoch 1.885) train_loss=529.46435547 time/batch=8.87s
560/1186 (epoch 1.889) train_loss=407.89071655 time/batch=7.14s
561/1186 (epoch 1.892) train_loss=371.85037231 time/batch=6.42s
562/1186 (epoch 1.895) train_loss=494.30310059 time/batch=8.50s
563/1186 (epoch 1.899) train_loss=373.95864868 time/batch=6.47s
564/1186 (epoch 1.902) train_loss=347.18182373 time/batch=6.05s
565/1186 (epoch 1.906) train_loss=505.27252197 time/batch=8.60s
566/1186 (epoch 1.909) train_loss=367.07373047 time/batch=6.40s
567/1186 (epoch 1.912) train_loss=335.99505615 time/batch=5.81s
568/1186 (epoch 1.916) train_loss=505.48883057 time/batch=8.67s
569/1186 (epoch 1.919) train_loss=373.39437866 time/batch=6.49s
570/1186 (epoch 1.922) train_loss=356.12838745 time/batch=6.13s
571/1186 (epoch 1.926) train_loss=363.17575073 time/batch=6.30s
572/1186 (epoch 1.929) train_loss=365.43093872 time/batch=6.56s
573/1186 (epoch 1.933) train_loss=314.61264038 time/batch=5.62s
574/1186 (epoch 1.936) train_loss=460.60989380 time/batch=8.31s
575/1186 (epoch 1.939) train_loss=386.32308960 time/batch=6.99s
576/1186 (epoch 1.943) train_loss=413.07601929 time/batch=7.13s
577/1186 (epoch 1.946) train_loss=319.82711792 time/batch=5.73s
578/1186 (epoch 1.949) train_loss=327.54092407 time/batch=5.82s
579/1186 (epoch 1.953) train_loss=334.49221802 time/batch=5.86s
580/1186 (epoch 1.956) train_loss=343.84408569 time/batch=6.31s
581/1186 (epoch 1.960) train_loss=312.92919922 time/batch=5.81s
582/1186 (epoch 1.963) train_loss=405.84173584 time/batch=7.13s
583/1186 (epoch 1.966) train_loss=432.44116211 time/batch=7.62s
584/1186 (epoch 1.970) train_loss=332.83233643 time/batch=5.86s
585/1186 (epoch 1.973) train_loss=333.80288696 time/batch=5.97s
586/1186 (epoch 1.976) train_loss=296.71490479 time/batch=5.33s
587/1186 (epoch 1.980) train_loss=408.82437134 time/batch=7.61s
588/1186 (epoch 1.983) train_loss=288.24816895 time/batch=5.34s
589/1186 (epoch 1.987) train_loss=240.56892395 time/batch=4.42s
590/1186 (epoch 1.990) train_loss=354.24755859 time/batch=6.40s
591/1186 (epoch 1.993) train_loss=340.00750732 time/batch=6.40s
592/1186 (epoch 1.997) train_loss=439.01284790 time/batch=7.91s
  saved to metadata/configSample--20250113-170612.pkl
593/1186 (epoch 2.000) train_loss=2423.55249023 time/batch=49.17s
594/1186 (epoch 2.003) train_loss=1715.25573730 time/batch=29.37s
595/1186 (epoch 2.007) train_loss=203.86796570 time/batch=3.67s
596/1186 (epoch 2.010) train_loss=1836.19091797 time/batch=53.33s
597/1186 (epoch 2.013) train_loss=808.29327393 time/batch=13.58s
598/1186 (epoch 2.017) train_loss=1026.06860352 time/batch=16.05s
599/1186 (epoch 2.020) train_loss=506.94799805 time/batch=8.65s
600/1186 (epoch 2.024) train_loss=323.27453613 time/batch=5.73s
601/1186 (epoch 2.027) train_loss=593.39105225 time/batch=9.90s
602/1186 (epoch 2.030) train_loss=516.36968994 time/batch=8.79s
603/1186 (epoch 2.034) train_loss=1204.48620605 time/batch=20.17s
604/1186 (epoch 2.037) train_loss=674.58026123 time/batch=11.68s
605/1186 (epoch 2.040) train_loss=182.77482605 time/batch=3.26s
606/1186 (epoch 2.044) train_loss=985.26196289 time/batch=16.80s
607/1186 (epoch 2.047) train_loss=576.96160889 time/batch=9.76s
608/1186 (epoch 2.051) train_loss=881.68292236 time/batch=15.31s
609/1186 (epoch 2.054) train_loss=282.53945923 time/batch=4.97s
610/1186 (epoch 2.057) train_loss=980.44586182 time/batch=17.32s
611/1186 (epoch 2.061) train_loss=1109.84143066 time/batch=17.99s
612/1186 (epoch 2.064) train_loss=542.81024170 time/batch=9.39s
613/1186 (epoch 2.067) train_loss=842.98242188 time/batch=14.17s
614/1186 (epoch 2.071) train_loss=626.85968018 time/batch=10.38s
615/1186 (epoch 2.074) train_loss=560.25854492 time/batch=9.46s
616/1186 (epoch 2.078) train_loss=323.30538940 time/batch=5.66s
617/1186 (epoch 2.081) train_loss=354.09252930 time/batch=6.09s
618/1186 (epoch 2.084) train_loss=320.32189941 time/batch=5.60s
619/1186 (epoch 2.088) train_loss=531.09197998 time/batch=9.20s
620/1186 (epoch 2.091) train_loss=310.09860229 time/batch=5.65s
621/1186 (epoch 2.094) train_loss=1702.34985352 time/batch=65.08s
622/1186 (epoch 2.098) train_loss=776.07049561 time/batch=12.84s
623/1186 (epoch 2.101) train_loss=482.43255615 time/batch=8.20s
624/1186 (epoch 2.105) train_loss=554.19512939 time/batch=9.31s
625/1186 (epoch 2.108) train_loss=654.80932617 time/batch=10.68s
626/1186 (epoch 2.111) train_loss=680.90100098 time/batch=11.50s
627/1186 (epoch 2.115) train_loss=297.12774658 time/batch=5.34s
628/1186 (epoch 2.118) train_loss=880.64099121 time/batch=15.39s
629/1186 (epoch 2.121) train_loss=283.47589111 time/batch=5.02s
630/1186 (epoch 2.125) train_loss=395.99691772 time/batch=6.75s
631/1186 (epoch 2.128) train_loss=338.77841187 time/batch=6.11s
632/1186 (epoch 2.132) train_loss=614.47790527 time/batch=10.29s
633/1186 (epoch 2.135) train_loss=707.34124756 time/batch=11.80s
634/1186 (epoch 2.138) train_loss=205.84623718 time/batch=3.80s
635/1186 (epoch 2.142) train_loss=661.74011230 time/batch=11.01s
636/1186 (epoch 2.145) train_loss=392.38336182 time/batch=6.71s
637/1186 (epoch 2.148) train_loss=456.84036255 time/batch=7.89s
638/1186 (epoch 2.152) train_loss=577.38745117 time/batch=9.80s
639/1186 (epoch 2.155) train_loss=826.79370117 time/batch=14.35s
640/1186 (epoch 2.159) train_loss=1125.18066406 time/batch=19.06s
641/1186 (epoch 2.162) train_loss=664.25775146 time/batch=11.20s
642/1186 (epoch 2.165) train_loss=193.29106140 time/batch=3.45s
643/1186 (epoch 2.169) train_loss=798.44927979 time/batch=14.45s
644/1186 (epoch 2.172) train_loss=481.02737427 time/batch=8.16s
645/1186 (epoch 2.175) train_loss=662.81591797 time/batch=11.54s
646/1186 (epoch 2.179) train_loss=150.33432007 time/batch=2.80s
647/1186 (epoch 2.182) train_loss=1050.37561035 time/batch=20.66s
648/1186 (epoch 2.185) train_loss=619.09802246 time/batch=10.44s
649/1186 (epoch 2.189) train_loss=138.97187805 time/batch=2.85s
650/1186 (epoch 2.192) train_loss=599.16754150 time/batch=10.36s
651/1186 (epoch 2.196) train_loss=260.03466797 time/batch=4.82s
652/1186 (epoch 2.199) train_loss=392.98834229 time/batch=7.04s
653/1186 (epoch 2.202) train_loss=854.23797607 time/batch=14.71s
654/1186 (epoch 2.206) train_loss=361.58624268 time/batch=6.37s
655/1186 (epoch 2.209) train_loss=820.38781738 time/batch=14.52s
656/1186 (epoch 2.212) train_loss=309.31988525 time/batch=5.50s
657/1186 (epoch 2.216) train_loss=670.22790527 time/batch=11.71s
658/1186 (epoch 2.219) train_loss=166.06283569 time/batch=3.10s
659/1186 (epoch 2.223) train_loss=319.05389404 time/batch=5.84s
660/1186 (epoch 2.226) train_loss=417.52532959 time/batch=7.51s
661/1186 (epoch 2.229) train_loss=737.73596191 time/batch=12.54s
662/1186 (epoch 2.233) train_loss=344.10510254 time/batch=5.96s
663/1186 (epoch 2.236) train_loss=190.56414795 time/batch=3.56s
664/1186 (epoch 2.239) train_loss=160.30834961 time/batch=3.18s
665/1186 (epoch 2.243) train_loss=741.45849609 time/batch=12.99s
666/1186 (epoch 2.246) train_loss=576.20593262 time/batch=9.97s
667/1186 (epoch 2.250) train_loss=332.72271729 time/batch=5.98s
668/1186 (epoch 2.253) train_loss=319.90615845 time/batch=5.85s
669/1186 (epoch 2.256) train_loss=639.79083252 time/batch=10.77s
670/1186 (epoch 2.260) train_loss=462.70388794 time/batch=7.93s
671/1186 (epoch 2.263) train_loss=241.49609375 time/batch=4.46s
672/1186 (epoch 2.266) train_loss=513.81152344 time/batch=8.73s
673/1186 (epoch 2.270) train_loss=480.96362305 time/batch=8.48s
674/1186 (epoch 2.273) train_loss=535.77069092 time/batch=9.11s
675/1186 (epoch 2.277) train_loss=554.14758301 time/batch=9.50s
676/1186 (epoch 2.280) train_loss=441.38906860 time/batch=7.68s
677/1186 (epoch 2.283) train_loss=211.39834595 time/batch=3.85s
678/1186 (epoch 2.287) train_loss=254.15722656 time/batch=4.63s
679/1186 (epoch 2.290) train_loss=239.41343689 time/batch=4.49s
680/1186 (epoch 2.293) train_loss=621.56555176 time/batch=10.84s
681/1186 (epoch 2.297) train_loss=240.37576294 time/batch=4.44s
682/1186 (epoch 2.300) train_loss=408.25524902 time/batch=6.99s
683/1186 (epoch 2.304) train_loss=438.09674072 time/batch=7.67s
684/1186 (epoch 2.307) train_loss=522.00024414 time/batch=8.65s
685/1186 (epoch 2.310) train_loss=559.07159424 time/batch=9.58s
686/1186 (epoch 2.314) train_loss=480.76333618 time/batch=8.14s
687/1186 (epoch 2.317) train_loss=456.65301514 time/batch=7.83s
688/1186 (epoch 2.320) train_loss=557.17730713 time/batch=9.46s
689/1186 (epoch 2.324) train_loss=706.07556152 time/batch=11.81s
690/1186 (epoch 2.327) train_loss=448.07046509 time/batch=7.58s
691/1186 (epoch 2.331) train_loss=228.24525452 time/batch=4.01s
692/1186 (epoch 2.334) train_loss=257.20544434 time/batch=4.60s
693/1186 (epoch 2.337) train_loss=316.58380127 time/batch=5.68s
694/1186 (epoch 2.341) train_loss=710.21405029 time/batch=12.18s
695/1186 (epoch 2.344) train_loss=538.34722900 time/batch=9.29s
696/1186 (epoch 2.347) train_loss=689.75036621 time/batch=12.07s
697/1186 (epoch 2.351) train_loss=272.11679077 time/batch=4.87s
698/1186 (epoch 2.354) train_loss=384.38540649 time/batch=6.76s
699/1186 (epoch 2.358) train_loss=506.87368774 time/batch=8.84s
700/1186 (epoch 2.361) train_loss=233.92794800 time/batch=4.25s
701/1186 (epoch 2.364) train_loss=189.48701477 time/batch=3.54s
702/1186 (epoch 2.368) train_loss=354.57165527 time/batch=6.23s
703/1186 (epoch 2.371) train_loss=663.72845459 time/batch=12.09s
704/1186 (epoch 2.374) train_loss=523.28686523 time/batch=9.03s
705/1186 (epoch 2.378) train_loss=607.66253662 time/batch=10.48s
706/1186 (epoch 2.381) train_loss=240.09059143 time/batch=4.37s
707/1186 (epoch 2.384) train_loss=320.70568848 time/batch=5.83s
708/1186 (epoch 2.388) train_loss=172.22753906 time/batch=3.31s
709/1186 (epoch 2.391) train_loss=224.22038269 time/batch=3.98s
710/1186 (epoch 2.395) train_loss=407.46652222 time/batch=7.12s
711/1186 (epoch 2.398) train_loss=263.49880981 time/batch=4.90s
712/1186 (epoch 2.401) train_loss=388.02142334 time/batch=6.85s
713/1186 (epoch 2.405) train_loss=586.20886230 time/batch=10.03s
714/1186 (epoch 2.408) train_loss=286.31549072 time/batch=5.13s
715/1186 (epoch 2.411) train_loss=492.08728027 time/batch=8.54s
716/1186 (epoch 2.415) train_loss=292.16967773 time/batch=5.25s
717/1186 (epoch 2.418) train_loss=730.01489258 time/batch=13.01s
718/1186 (epoch 2.422) train_loss=349.40036011 time/batch=5.99s
719/1186 (epoch 2.425) train_loss=595.77014160 time/batch=10.13s
720/1186 (epoch 2.428) train_loss=339.32308960 time/batch=5.82s
721/1186 (epoch 2.432) train_loss=765.00115967 time/batch=12.31s
722/1186 (epoch 2.435) train_loss=699.63262939 time/batch=11.17s
723/1186 (epoch 2.438) train_loss=289.56021118 time/batch=5.14s
724/1186 (epoch 2.442) train_loss=207.64041138 time/batch=1.76s
725/1186 (epoch 2.445) train_loss=212.70571899 time/batch=1.81s
726/1186 (epoch 2.449) train_loss=505.25186157 time/batch=3.82s
727/1186 (epoch 2.452) train_loss=428.09765625 time/batch=3.36s
728/1186 (epoch 2.455) train_loss=237.77380371 time/batch=1.93s
729/1186 (epoch 2.459) train_loss=467.31484985 time/batch=3.47s
730/1186 (epoch 2.462) train_loss=676.73553467 time/batch=5.52s
731/1186 (epoch 2.465) train_loss=490.81118774 time/batch=3.74s
732/1186 (epoch 2.469) train_loss=272.14736938 time/batch=2.19s
733/1186 (epoch 2.472) train_loss=293.18569946 time/batch=2.37s
734/1186 (epoch 2.476) train_loss=255.95741272 time/batch=2.09s
735/1186 (epoch 2.479) train_loss=661.06945801 time/batch=5.03s
736/1186 (epoch 2.482) train_loss=160.07569885 time/batch=1.40s
737/1186 (epoch 2.486) train_loss=575.13165283 time/batch=4.41s
738/1186 (epoch 2.489) train_loss=242.50486755 time/batch=2.07s
739/1186 (epoch 2.492) train_loss=475.92596436 time/batch=3.81s
740/1186 (epoch 2.496) train_loss=430.04327393 time/batch=3.29s
741/1186 (epoch 2.499) train_loss=264.11273193 time/batch=2.19s
742/1186 (epoch 2.503) train_loss=201.49264526 time/batch=1.68s
743/1186 (epoch 2.506) train_loss=249.34373474 time/batch=2.11s
744/1186 (epoch 2.509) train_loss=451.80841064 time/batch=3.59s
745/1186 (epoch 2.513) train_loss=393.13626099 time/batch=3.02s
746/1186 (epoch 2.516) train_loss=363.41744995 time/batch=2.84s
747/1186 (epoch 2.519) train_loss=275.45526123 time/batch=2.27s
748/1186 (epoch 2.523) train_loss=201.46710205 time/batch=1.79s
749/1186 (epoch 2.526) train_loss=463.86749268 time/batch=3.65s
750/1186 (epoch 2.530) train_loss=258.48052979 time/batch=2.18s
751/1186 (epoch 2.533) train_loss=497.45455933 time/batch=3.87s
752/1186 (epoch 2.536) train_loss=435.24130249 time/batch=3.26s
753/1186 (epoch 2.540) train_loss=316.86550903 time/batch=2.45s
754/1186 (epoch 2.543) train_loss=227.94665527 time/batch=1.90s
755/1186 (epoch 2.546) train_loss=452.35824585 time/batch=3.52s
756/1186 (epoch 2.550) train_loss=254.79261780 time/batch=2.05s
757/1186 (epoch 2.553) train_loss=223.19532776 time/batch=1.84s
758/1186 (epoch 2.556) train_loss=420.93850708 time/batch=3.31s
759/1186 (epoch 2.560) train_loss=260.69384766 time/batch=2.14s
760/1186 (epoch 2.563) train_loss=290.65814209 time/batch=2.35s
761/1186 (epoch 2.567) train_loss=448.59518433 time/batch=3.53s
762/1186 (epoch 2.570) train_loss=247.97668457 time/batch=1.99s
763/1186 (epoch 2.573) train_loss=530.16271973 time/batch=4.07s
764/1186 (epoch 2.577) train_loss=500.60946655 time/batch=3.80s
765/1186 (epoch 2.580) train_loss=330.26455688 time/batch=2.64s
766/1186 (epoch 2.583) train_loss=179.65942383 time/batch=1.56s
767/1186 (epoch 2.587) train_loss=278.02227783 time/batch=2.32s
768/1186 (epoch 2.590) train_loss=559.58660889 time/batch=4.57s
769/1186 (epoch 2.594) train_loss=434.00463867 time/batch=3.48s
770/1186 (epoch 2.597) train_loss=490.49642944 time/batch=3.69s
771/1186 (epoch 2.600) train_loss=367.27160645 time/batch=2.88s
772/1186 (epoch 2.604) train_loss=392.24639893 time/batch=3.06s
773/1186 (epoch 2.607) train_loss=499.25915527 time/batch=3.82s
774/1186 (epoch 2.610) train_loss=468.42062378 time/batch=3.64s
775/1186 (epoch 2.614) train_loss=315.88354492 time/batch=2.55s
776/1186 (epoch 2.617) train_loss=223.44511414 time/batch=1.89s
777/1186 (epoch 2.621) train_loss=234.39772034 time/batch=1.96s
778/1186 (epoch 2.624) train_loss=422.93295288 time/batch=3.36s
779/1186 (epoch 2.627) train_loss=456.71627808 time/batch=3.64s
780/1186 (epoch 2.631) train_loss=519.80328369 time/batch=4.06s
781/1186 (epoch 2.634) train_loss=386.52407837 time/batch=3.03s
782/1186 (epoch 2.637) train_loss=333.79855347 time/batch=2.73s
783/1186 (epoch 2.641) train_loss=341.08477783 time/batch=2.72s
784/1186 (epoch 2.644) train_loss=402.01651001 time/batch=3.21s
785/1186 (epoch 2.648) train_loss=300.83859253 time/batch=2.45s
786/1186 (epoch 2.651) train_loss=397.89953613 time/batch=3.16s
787/1186 (epoch 2.654) train_loss=470.22949219 time/batch=3.66s
788/1186 (epoch 2.658) train_loss=408.04571533 time/batch=3.29s
789/1186 (epoch 2.661) train_loss=413.30490112 time/batch=3.38s
790/1186 (epoch 2.664) train_loss=212.13366699 time/batch=1.89s
791/1186 (epoch 2.668) train_loss=343.42080688 time/batch=2.72s
792/1186 (epoch 2.671) train_loss=422.21075439 time/batch=3.24s
793/1186 (epoch 2.675) train_loss=328.59408569 time/batch=2.66s
794/1186 (epoch 2.678) train_loss=187.23683167 time/batch=1.68s
795/1186 (epoch 2.681) train_loss=508.56585693 time/batch=3.93s
796/1186 (epoch 2.685) train_loss=315.21731567 time/batch=2.55s
797/1186 (epoch 2.688) train_loss=355.69650269 time/batch=2.82s
798/1186 (epoch 2.691) train_loss=480.28628540 time/batch=3.62s
799/1186 (epoch 2.695) train_loss=175.14738464 time/batch=1.67s
800/1186 (epoch 2.698) train_loss=414.15133667 time/batch=3.24s
801/1186 (epoch 2.702) train_loss=164.08889771 time/batch=1.44s
802/1186 (epoch 2.705) train_loss=285.86978149 time/batch=2.36s
803/1186 (epoch 2.708) train_loss=539.10937500 time/batch=4.14s
804/1186 (epoch 2.712) train_loss=271.05541992 time/batch=2.24s
805/1186 (epoch 2.715) train_loss=363.91616821 time/batch=2.87s
806/1186 (epoch 2.718) train_loss=461.67166138 time/batch=3.59s
807/1186 (epoch 2.722) train_loss=480.86175537 time/batch=3.72s
808/1186 (epoch 2.725) train_loss=305.82846069 time/batch=2.57s
809/1186 (epoch 2.728) train_loss=296.41897583 time/batch=2.43s
810/1186 (epoch 2.732) train_loss=331.61822510 time/batch=2.70s
811/1186 (epoch 2.735) train_loss=361.52252197 time/batch=2.89s
812/1186 (epoch 2.739) train_loss=428.60427856 time/batch=3.43s
813/1186 (epoch 2.742) train_loss=445.54751587 time/batch=3.62s
814/1186 (epoch 2.745) train_loss=432.44189453 time/batch=3.46s
815/1186 (epoch 2.749) train_loss=405.30349731 time/batch=3.17s
816/1186 (epoch 2.752) train_loss=227.49172974 time/batch=1.86s
817/1186 (epoch 2.755) train_loss=356.28613281 time/batch=2.82s
818/1186 (epoch 2.759) train_loss=367.56967163 time/batch=2.89s
819/1186 (epoch 2.762) train_loss=346.32992554 time/batch=2.81s
820/1186 (epoch 2.766) train_loss=469.52783203 time/batch=3.75s
821/1186 (epoch 2.769) train_loss=614.02636719 time/batch=5.03s
822/1186 (epoch 2.772) train_loss=156.95584106 time/batch=1.33s
823/1186 (epoch 2.776) train_loss=517.77435303 time/batch=4.00s
824/1186 (epoch 2.779) train_loss=438.53860474 time/batch=3.46s
825/1186 (epoch 2.782) train_loss=373.19204712 time/batch=2.93s
826/1186 (epoch 2.786) train_loss=411.10458374 time/batch=3.29s
827/1186 (epoch 2.789) train_loss=397.68017578 time/batch=3.10s
828/1186 (epoch 2.793) train_loss=283.00582886 time/batch=2.41s
829/1186 (epoch 2.796) train_loss=380.50933838 time/batch=3.02s
830/1186 (epoch 2.799) train_loss=299.13153076 time/batch=2.54s
831/1186 (epoch 2.803) train_loss=330.88549805 time/batch=2.71s
832/1186 (epoch 2.806) train_loss=349.70391846 time/batch=2.88s
833/1186 (epoch 2.809) train_loss=388.71148682 time/batch=3.10s
834/1186 (epoch 2.813) train_loss=336.81945801 time/batch=2.74s
835/1186 (epoch 2.816) train_loss=514.11151123 time/batch=4.02s
836/1186 (epoch 2.820) train_loss=283.80673218 time/batch=2.25s
837/1186 (epoch 2.823) train_loss=431.32696533 time/batch=3.40s
838/1186 (epoch 2.826) train_loss=298.94442749 time/batch=2.44s
839/1186 (epoch 2.830) train_loss=412.76962280 time/batch=3.35s
840/1186 (epoch 2.833) train_loss=292.53247070 time/batch=2.43s
841/1186 (epoch 2.836) train_loss=419.71197510 time/batch=3.39s
842/1186 (epoch 2.840) train_loss=506.77575684 time/batch=4.03s
843/1186 (epoch 2.843) train_loss=153.62771606 time/batch=1.42s
844/1186 (epoch 2.847) train_loss=237.07566833 time/batch=2.12s
845/1186 (epoch 2.850) train_loss=390.92114258 time/batch=3.23s
846/1186 (epoch 2.853) train_loss=364.09024048 time/batch=3.03s
847/1186 (epoch 2.857) train_loss=346.14376831 time/batch=2.94s
848/1186 (epoch 2.860) train_loss=431.37686157 time/batch=3.56s
849/1186 (epoch 2.863) train_loss=357.73794556 time/batch=2.99s
850/1186 (epoch 2.867) train_loss=429.43789673 time/batch=3.46s
851/1186 (epoch 2.870) train_loss=521.90899658 time/batch=4.15s
852/1186 (epoch 2.874) train_loss=265.07006836 time/batch=2.44s
853/1186 (epoch 2.877) train_loss=443.36956787 time/batch=3.81s
854/1186 (epoch 2.880) train_loss=495.27700806 time/batch=4.51s
855/1186 (epoch 2.884) train_loss=295.09323120 time/batch=2.51s
856/1186 (epoch 2.887) train_loss=415.76800537 time/batch=3.35s
857/1186 (epoch 2.890) train_loss=409.78875732 time/batch=3.39s
858/1186 (epoch 2.894) train_loss=470.76541138 time/batch=3.90s
859/1186 (epoch 2.897) train_loss=390.64453125 time/batch=3.18s
860/1186 (epoch 2.901) train_loss=314.28143311 time/batch=2.69s
861/1186 (epoch 2.904) train_loss=295.75317383 time/batch=2.78s
862/1186 (epoch 2.907) train_loss=237.01719666 time/batch=2.63s
863/1186 (epoch 2.911) train_loss=368.44955444 time/batch=3.08s
864/1186 (epoch 2.914) train_loss=484.39416504 time/batch=4.10s
865/1186 (epoch 2.917) train_loss=324.70190430 time/batch=2.69s
866/1186 (epoch 2.921) train_loss=478.00967407 time/batch=3.97s
867/1186 (epoch 2.924) train_loss=443.54959106 time/batch=4.15s
868/1186 (epoch 2.927) train_loss=398.66613770 time/batch=3.57s
869/1186 (epoch 2.931) train_loss=312.49078369 time/batch=2.89s
870/1186 (epoch 2.934) train_loss=327.70651245 time/batch=2.96s
871/1186 (epoch 2.938) train_loss=406.52606201 time/batch=3.48s
872/1186 (epoch 2.941) train_loss=378.57064819 time/batch=3.26s
873/1186 (epoch 2.944) train_loss=323.81744385 time/batch=2.89s
874/1186 (epoch 2.948) train_loss=415.11602783 time/batch=3.69s
875/1186 (epoch 2.951) train_loss=339.64868164 time/batch=2.89s
876/1186 (epoch 2.954) train_loss=423.78439331 time/batch=3.69s
877/1186 (epoch 2.958) train_loss=414.31838989 time/batch=3.86s
878/1186 (epoch 2.961) train_loss=404.47583008 time/batch=3.40s
879/1186 (epoch 2.965) train_loss=398.54010010 time/batch=3.74s
880/1186 (epoch 2.968) train_loss=337.16397095 time/batch=3.04s
881/1186 (epoch 2.971) train_loss=373.33822632 time/batch=3.30s
882/1186 (epoch 2.975) train_loss=334.67077637 time/batch=2.97s
883/1186 (epoch 2.978) train_loss=400.88549805 time/batch=3.54s
884/1186 (epoch 2.981) train_loss=405.02645874 time/batch=3.64s
885/1186 (epoch 2.985) train_loss=343.19567871 time/batch=3.03s
886/1186 (epoch 2.988) train_loss=322.68435669 time/batch=2.78s
887/1186 (epoch 2.992) train_loss=332.50778198 time/batch=3.13s
888/1186 (epoch 2.995) train_loss=395.58108521 time/batch=3.30s
  saved to metadata/configSample--20250113-170612.pkl
889/1186 (epoch 2.998) train_loss=2236.30249023 time/batch=20.20s
890/1186 (epoch 3.002) train_loss=408.16278076 time/batch=3.70s
891/1186 (epoch 3.005) train_loss=1310.59936523 time/batch=11.19s
892/1186 (epoch 3.008) train_loss=671.06884766 time/batch=5.85s
893/1186 (epoch 3.012) train_loss=196.24501038 time/batch=1.82s
894/1186 (epoch 3.015) train_loss=2281.03369141 time/batch=31.24s
895/1186 (epoch 3.019) train_loss=779.40356445 time/batch=6.40s
896/1186 (epoch 3.022) train_loss=654.43963623 time/batch=5.51s
897/1186 (epoch 3.025) train_loss=298.92840576 time/batch=2.50s
898/1186 (epoch 3.029) train_loss=589.76922607 time/batch=4.91s
899/1186 (epoch 3.032) train_loss=236.68385315 time/batch=2.06s
900/1186 (epoch 3.035) train_loss=707.70166016 time/batch=6.05s
901/1186 (epoch 3.039) train_loss=633.55676270 time/batch=5.49s
902/1186 (epoch 3.042) train_loss=647.68646240 time/batch=5.47s
903/1186 (epoch 3.046) train_loss=958.15966797 time/batch=7.90s
904/1186 (epoch 3.049) train_loss=317.73809814 time/batch=2.86s
905/1186 (epoch 3.052) train_loss=309.20956421 time/batch=2.88s
906/1186 (epoch 3.056) train_loss=341.10632324 time/batch=3.03s
907/1186 (epoch 3.059) train_loss=152.48348999 time/batch=1.51s
908/1186 (epoch 3.062) train_loss=1069.45544434 time/batch=9.05s
909/1186 (epoch 3.066) train_loss=165.86131287 time/batch=1.48s
910/1186 (epoch 3.069) train_loss=367.23281860 time/batch=3.19s
911/1186 (epoch 3.073) train_loss=304.09207153 time/batch=2.78s
912/1186 (epoch 3.076) train_loss=129.96124268 time/batch=1.33s
913/1186 (epoch 3.079) train_loss=510.58010864 time/batch=4.44s
914/1186 (epoch 3.083) train_loss=894.12213135 time/batch=7.68s
915/1186 (epoch 3.086) train_loss=838.19873047 time/batch=7.34s
916/1186 (epoch 3.089) train_loss=222.22933960 time/batch=2.09s
917/1186 (epoch 3.093) train_loss=467.34780884 time/batch=4.07s
918/1186 (epoch 3.096) train_loss=425.54138184 time/batch=3.80s
919/1186 (epoch 3.099) train_loss=396.31494141 time/batch=3.59s
920/1186 (epoch 3.103) train_loss=765.72186279 time/batch=6.75s
921/1186 (epoch 3.106) train_loss=566.47735596 time/batch=4.61s
922/1186 (epoch 3.110) train_loss=1265.50842285 time/batch=10.07s
923/1186 (epoch 3.113) train_loss=1059.72155762 time/batch=8.33s
924/1186 (epoch 3.116) train_loss=524.25500488 time/batch=4.52s
925/1186 (epoch 3.120) train_loss=470.18408203 time/batch=4.17s
926/1186 (epoch 3.123) train_loss=822.13934326 time/batch=6.76s
927/1186 (epoch 3.126) train_loss=678.10815430 time/batch=5.73s
928/1186 (epoch 3.130) train_loss=499.23437500 time/batch=4.30s
929/1186 (epoch 3.133) train_loss=773.89862061 time/batch=6.70s
930/1186 (epoch 3.137) train_loss=458.30697632 time/batch=3.97s
931/1186 (epoch 3.140) train_loss=625.63024902 time/batch=5.34s
932/1186 (epoch 3.143) train_loss=271.62677002 time/batch=2.48s
933/1186 (epoch 3.147) train_loss=428.51571655 time/batch=3.96s
934/1186 (epoch 3.150) train_loss=391.88717651 time/batch=3.51s
935/1186 (epoch 3.153) train_loss=487.19363403 time/batch=4.29s
936/1186 (epoch 3.157) train_loss=553.70092773 time/batch=4.76s
937/1186 (epoch 3.160) train_loss=172.50148010 time/batch=1.55s
938/1186 (epoch 3.164) train_loss=627.35845947 time/batch=5.27s
939/1186 (epoch 3.167) train_loss=496.45147705 time/batch=4.30s
940/1186 (epoch 3.170) train_loss=447.81262207 time/batch=3.95s
941/1186 (epoch 3.174) train_loss=648.06048584 time/batch=5.71s
942/1186 (epoch 3.177) train_loss=236.48408508 time/batch=2.12s
943/1186 (epoch 3.180) train_loss=505.05728149 time/batch=4.52s
944/1186 (epoch 3.184) train_loss=298.25436401 time/batch=2.80s
945/1186 (epoch 3.187) train_loss=618.23980713 time/batch=5.53s
946/1186 (epoch 3.191) train_loss=271.86685181 time/batch=2.49s
947/1186 (epoch 3.194) train_loss=602.27825928 time/batch=5.30s
948/1186 (epoch 3.197) train_loss=1114.06726074 time/batch=9.35s
949/1186 (epoch 3.201) train_loss=805.70947266 time/batch=5.43s
950/1186 (epoch 3.204) train_loss=596.92071533 time/batch=4.97s
951/1186 (epoch 3.207) train_loss=855.84332275 time/batch=7.49s
952/1186 (epoch 3.211) train_loss=829.99304199 time/batch=7.97s
953/1186 (epoch 3.214) train_loss=285.62463379 time/batch=2.59s
954/1186 (epoch 3.218) train_loss=482.38897705 time/batch=4.23s
955/1186 (epoch 3.221) train_loss=545.32965088 time/batch=4.65s
956/1186 (epoch 3.224) train_loss=470.80197144 time/batch=3.91s
957/1186 (epoch 3.228) train_loss=433.63818359 time/batch=3.89s
958/1186 (epoch 3.231) train_loss=206.76672363 time/batch=1.92s
959/1186 (epoch 3.234) train_loss=221.56518555 time/batch=2.13s
960/1186 (epoch 3.238) train_loss=690.60437012 time/batch=6.08s
961/1186 (epoch 3.241) train_loss=394.51724243 time/batch=3.48s
962/1186 (epoch 3.245) train_loss=376.37551880 time/batch=3.34s
963/1186 (epoch 3.248) train_loss=229.10067749 time/batch=2.19s
964/1186 (epoch 3.251) train_loss=1389.10681152 time/batch=12.31s
965/1186 (epoch 3.255) train_loss=214.26907349 time/batch=1.96s
966/1186 (epoch 3.258) train_loss=473.03955078 time/batch=4.27s
967/1186 (epoch 3.261) train_loss=500.96530151 time/batch=4.26s
968/1186 (epoch 3.265) train_loss=536.49627686 time/batch=4.28s
969/1186 (epoch 3.268) train_loss=292.90740967 time/batch=2.54s
970/1186 (epoch 3.272) train_loss=503.19210815 time/batch=4.40s
971/1186 (epoch 3.275) train_loss=663.47503662 time/batch=5.70s
972/1186 (epoch 3.278) train_loss=198.48300171 time/batch=1.85s
973/1186 (epoch 3.282) train_loss=221.70193481 time/batch=2.01s
974/1186 (epoch 3.285) train_loss=293.47589111 time/batch=2.67s
975/1186 (epoch 3.288) train_loss=338.05465698 time/batch=2.92s
976/1186 (epoch 3.292) train_loss=232.33573914 time/batch=2.22s
977/1186 (epoch 3.295) train_loss=151.98205566 time/batch=1.51s
978/1186 (epoch 3.298) train_loss=815.24639893 time/batch=8.00s
979/1186 (epoch 3.302) train_loss=435.45834351 time/batch=3.53s
980/1186 (epoch 3.305) train_loss=392.56350708 time/batch=3.32s
981/1186 (epoch 3.309) train_loss=562.92407227 time/batch=4.79s
982/1186 (epoch 3.312) train_loss=213.08447266 time/batch=2.00s
983/1186 (epoch 3.315) train_loss=463.84606934 time/batch=4.06s
984/1186 (epoch 3.319) train_loss=783.41986084 time/batch=7.97s
985/1186 (epoch 3.322) train_loss=172.15344238 time/batch=1.70s
986/1186 (epoch 3.325) train_loss=523.58087158 time/batch=4.48s
987/1186 (epoch 3.329) train_loss=373.81390381 time/batch=3.30s
988/1186 (epoch 3.332) train_loss=384.02734375 time/batch=12122.40s
989/1186 (epoch 3.336) train_loss=443.61630249 time/batch=3.83s
990/1186 (epoch 3.339) train_loss=566.79675293 time/batch=4.49s
991/1186 (epoch 3.342) train_loss=367.11291504 time/batch=2.87s
992/1186 (epoch 3.346) train_loss=244.51533508 time/batch=2.08s
993/1186 (epoch 3.349) train_loss=721.10839844 time/batch=5.73s
994/1186 (epoch 3.352) train_loss=366.95904541 time/batch=3.01s
995/1186 (epoch 3.356) train_loss=718.97180176 time/batch=6.20s
996/1186 (epoch 3.359) train_loss=516.70629883 time/batch=4.05s
997/1186 (epoch 3.363) train_loss=722.20190430 time/batch=6.01s
998/1186 (epoch 3.366) train_loss=492.45462036 time/batch=4.02s
999/1186 (epoch 3.369) train_loss=425.14672852 time/batch=3.79s
Validating
    loss:	447.014602

1000/1186 (epoch 3.373) train_loss=224.67167664 time/batch=68.36s
1001/1186 (epoch 3.376) train_loss=482.80993652 time/batch=4.25s
1002/1186 (epoch 3.379) train_loss=613.79272461 time/batch=5.02s
1003/1186 (epoch 3.383) train_loss=243.79211426 time/batch=2.20s
1004/1186 (epoch 3.386) train_loss=234.00697327 time/batch=3.64s
1005/1186 (epoch 3.390) train_loss=590.61029053 time/batch=10.42s
1006/1186 (epoch 3.393) train_loss=351.78277588 time/batch=6.62s
1007/1186 (epoch 3.396) train_loss=515.34448242 time/batch=9.56s
1008/1186 (epoch 3.400) train_loss=222.54309082 time/batch=4.36s
1009/1186 (epoch 3.403) train_loss=403.29483032 time/batch=7.66s
1010/1186 (epoch 3.406) train_loss=309.83657837 time/batch=5.78s
1011/1186 (epoch 3.410) train_loss=390.09936523 time/batch=7.30s
1012/1186 (epoch 3.413) train_loss=433.00906372 time/batch=7.88s
1013/1186 (epoch 3.417) train_loss=336.02294922 time/batch=5.92s
1014/1186 (epoch 3.420) train_loss=307.20870972 time/batch=5.66s
1015/1186 (epoch 3.423) train_loss=314.71435547 time/batch=6.07s
1016/1186 (epoch 3.427) train_loss=183.48799133 time/batch=3.64s
1017/1186 (epoch 3.430) train_loss=224.49472046 time/batch=4.46s
1018/1186 (epoch 3.433) train_loss=358.05966187 time/batch=6.71s
1019/1186 (epoch 3.437) train_loss=261.22253418 time/batch=4.89s
1020/1186 (epoch 3.440) train_loss=613.69085693 time/batch=10.97s
1021/1186 (epoch 3.444) train_loss=399.83944702 time/batch=7.11s
1022/1186 (epoch 3.447) train_loss=602.26531982 time/batch=10.49s
1023/1186 (epoch 3.450) train_loss=371.19198608 time/batch=6.66s
1024/1186 (epoch 3.454) train_loss=453.18191528 time/batch=8.54s
1025/1186 (epoch 3.457) train_loss=619.96990967 time/batch=11.54s
1026/1186 (epoch 3.460) train_loss=551.51922607 time/batch=9.82s
1027/1186 (epoch 3.464) train_loss=372.83737183 time/batch=6.92s
1028/1186 (epoch 3.467) train_loss=427.56491089 time/batch=8.15s
1029/1186 (epoch 3.470) train_loss=628.25939941 time/batch=13.14s
1030/1186 (epoch 3.474) train_loss=190.07867432 time/batch=3.78s
1031/1186 (epoch 3.477) train_loss=463.44406128 time/batch=8.79s
1032/1186 (epoch 3.481) train_loss=322.55459595 time/batch=6.16s
1033/1186 (epoch 3.484) train_loss=261.84860229 time/batch=4.92s
1034/1186 (epoch 3.487) train_loss=383.13446045 time/batch=7.06s
1035/1186 (epoch 3.491) train_loss=585.55236816 time/batch=10.48s
1036/1186 (epoch 3.494) train_loss=503.60458374 time/batch=8.92s
1037/1186 (epoch 3.497) train_loss=510.42227173 time/batch=9.17s
1038/1186 (epoch 3.501) train_loss=466.39089966 time/batch=8.43s
1039/1186 (epoch 3.504) train_loss=608.81085205 time/batch=11.60s
1040/1186 (epoch 3.508) train_loss=266.94323730 time/batch=5.30s
1041/1186 (epoch 3.511) train_loss=255.72222900 time/batch=4.96s
1042/1186 (epoch 3.514) train_loss=199.95201111 time/batch=4.05s
1043/1186 (epoch 3.518) train_loss=299.88943481 time/batch=5.93s
1044/1186 (epoch 3.521) train_loss=435.95187378 time/batch=8.20s
1045/1186 (epoch 3.524) train_loss=371.14465332 time/batch=6.96s
1046/1186 (epoch 3.528) train_loss=170.65553284 time/batch=3.44s
1047/1186 (epoch 3.531) train_loss=315.56127930 time/batch=6.06s
1048/1186 (epoch 3.535) train_loss=408.17733765 time/batch=7.85s
1049/1186 (epoch 3.538) train_loss=348.29913330 time/batch=6.58s
1050/1186 (epoch 3.541) train_loss=542.04858398 time/batch=10.12s
1051/1186 (epoch 3.545) train_loss=530.76171875 time/batch=9.10s
1052/1186 (epoch 3.548) train_loss=285.70764160 time/batch=5.32s
1053/1186 (epoch 3.551) train_loss=427.17117310 time/batch=8.08s
1054/1186 (epoch 3.555) train_loss=164.78684998 time/batch=3.35s
1055/1186 (epoch 3.558) train_loss=354.52023315 time/batch=6.85s
1056/1186 (epoch 3.562) train_loss=414.15643311 time/batch=7.95s
1057/1186 (epoch 3.565) train_loss=350.48513794 time/batch=6.63s
1058/1186 (epoch 3.568) train_loss=344.99938965 time/batch=6.50s
1059/1186 (epoch 3.572) train_loss=191.14129639 time/batch=3.82s
1060/1186 (epoch 3.575) train_loss=537.09674072 time/batch=10.42s
1061/1186 (epoch 3.578) train_loss=514.93444824 time/batch=10.41s
1062/1186 (epoch 3.582) train_loss=403.17761230 time/batch=7.53s
1063/1186 (epoch 3.585) train_loss=254.49707031 time/batch=4.65s
1064/1186 (epoch 3.589) train_loss=403.34317017 time/batch=7.74s
1065/1186 (epoch 3.592) train_loss=157.69754028 time/batch=3.23s
1066/1186 (epoch 3.595) train_loss=418.44488525 time/batch=8.13s
1067/1186 (epoch 3.599) train_loss=382.04946899 time/batch=7.49s
1068/1186 (epoch 3.602) train_loss=462.75155640 time/batch=8.93s
1069/1186 (epoch 3.605) train_loss=333.25469971 time/batch=6.39s
1070/1186 (epoch 3.609) train_loss=438.07351685 time/batch=8.31s
1071/1186 (epoch 3.612) train_loss=381.81921387 time/batch=7.34s
1072/1186 (epoch 3.616) train_loss=344.92221069 time/batch=6.30s
1073/1186 (epoch 3.619) train_loss=337.83209229 time/batch=6.54s
1074/1186 (epoch 3.622) train_loss=387.62463379 time/batch=7.55s
1075/1186 (epoch 3.626) train_loss=540.19525146 time/batch=11.59s
1076/1186 (epoch 3.629) train_loss=138.30807495 time/batch=2.81s
1077/1186 (epoch 3.632) train_loss=421.16921997 time/batch=7.94s
1078/1186 (epoch 3.636) train_loss=380.62063599 time/batch=7.49s
1079/1186 (epoch 3.639) train_loss=291.62542725 time/batch=5.72s
1080/1186 (epoch 3.642) train_loss=285.77169800 time/batch=5.62s
1081/1186 (epoch 3.646) train_loss=235.29228210 time/batch=4.76s
1082/1186 (epoch 3.649) train_loss=494.35775757 time/batch=9.56s
1083/1186 (epoch 3.653) train_loss=374.04763794 time/batch=7.51s
1084/1186 (epoch 3.656) train_loss=184.51437378 time/batch=3.87s
1085/1186 (epoch 3.659) train_loss=271.40814209 time/batch=5.48s
1086/1186 (epoch 3.663) train_loss=296.36730957 time/batch=5.80s
1087/1186 (epoch 3.666) train_loss=272.69726562 time/batch=5.49s
1088/1186 (epoch 3.669) train_loss=436.12005615 time/batch=8.31s
1089/1186 (epoch 3.673) train_loss=369.75540161 time/batch=7.00s
1090/1186 (epoch 3.676) train_loss=284.47747803 time/batch=5.41s
1091/1186 (epoch 3.680) train_loss=413.69720459 time/batch=7.81s
1092/1186 (epoch 3.683) train_loss=301.75164795 time/batch=5.79s
1093/1186 (epoch 3.686) train_loss=308.81219482 time/batch=6.11s
1094/1186 (epoch 3.690) train_loss=255.80445862 time/batch=5.07s
1095/1186 (epoch 3.693) train_loss=142.16125488 time/batch=2.89s
1096/1186 (epoch 3.696) train_loss=303.35559082 time/batch=6.10s
1097/1186 (epoch 3.700) train_loss=372.54144287 time/batch=7.45s
1098/1186 (epoch 3.703) train_loss=422.26821899 time/batch=8.12s
1099/1186 (epoch 3.707) train_loss=331.98175049 time/batch=6.32s
1100/1186 (epoch 3.710) train_loss=156.44126892 time/batch=3.25s
1101/1186 (epoch 3.713) train_loss=289.27383423 time/batch=5.78s
1102/1186 (epoch 3.717) train_loss=228.42274475 time/batch=4.58s
1103/1186 (epoch 3.720) train_loss=349.15521240 time/batch=6.71s
1104/1186 (epoch 3.723) train_loss=380.26351929 time/batch=7.48s
1105/1186 (epoch 3.727) train_loss=351.50283813 time/batch=6.92s
1106/1186 (epoch 3.730) train_loss=384.49069214 time/batch=7.60s
1107/1186 (epoch 3.734) train_loss=209.67707825 time/batch=4.38s
1108/1186 (epoch 3.737) train_loss=271.87466431 time/batch=5.46s
1109/1186 (epoch 3.740) train_loss=142.29823303 time/batch=3.27s
1110/1186 (epoch 3.744) train_loss=324.64709473 time/batch=6.34s
1111/1186 (epoch 3.747) train_loss=439.16894531 time/batch=8.43s
1112/1186 (epoch 3.750) train_loss=409.04183960 time/batch=7.11s
1113/1186 (epoch 3.754) train_loss=218.02171326 time/batch=4.14s
1114/1186 (epoch 3.757) train_loss=390.57278442 time/batch=5.86s
1115/1186 (epoch 3.761) train_loss=217.51925659 time/batch=4.45s
1116/1186 (epoch 3.764) train_loss=250.82875061 time/batch=4.99s
1117/1186 (epoch 3.767) train_loss=387.64669800 time/batch=7.81s
1118/1186 (epoch 3.771) train_loss=443.57064819 time/batch=8.48s
1119/1186 (epoch 3.774) train_loss=276.86618042 time/batch=5.72s
1120/1186 (epoch 3.777) train_loss=174.23997498 time/batch=3.68s
1121/1186 (epoch 3.781) train_loss=324.87042236 time/batch=6.41s
1122/1186 (epoch 3.784) train_loss=379.13363647 time/batch=7.64s
1123/1186 (epoch 3.788) train_loss=271.08502197 time/batch=5.48s
1124/1186 (epoch 3.791) train_loss=316.95043945 time/batch=6.25s
1125/1186 (epoch 3.794) train_loss=252.87942505 time/batch=5.30s
1126/1186 (epoch 3.798) train_loss=372.87084961 time/batch=7.42s
1127/1186 (epoch 3.801) train_loss=302.46151733 time/batch=6.04s
1128/1186 (epoch 3.804) train_loss=474.89901733 time/batch=9.30s
1129/1186 (epoch 3.808) train_loss=299.61209106 time/batch=6.03s
1130/1186 (epoch 3.811) train_loss=364.71423340 time/batch=6.88s
1131/1186 (epoch 3.815) train_loss=310.79217529 time/batch=6.11s
1132/1186 (epoch 3.818) train_loss=403.86361694 time/batch=7.73s
1133/1186 (epoch 3.821) train_loss=451.80166626 time/batch=8.59s
1134/1186 (epoch 3.825) train_loss=371.67193604 time/batch=6.89s
1135/1186 (epoch 3.828) train_loss=374.70788574 time/batch=7.42s
1136/1186 (epoch 3.831) train_loss=378.80316162 time/batch=7.59s
1137/1186 (epoch 3.835) train_loss=295.69653320 time/batch=6.13s
1138/1186 (epoch 3.838) train_loss=376.46875000 time/batch=7.72s
1139/1186 (epoch 3.841) train_loss=395.95690918 time/batch=7.86s
1140/1186 (epoch 3.845) train_loss=205.53367615 time/batch=4.06s
1141/1186 (epoch 3.848) train_loss=224.60479736 time/batch=4.75s
1142/1186 (epoch 3.852) train_loss=286.86227417 time/batch=5.71s
1143/1186 (epoch 3.855) train_loss=419.03060913 time/batch=8.51s
1144/1186 (epoch 3.858) train_loss=174.17736816 time/batch=3.48s
1145/1186 (epoch 3.862) train_loss=314.41125488 time/batch=6.44s
1146/1186 (epoch 3.865) train_loss=282.09414673 time/batch=5.74s
1147/1186 (epoch 3.868) train_loss=416.31842041 time/batch=8.14s
1148/1186 (epoch 3.872) train_loss=388.36709595 time/batch=7.61s
1149/1186 (epoch 3.875) train_loss=383.87445068 time/batch=7.69s
1150/1186 (epoch 3.879) train_loss=380.55563354 time/batch=7.23s
1151/1186 (epoch 3.882) train_loss=352.10592651 time/batch=6.78s
1152/1186 (epoch 3.885) train_loss=163.86027527 time/batch=3.50s
1153/1186 (epoch 3.889) train_loss=320.56060791 time/batch=6.63s
1154/1186 (epoch 3.892) train_loss=298.78732300 time/batch=6.10s
1155/1186 (epoch 3.895) train_loss=242.26564026 time/batch=4.88s
1156/1186 (epoch 3.899) train_loss=202.26181030 time/batch=4.53s
1157/1186 (epoch 3.902) train_loss=321.21087646 time/batch=6.80s
1158/1186 (epoch 3.906) train_loss=426.99822998 time/batch=8.92s
1159/1186 (epoch 3.909) train_loss=346.12265015 time/batch=7.02s
1160/1186 (epoch 3.912) train_loss=262.51611328 time/batch=5.46s
1161/1186 (epoch 3.916) train_loss=338.28189087 time/batch=7.03s
1162/1186 (epoch 3.919) train_loss=357.24377441 time/batch=7.15s
1163/1186 (epoch 3.922) train_loss=313.83795166 time/batch=6.24s
1164/1186 (epoch 3.926) train_loss=272.74450684 time/batch=5.56s
1165/1186 (epoch 3.929) train_loss=266.03771973 time/batch=5.74s
1166/1186 (epoch 3.933) train_loss=371.75161743 time/batch=7.71s
1167/1186 (epoch 3.936) train_loss=363.49618530 time/batch=7.68s
1168/1186 (epoch 3.939) train_loss=241.97642517 time/batch=5.32s
1169/1186 (epoch 3.943) train_loss=245.46772766 time/batch=5.35s
1170/1186 (epoch 3.946) train_loss=300.48703003 time/batch=5.96s
1171/1186 (epoch 3.949) train_loss=224.88760376 time/batch=4.81s
1172/1186 (epoch 3.953) train_loss=182.88465881 time/batch=4.60s
1173/1186 (epoch 3.956) train_loss=364.30749512 time/batch=7.33s
1174/1186 (epoch 3.960) train_loss=297.40081787 time/batch=6.00s
1175/1186 (epoch 3.963) train_loss=268.64743042 time/batch=5.84s
1176/1186 (epoch 3.966) train_loss=278.85852051 time/batch=5.91s
1177/1186 (epoch 3.970) train_loss=265.25912476 time/batch=5.84s
1178/1186 (epoch 3.973) train_loss=229.69177246 time/batch=4.78s
1179/1186 (epoch 3.976) train_loss=237.30146790 time/batch=5.89s
1180/1186 (epoch 3.980) train_loss=257.02346802 time/batch=5.92s
1181/1186 (epoch 3.983) train_loss=368.01239014 time/batch=7.18s
1182/1186 (epoch 3.987) train_loss=305.45706177 time/batch=5.97s
1183/1186 (epoch 3.990) train_loss=301.72882080 time/batch=5.97s
1184/1186 (epoch 3.993) train_loss=336.66906738 time/batch=7.22s
  saved to metadata/configSample--20250113-170612.pkl
